# JRE version: OpenJDK Runtime Environment (8.0_282-b08) (build 1.8.0_282-b08)
# Java VM: OpenJDK 64-Bit Server VM (25.282-b08 mixed mode linux-amd64 compressed oops)
Heap:
 def new generation   total 12480K, used 1994K [0x00000000f0a00000, 0x00000000f1780000, 0x00000000f5c00000)
  eden space 11136K,   6% used [0x00000000f0a00000, 0x00000000f0aa7a28, 0x00000000f14e0000)
  from space 1344K,  98% used [0x00000000f1630000, 0x00000000f177afc0, 0x00000000f1780000)
  to   space 1344K,   0% used [0x00000000f14e0000, 0x00000000f14e0000, 0x00000000f1630000)
 tenured generation   total 27496K, used 25948K [0x00000000f5c00000, 0x00000000f76da000, 0x0000000100000000)
   the space 27496K,  94% used [0x00000000f5c00000, 0x00000000f7557270, 0x00000000f7557400, 0x00000000f76da000)
 Metaspace       used 39851K, capacity 41404K, committed 41472K, reserved 1085440K
  class space    used 5294K, capacity 5596K, committed 5632K, reserved 1048576K
GC Heap History (250 events):
Event: 3.657 GC heap before
{Heap before GC invocations=29 (full 0):
 def new generation   total 4928K, used 4833K [0x00000000f0a00000, 0x00000000f0f50000, 0x00000000f5c00000)
  eden space 4416K, 100% used [0x00000000f0a00000, 0x00000000f0e50000, 0x00000000f0e50000)
  from space 512K,  81% used [0x00000000f0ed0000, 0x00000000f0f385e0, 0x00000000f0f50000)
  to   space 512K,   0% used [0x00000000f0e50000, 0x00000000f0e50000, 0x00000000f0ed0000)
 tenured generation   total 10944K, used 6015K [0x00000000f5c00000, 0x00000000f66b0000, 0x0000000100000000)
   the space 10944K,  54% used [0x00000000f5c00000, 0x00000000f61dff38, 0x00000000f61e0000, 0x00000000f66b0000)
 Metaspace       used 19161K, capacity 19632K, committed 19840K, reserved 1067008K
  class space    used 2480K, capacity 2622K, committed 2688K, reserved 1048576K
Event: 3.659 GC heap after
Heap after GC invocations=30 (full 0):
 def new generation   total 4928K, used 354K [0x00000000f0a00000, 0x00000000f0f50000, 0x00000000f5c00000)
  eden space 4416K,   0% used [0x00000000f0a00000, 0x00000000f0a00000, 0x00000000f0e50000)
  from space 512K,  69% used [0x00000000f0e50000, 0x00000000f0ea8ac8, 0x00000000f0ed0000)
  to   space 512K,   0% used [0x00000000f0ed0000, 0x00000000f0ed0000, 0x00000000f0f50000)
 tenured generation   total 10944K, used 6114K [0x00000000f5c00000, 0x00000000f66b0000, 0x0000000100000000)
   the space 10944K,  55% used [0x00000000f5c00000, 0x00000000f61f8be8, 0x00000000f61f8c00, 0x00000000f66b0000)
 Metaspace       used 19161K, capacity 19632K, committed 19840K, reserved 1067008K
  class space    used 2480K, capacity 2622K, committed 2688K, reserved 1048576K
}
Event: 3.712 GC heap before
{Heap before GC invocations=30 (full 0):
 def new generation   total 4928K, used 4770K [0x00000000f0a00000, 0x00000000f0f50000, 0x00000000f5c00000)
  eden space 4416K, 100% used [0x00000000f0a00000, 0x00000000f0e50000, 0x00000000f0e50000)
  from space 512K,  69% used [0x00000000f0e50000, 0x00000000f0ea8ac8, 0x00000000f0ed0000)
  to   space 512K,   0% used [0x00000000f0ed0000, 0x00000000f0ed0000, 0x00000000f0f50000)
 tenured generation   total 10944K, used 6114K [0x00000000f5c00000, 0x00000000f66b0000, 0x0000000100000000)
   the space 10944K,  55% used [0x00000000f5c00000, 0x00000000f61f8be8, 0x00000000f61f8c00, 0x00000000f66b0000)
 Metaspace       used 19459K, capacity 19922K, committed 20096K, reserved 1067008K
  class space    used 2523K, capacity 2655K, committed 2688K, reserved 1048576K
Event: 3.714 GC heap after
Heap after GC invocations=31 (full 0):
 def new generation   total 4928K, used 393K [0x00000000f0a00000, 0x00000000f0f50000, 0x00000000f5c00000)
  eden space 4416K,   0% used [0x00000000f0a00000, 0x00000000f0a00000, 0x00000000f0e50000)
  from space 512K,  76% used [0x00000000f0ed0000, 0x00000000f0f325d8, 0x00000000f0f50000)
  to   space 512K,   0% used [0x00000000f0e50000, 0x00000000f0e50000, 0x00000000f0ed0000)
 tenured generation   total 10944K, used 6187K [0x00000000f5c00000, 0x00000000f66b0000, 0x0000000100000000)
   the space 10944K,  56% used [0x00000000f5c00000, 0x00000000f620acc8, 0x00000000f620ae00, 0x00000000f66b0000)
 Metaspace       used 19459K, capacity 19922K, committed 20096K, reserved 1067008K
  class space    used 2523K, capacity 2655K, committed 2688K, reserved 1048576K
}
Event: 3.767 GC heap before
{Heap before GC invocations=31 (full 0):
 def new generation   total 4928K, used 4809K [0x00000000f0a00000, 0x00000000f0f50000, 0x00000000f5c00000)
  eden space 4416K, 100% used [0x00000000f0a00000, 0x00000000f0e50000, 0x00000000f0e50000)
  from space 512K,  76% used [0x00000000f0ed0000, 0x00000000f0f325d8, 0x00000000f0f50000)
  to   space 512K,   0% used [0x00000000f0e50000, 0x00000000f0e50000, 0x00000000f0ed0000)
 tenured generation   total 10944K, used 6187K [0x00000000f5c00000, 0x00000000f66b0000, 0x0000000100000000)
   the space 10944K,  56% used [0x00000000f5c00000, 0x00000000f620acc8, 0x00000000f620ae00, 0x00000000f66b0000)
 Metaspace       used 19788K, capacity 20328K, committed 20480K, reserved 1067008K
  class space    used 2567K, capacity 2724K, committed 2816K, reserved 1048576K
Event: 3.769 GC heap after
Heap after GC invocations=32 (full 0):
 def new generation   total 4928K, used 352K [0x00000000f0a00000, 0x00000000f0f50000, 0x00000000f5c00000)
  eden space 4416K,   0% used [0x00000000f0a00000, 0x00000000f0a00000, 0x00000000f0e50000)
  from space 512K,  68% used [0x00000000f0e50000, 0x00000000f0ea8090, 0x00000000f0ed0000)
  to   space 512K,   0% used [0x00000000f0ed0000, 0x00000000f0ed0000, 0x00000000f0f50000)
 tenured generation   total 10944K, used 6308K [0x00000000f5c00000, 0x00000000f66b0000, 0x0000000100000000)
   the space 10944K,  57% used [0x00000000f5c00000, 0x00000000f6229178, 0x00000000f6229200, 0x00000000f66b0000)
 Metaspace       used 19788K, capacity 20328K, committed 20480K, reserved 1067008K
  class space    used 2567K, capacity 2724K, committed 2816K, reserved 1048576K
}
Event: 3.826 GC heap before
{Heap before GC invocations=32 (full 0):
 def new generation   total 4928K, used 4768K [0x00000000f0a00000, 0x00000000f0f50000, 0x00000000f5c00000)
  eden space 4416K, 100% used [0x00000000f0a00000, 0x00000000f0e50000, 0x00000000f0e50000)
  from space 512K,  68% used [0x00000000f0e50000, 0x00000000f0ea8090, 0x00000000f0ed0000)
  to   space 512K,   0% used [0x00000000f0ed0000, 0x00000000f0ed0000, 0x00000000f0f50000)
 tenured generation   total 10944K, used 6308K [0x00000000f5c00000, 0x00000000f66b0000, 0x0000000100000000)
   the space 10944K,  57% used [0x00000000f5c00000, 0x00000000f6229178, 0x00000000f6229200, 0x00000000f66b0000)
 Metaspace       used 20163K, capacity 20758K, committed 20992K, reserved 1067008K
  class space    used 2623K, capacity 2797K, committed 2816K, reserved 1048576K
Event: 3.828 GC heap after
Heap after GC invocations=33 (full 0):
 def new generation   total 4928K, used 431K [0x00000000f0a00000, 0x00000000f0f50000, 0x00000000f5c00000)
  eden space 4416K,   0% used [0x00000000f0a00000, 0x00000000f0a00000, 0x00000000f0e50000)
  from space 512K,  84% used [0x00000000f0ed0000, 0x00000000f0f3be98, 0x00000000f0f50000)
  to   space 512K,   0% used [0x00000000f0e50000, 0x00000000f0e50000, 0x00000000f0ed0000)
 tenured generation   total 10944K, used 6377K [0x00000000f5c00000, 0x00000000f66b0000, 0x0000000100000000)
   the space 10944K,  58% used [0x00000000f5c00000, 0x00000000f623a678, 0x00000000f623a800, 0x00000000f66b0000)
 Metaspace       used 20163K, capacity 20758K, committed 20992K, reserved 1067008K
  class space    used 2623K, capacity 2797K, committed 2816K, reserved 1048576K
}
Event: 3.875 GC heap before
{Heap before GC invocations=33 (full 0):
 def new generation   total 4928K, used 4847K [0x00000000f0a00000, 0x00000000f0f50000, 0x00000000f5c00000)
  eden space 4416K, 100% used [0x00000000f0a00000, 0x00000000f0e50000, 0x00000000f0e50000)
  from space 512K,  84% used [0x00000000f0ed0000, 0x00000000f0f3be98, 0x00000000f0f50000)
  to   space 512K,   0% used [0x00000000f0e50000, 0x00000000f0e50000, 0x00000000f0ed0000)
 tenured generation   total 10944K, used 6377K [0x00000000f5c00000, 0x00000000f66b0000, 0x0000000100000000)
   the space 10944K,  58% used [0x00000000f5c00000, 0x00000000f623a678, 0x00000000f623a800, 0x00000000f66b0000)
 Metaspace       used 20602K, capacity 21132K, committed 21296K, reserved 1067008K
  class space    used 2671K, capacity 2836K, committed 2944K, reserved 1048576K
Event: 3.877 GC heap after
Heap after GC invocations=34 (full 0):
 def new generation   total 4928K, used 380K [0x00000000f0a00000, 0x00000000f0f50000, 0x00000000f5c00000)
  eden space 4416K,   0% used [0x00000000f0a00000, 0x00000000f0a00000, 0x00000000f0e50000)
  from space 512K,  74% used [0x00000000f0e50000, 0x00000000f0eaf3f0, 0x00000000f0ed0000)
  to   space 512K,   0% used [0x00000000f0ed0000, 0x00000000f0ed0000, 0x00000000f0f50000)
 tenured generation   total 10944K, used 6465K [0x00000000f5c00000, 0x00000000f66b0000, 0x0000000100000000)
   the space 10944K,  59% used [0x00000000f5c00000, 0x00000000f6250650, 0x00000000f6250800, 0x00000000f66b0000)
 Metaspace       used 20602K, capacity 21132K, committed 21296K, reserved 1067008K
  class space    used 2671K, capacity 2836K, committed 2944K, reserved 1048576K
}
Event: 3.881 GC heap before
{Heap before GC invocations=34 (full 0):
 def new generation   total 4928K, used 524K [0x00000000f0a00000, 0x00000000f0f50000, 0x00000000f5c00000)
  eden space 4416K,   3% used [0x00000000f0a00000, 0x00000000f0a23e08, 0x00000000f0e50000)
  from space 512K,  74% used [0x00000000f0e50000, 0x00000000f0eaf3f0, 0x00000000f0ed0000)
  to   space 512K,   0% used [0x00000000f0ed0000, 0x00000000f0ed0000, 0x00000000f0f50000)
 tenured generation   total 10944K, used 6465K [0x00000000f5c00000, 0x00000000f66b0000, 0x0000000100000000)
   the space 10944K,  59% used [0x00000000f5c00000, 0x00000000f6250650, 0x00000000f6250800, 0x00000000f66b0000)
 Metaspace       used 20611K, capacity 21136K, committed 21296K, reserved 1067008K
  class space    used 2673K, capacity 2838K, committed 2944K, reserved 1048576K
Event: 3.902 GC heap after
Heap after GC invocations=35 (full 1):
 def new generation   total 4992K, used 0K [0x00000000f0a00000, 0x00000000f0f60000, 0x00000000f5c00000)
  eden space 4480K,   0% used [0x00000000f0a00000, 0x00000000f0a00000, 0x00000000f0e60000)
  from space 512K,   0% used [0x00000000f0e60000, 0x00000000f0e60000, 0x00000000f0ee0000)
  to   space 512K,   0% used [0x00000000f0ee0000, 0x00000000f0ee0000, 0x00000000f0f60000)
 tenured generation   total 10944K, used 6196K [0x00000000f5c00000, 0x00000000f66b0000, 0x0000000100000000)
   the space 10944K,  56% used [0x00000000f5c00000, 0x00000000f620d278, 0x00000000f620d400, 0x00000000f66b0000)
 Metaspace       used 20611K, capacity 21136K, committed 21296K, reserved 1067008K
  class space    used 2673K, capacity 2838K, committed 2944K, reserved 1048576K
}
Event: 3.974 GC heap before
{Heap before GC invocations=35 (full 1):
 def new generation   total 4992K, used 4480K [0x00000000f0a00000, 0x00000000f0f60000, 0x00000000f5c00000)
  eden space 4480K, 100% used [0x00000000f0a00000, 0x00000000f0e60000, 0x00000000f0e60000)
  from space 512K,   0% used [0x00000000f0e60000, 0x00000000f0e60000, 0x00000000f0ee0000)
  to   space 512K,   0% used [0x00000000f0ee0000, 0x00000000f0ee0000, 0x00000000f0f60000)
 tenured generation   total 10944K, used 6196K [0x00000000f5c00000, 0x00000000f66b0000, 0x0000000100000000)
   the space 10944K,  56% used [0x00000000f5c00000, 0x00000000f620d278, 0x00000000f620d400, 0x00000000f66b0000)
 Metaspace       used 21119K, capacity 21674K, committed 21888K, reserved 1069056K
  class space    used 2748K, capacity 2913K, committed 2944K, reserved 1048576K
Event: 3.976 GC heap after
Heap after GC invocations=36 (full 1):
 def new generation   total 4992K, used 406K [0x00000000f0a00000, 0x00000000f0f60000, 0x00000000f5c00000)
  eden space 4480K,   0% used [0x00000000f0a00000, 0x00000000f0a00000, 0x00000000f0e60000)
  from space 512K,  79% used [0x00000000f0ee0000, 0x00000000f0f45aa0, 0x00000000f0f60000)
  to   space 512K,   0% used [0x00000000f0e60000, 0x00000000f0e60000, 0x00000000f0ee0000)
 tenured generation   total 10944K, used 6196K [0x00000000f5c00000, 0x00000000f66b0000, 0x0000000100000000)
   the space 10944K,  56% used [0x00000000f5c00000, 0x00000000f620d278, 0x00000000f620d400, 0x00000000f66b0000)
 Metaspace       used 21119K, capacity 21674K, committed 21888K, reserved 1069056K
  class space    used 2748K, capacity 2913K, committed 2944K, reserved 1048576K
}
Event: 4.031 GC heap before
{Heap before GC invocations=36 (full 1):
 def new generation   total 4992K, used 4886K [0x00000000f0a00000, 0x00000000f0f60000, 0x00000000f5c00000)
  eden space 4480K, 100% used [0x00000000f0a00000, 0x00000000f0e60000, 0x00000000f0e60000)
  from space 512K,  79% used [0x00000000f0ee0000, 0x00000000f0f45aa0, 0x00000000f0f60000)
  to   space 512K,   0% used [0x00000000f0e60000, 0x00000000f0e60000, 0x00000000f0ee0000)
 tenured generation   total 10944K, used 6196K [0x00000000f5c00000, 0x00000000f66b0000, 0x0000000100000000)
   the space 10944K,  56% used [0x00000000f5c00000, 0x00000000f620d278, 0x00000000f620d400, 0x00000000f66b0000)
 Metaspace       used 21660K, capacity 22254K, committed 22528K, reserved 1069056K
  class space    used 2797K, capacity 2979K, committed 3072K, reserved 1048576K
Event: 4.033 GC heap after
Heap after GC invocations=37 (full 1):
 def new generation   total 4992K, used 511K [0x00000000f0a00000, 0x00000000f0f60000, 0x00000000f5c00000)
  eden space 4480K,   0% used [0x00000000f0a00000, 0x00000000f0a00000, 0x00000000f0e60000)
  from space 512K,  99% used [0x00000000f0e60000, 0x00000000f0edfe28, 0x00000000f0ee0000)
  to   space 512K,   0% used [0x00000000f0ee0000, 0x00000000f0ee0000, 0x00000000f0f60000)
 tenured generation   total 10944K, used 6383K [0x00000000f5c00000, 0x00000000f66b0000, 0x0000000100000000)
   the space 10944K,  58% used [0x00000000f5c00000, 0x00000000f623bec8, 0x00000000f623c000, 0x00000000f66b0000)
 Metaspace       used 21660K, capacity 22254K, committed 22528K, reserved 1069056K
  class space    used 2797K, capacity 2979K, committed 3072K, reserved 1048576K
}
Event: 4.091 GC heap before
{Heap before GC invocations=37 (full 1):
 def new generation   total 4992K, used 4991K [0x00000000f0a00000, 0x00000000f0f60000, 0x00000000f5c00000)
  eden space 4480K, 100% used [0x00000000f0a00000, 0x00000000f0e60000, 0x00000000f0e60000)
  from space 512K,  99% used [0x00000000f0e60000, 0x00000000f0edfe28, 0x00000000f0ee0000)
  to   space 512K,   0% used [0x00000000f0ee0000, 0x00000000f0ee0000, 0x00000000f0f60000)
 tenured generation   total 10944K, used 6383K [0x00000000f5c00000, 0x00000000f66b0000, 0x0000000100000000)
   the space 10944K,  58% used [0x00000000f5c00000, 0x00000000f623bec8, 0x00000000f623c000, 0x00000000f66b0000)
 Metaspace       used 22022K, capacity 22624K, committed 22784K, reserved 1069056K
  class space    used 2832K, capacity 3014K, committed 3072K, reserved 1048576K
Event: 4.093 GC heap after
Heap after GC invocations=38 (full 1):
 def new generation   total 4992K, used 499K [0x00000000f0a00000, 0x00000000f0f60000, 0x00000000f5c00000)
  eden space 4480K,   0% used [0x00000000f0a00000, 0x00000000f0a00000, 0x00000000f0e60000)
  from space 512K,  97% used [0x00000000f0ee0000, 0x00000000f0f5ce18, 0x00000000f0f60000)
  to   space 512K,   0% used [0x00000000f0e60000, 0x00000000f0e60000, 0x00000000f0ee0000)
 tenured generation   total 10944K, used 6452K [0x00000000f5c00000, 0x00000000f66b0000, 0x0000000100000000)
   the space 10944K,  58% used [0x00000000f5c00000, 0x00000000f624d078, 0x00000000f624d200, 0x00000000f66b0000)
 Metaspace       used 22022K, capacity 22624K, committed 22784K, reserved 1069056K
  class space    used 2832K, capacity 3014K, committed 3072K, reserved 1048576K
}
Event: 4.141 GC heap before
{Heap before GC invocations=38 (full 1):
 def new generation   total 4992K, used 4979K [0x00000000f0a00000, 0x00000000f0f60000, 0x00000000f5c00000)
  eden space 4480K, 100% used [0x00000000f0a00000, 0x00000000f0e60000, 0x00000000f0e60000)
  from space 512K,  97% used [0x00000000f0ee0000, 0x00000000f0f5ce18, 0x00000000f0f60000)
  to   space 512K,   0% used [0x00000000f0e60000, 0x00000000f0e60000, 0x00000000f0ee0000)
 tenured generation   total 10944K, used 6452K [0x00000000f5c00000, 0x00000000f66b0000, 0x0000000100000000)
   the space 10944K,  58% used [0x00000000f5c00000, 0x00000000f624d078, 0x00000000f624d200, 0x00000000f66b0000)
 Metaspace       used 22246K, capacity 22816K, committed 23040K, reserved 1069056K
  class space    used 2851K, capacity 3014K, committed 3072K, reserved 1048576K
Event: 4.143 GC heap after
Heap after GC invocations=39 (full 1):
 def new generation   total 4992K, used 372K [0x00000000f0a00000, 0x00000000f0f60000, 0x00000000f5c00000)
  eden space 4480K,   0% used [0x00000000f0a00000, 0x00000000f0a00000, 0x00000000f0e60000)
  from space 512K,  72% used [0x00000000f0e60000, 0x00000000f0ebd3a0, 0x00000000f0ee0000)
  to   space 512K,   0% used [0x00000000f0ee0000, 0x00000000f0ee0000, 0x00000000f0f60000)
 tenured generation   total 10944K, used 6572K [0x00000000f5c00000, 0x00000000f66b0000, 0x0000000100000000)
   the space 10944K,  60% used [0x00000000f5c00000, 0x00000000f626b2a0, 0x00000000f626b400, 0x00000000f66b0000)
 Metaspace       used 22246K, capacity 22816K, committed 23040K, reserved 1069056K
  class space    used 2851K, capacity 3014K, committed 3072K, reserved 1048576K
}
Event: 4.167 GC heap before
{Heap before GC invocations=39 (full 1):
 def new generation   total 4992K, used 4852K [0x00000000f0a00000, 0x00000000f0f60000, 0x00000000f5c00000)
  eden space 4480K, 100% used [0x00000000f0a00000, 0x00000000f0e60000, 0x00000000f0e60000)
  from space 512K,  72% used [0x00000000f0e60000, 0x00000000f0ebd3a0, 0x00000000f0ee0000)
  to   space 512K,   0% used [0x00000000f0ee0000, 0x00000000f0ee0000, 0x00000000f0f60000)
 tenured generation   total 10944K, used 6572K [0x00000000f5c00000, 0x00000000f66b0000, 0x0000000100000000)
   the space 10944K,  60% used [0x00000000f5c00000, 0x00000000f626b2a0, 0x00000000f626b400, 0x00000000f66b0000)
 Metaspace       used 22476K, capacity 23104K, committed 23296K, reserved 1069056K
  class space    used 2865K, capacity 3046K, committed 3072K, reserved 1048576K
Event: 4.169 GC heap after
Heap after GC invocations=40 (full 1):
 def new generation   total 4992K, used 399K [0x00000000f0a00000, 0x00000000f0f60000, 0x00000000f5c00000)
  eden space 4480K,   0% used [0x00000000f0a00000, 0x00000000f0a00000, 0x00000000f0e60000)
  from space 512K,  78% used [0x00000000f0ee0000, 0x00000000f0f43ee8, 0x00000000f0f60000)
  to   space 512K,   0% used [0x00000000f0e60000, 0x00000000f0e60000, 0x00000000f0ee0000)
 tenured generation   total 10944K, used 6724K [0x00000000f5c00000, 0x00000000f66b0000, 0x0000000100000000)
   the space 10944K,  61% used [0x00000000f5c00000, 0x00000000f6291238, 0x00000000f6291400, 0x00000000f66b0000)
 Metaspace       used 22476K, capacity 23104K, committed 23296K, reserved 1069056K
  class space    used 2865K, capacity 3046K, committed 3072K, reserved 1048576K
}
Event: 4.182 GC heap before
{Heap before GC invocations=40 (full 1):
 def new generation   total 4992K, used 4879K [0x00000000f0a00000, 0x00000000f0f60000, 0x00000000f5c00000)
  eden space 4480K, 100% used [0x00000000f0a00000, 0x00000000f0e60000, 0x00000000f0e60000)
  from space 512K,  78% used [0x00000000f0ee0000, 0x00000000f0f43ee8, 0x00000000f0f60000)
  to   space 512K,   0% used [0x00000000f0e60000, 0x00000000f0e60000, 0x00000000f0ee0000)
 tenured generation   total 10944K, used 6724K [0x00000000f5c00000, 0x00000000f66b0000, 0x0000000100000000)
   the space 10944K,  61% used [0x00000000f5c00000, 0x00000000f6291238, 0x00000000f6291400, 0x00000000f66b0000)
 Metaspace       used 22563K, capacity 23168K, committed 23296K, reserved 1069056K
  class space    used 2875K, capacity 3046K, committed 3072K, reserved 1048576K
Event: 4.184 GC heap after
Heap after GC invocations=41 (full 1):
 def new generation   total 4992K, used 277K [0x00000000f0a00000, 0x00000000f0f60000, 0x00000000f5c00000)
  eden space 4480K,   0% used [0x00000000f0a00000, 0x00000000f0a00000, 0x00000000f0e60000)
  from space 512K,  54% used [0x00000000f0e60000, 0x00000000f0ea5778, 0x00000000f0ee0000)
  to   space 512K,   0% used [0x00000000f0ee0000, 0x00000000f0ee0000, 0x00000000f0f60000)
 tenured generation   total 10944K, used 6895K [0x00000000f5c00000, 0x00000000f66b0000, 0x0000000100000000)
   the space 10944K,  63% used [0x00000000f5c00000, 0x00000000f62bbeb8, 0x00000000f62bc000, 0x00000000f66b0000)
 Metaspace       used 22563K, capacity 23168K, committed 23296K, reserved 1069056K
  class space    used 2875K, capacity 3046K, committed 3072K, reserved 1048576K
}
Event: 4.206 GC heap before
{Heap before GC invocations=41 (full 1):
 def new generation   total 4992K, used 4757K [0x00000000f0a00000, 0x00000000f0f60000, 0x00000000f5c00000)
  eden space 4480K, 100% used [0x00000000f0a00000, 0x00000000f0e60000, 0x00000000f0e60000)
  from space 512K,  54% used [0x00000000f0e60000, 0x00000000f0ea5778, 0x00000000f0ee0000)
  to   space 512K,   0% used [0x00000000f0ee0000, 0x00000000f0ee0000, 0x00000000f0f60000)
 tenured generation   total 10944K, used 6895K [0x00000000f5c00000, 0x00000000f66b0000, 0x0000000100000000)
   the space 10944K,  63% used [0x00000000f5c00000, 0x00000000f62bbeb8, 0x00000000f62bc000, 0x00000000f66b0000)
 Metaspace       used 22662K, capacity 23296K, committed 23552K, reserved 1069056K
  class space    used 2883K, capacity 3046K, committed 3072K, reserved 1048576K
Event: 4.208 GC heap after
Heap after GC invocations=42 (full 1):
 def new generation   total 4992K, used 327K [0x00000000f0a00000, 0x00000000f0f60000, 0x00000000f5c00000)
  eden space 4480K,   0% used [0x00000000f0a00000, 0x00000000f0a00000, 0x00000000f0e60000)
  from space 512K,  63% used [0x00000000f0ee0000, 0x00000000f0f31db0, 0x00000000f0f60000)
  to   space 512K,   0% used [0x00000000f0e60000, 0x00000000f0e60000, 0x00000000f0ee0000)
 tenured generation   total 10944K, used 7091K [0x00000000f5c00000, 0x00000000f66b0000, 0x0000000100000000)
   the space 10944K,  64% used [0x00000000f5c00000, 0x00000000f62ece00, 0x00000000f62ece00, 0x00000000f66b0000)
 Metaspace       used 22662K, capacity 23296K, committed 23552K, reserved 1069056K
  class space    used 2883K, capacity 3046K, committed 3072K, reserved 1048576K
}
Event: 4.227 GC heap before
{Heap before GC invocations=42 (full 1):
 def new generation   total 4992K, used 4807K [0x00000000f0a00000, 0x00000000f0f60000, 0x00000000f5c00000)
  eden space 4480K, 100% used [0x00000000f0a00000, 0x00000000f0e60000, 0x00000000f0e60000)
  from space 512K,  63% used [0x00000000f0ee0000, 0x00000000f0f31db0, 0x00000000f0f60000)
  to   space 512K,   0% used [0x00000000f0e60000, 0x00000000f0e60000, 0x00000000f0ee0000)
 tenured generation   total 10944K, used 7091K [0x00000000f5c00000, 0x00000000f66b0000, 0x0000000100000000)
   the space 10944K,  64% used [0x00000000f5c00000, 0x00000000f62ece00, 0x00000000f62ece00, 0x00000000f66b0000)
 Metaspace       used 22764K, capacity 23360K, committed 23552K, reserved 1069056K
  class space    used 2890K, capacity 3046K, committed 3072K, reserved 1048576K
Event: 4.229 GC heap after
Heap after GC invocations=43 (full 1):
 def new generation   total 4992K, used 301K [0x00000000f0a00000, 0x00000000f0f60000, 0x00000000f5c00000)
  eden space 4480K,   0% used [0x00000000f0a00000, 0x00000000f0a00000, 0x00000000f0e60000)
  from space 512K,  58% used [0x00000000f0e60000, 0x00000000f0eab7b0, 0x00000000f0ee0000)
  to   space 512K,   0% used [0x00000000f0ee0000, 0x00000000f0ee0000, 0x00000000f0f60000)
 tenured generation   total 10944K, used 7304K [0x00000000f5c00000, 0x00000000f66b0000, 0x0000000100000000)
   the space 10944K,  66% used [0x00000000f5c00000, 0x00000000f63222f8, 0x00000000f6322400, 0x00000000f66b0000)
 Metaspace       used 22764K, capacity 23360K, committed 23552K, reserved 1069056K
  class space    used 2890K, capacity 3046K, committed 3072K, reserved 1048576K
}
Event: 4.248 GC heap before
{Heap before GC invocations=43 (full 1):
 def new generation   total 4992K, used 4781K [0x00000000f0a00000, 0x00000000f0f60000, 0x00000000f5c00000)
  eden space 4480K, 100% used [0x00000000f0a00000, 0x00000000f0e60000, 0x00000000f0e60000)
  from space 512K,  58% used [0x00000000f0e60000, 0x00000000f0eab7b0, 0x00000000f0ee0000)
  to   space 512K,   0% used [0x00000000f0ee0000, 0x00000000f0ee0000, 0x00000000f0f60000)
 tenured generation   total 10944K, used 7304K [0x00000000f5c00000, 0x00000000f66b0000, 0x0000000100000000)
   the space 10944K,  66% used [0x00000000f5c00000, 0x00000000f63222f8, 0x00000000f6322400, 0x00000000f66b0000)
 Metaspace       used 22847K, capacity 23456K, committed 23680K, reserved 1069056K
  class space    used 2900K, capacity 3078K, committed 3200K, reserved 1048576K
Event: 4.250 GC heap after
Heap after GC invocations=44 (full 1):
 def new generation   total 4992K, used 280K [0x00000000f0a00000, 0x00000000f0f60000, 0x00000000f5c00000)
  eden space 4480K,   0% used [0x00000000f0a00000, 0x00000000f0a00000, 0x00000000f0e60000)
  from space 512K,  54% used [0x00000000f0ee0000, 0x00000000f0f261e0, 0x00000000f0f60000)
  to   space 512K,   0% used [0x00000000f0e60000, 0x00000000f0e60000, 0x00000000f0ee0000)
 tenured generation   total 10944K, used 7485K [0x00000000f5c00000, 0x00000000f66b0000, 0x0000000100000000)
   the space 10944K,  68% used [0x00000000f5c00000, 0x00000000f634f5d8, 0x00000000f634f600, 0x00000000f66b0000)
 Metaspace       used 22847K, capacity 23456K, committed 23680K, reserved 1069056K
  class space    used 2900K, capacity 3078K, committed 3200K, reserved 1048576K
}
Event: 4.277 GC heap before
{Heap before GC invocations=44 (full 1):
 def new generation   total 4992K, used 4760K [0x00000000f0a00000, 0x00000000f0f60000, 0x00000000f5c00000)
  eden space 4480K, 100% used [0x00000000f0a00000, 0x00000000f0e60000, 0x00000000f0e60000)
  from space 512K,  54% used [0x00000000f0ee0000, 0x00000000f0f261e0, 0x00000000f0f60000)
  to   space 512K,   0% used [0x00000000f0e60000, 0x00000000f0e60000, 0x00000000f0ee0000)
 tenured generation   total 10944K, used 7485K [0x00000000f5c00000, 0x00000000f66b0000, 0x0000000100000000)
   the space 10944K,  68% used [0x00000000f5c00000, 0x00000000f634f5d8, 0x00000000f634f600, 0x00000000f66b0000)
 Metaspace       used 22986K, capacity 23590K, committed 23936K, reserved 1071104K
  class space    used 2925K, capacity 3079K, committed 3200K, reserved 1048576K
Event: 4.278 GC heap after
Heap after GC invocations=45 (full 1):
 def new generation   total 4992K, used 286K [0x00000000f0a00000, 0x00000000f0f60000, 0x00000000f5c00000)
  eden space 4480K,   0% used [0x00000000f0a00000, 0x00000000f0a00000, 0x00000000f0e60000)
  from space 512K,  56% used [0x00000000f0e60000, 0x00000000f0ea7bd8, 0x00000000f0ee0000)
  to   space 512K,   0% used [0x00000000f0ee0000, 0x00000000f0ee0000, 0x00000000f0f60000)
 tenured generation   total 10944K, used 7703K [0x00000000f5c00000, 0x00000000f66b0000, 0x0000000100000000)
   the space 10944K,  70% used [0x00000000f5c00000, 0x00000000f6385dd0, 0x00000000f6385e00, 0x00000000f66b0000)
 Metaspace       used 22986K, capacity 23590K, committed 23936K, reserved 1071104K
  class space    used 2925K, capacity 3079K, committed 3200K, reserved 1048576K
}
Event: 4.354 GC heap before
{Heap before GC invocations=45 (full 1):
 def new generation   total 4992K, used 4766K [0x00000000f0a00000, 0x00000000f0f60000, 0x00000000f5c00000)
  eden space 4480K, 100% used [0x00000000f0a00000, 0x00000000f0e60000, 0x00000000f0e60000)
  from space 512K,  56% used [0x00000000f0e60000, 0x00000000f0ea7bd8, 0x00000000f0ee0000)
  to   space 512K,   0% used [0x00000000f0ee0000, 0x00000000f0ee0000, 0x00000000f0f60000)
 tenured generation   total 10944K, used 7703K [0x00000000f5c00000, 0x00000000f66b0000, 0x0000000100000000)
   the space 10944K,  70% used [0x00000000f5c00000, 0x00000000f6385dd0, 0x00000000f6385e00, 0x00000000f66b0000)
 Metaspace       used 23366K, capacity 23974K, committed 24192K, reserved 1071104K
  class space    used 2972K, capacity 3143K, committed 3200K, reserved 1048576K
Event: 4.356 GC heap after
Heap after GC invocations=46 (full 1):
 def new generation   total 4992K, used 511K [0x00000000f0a00000, 0x00000000f0f60000, 0x00000000f5c00000)
  eden space 4480K,   0% used [0x00000000f0a00000, 0x00000000f0a00000, 0x00000000f0e60000)
  from space 512K,  99% used [0x00000000f0ee0000, 0x00000000f0f5fff8, 0x00000000f0f60000)
  to   space 512K,   0% used [0x00000000f0e60000, 0x00000000f0e60000, 0x00000000f0ee0000)
 tenured generation   total 10944K, used 7949K [0x00000000f5c00000, 0x00000000f66b0000, 0x0000000100000000)
   the space 10944K,  72% used [0x00000000f5c00000, 0x00000000f63c35d8, 0x00000000f63c3600, 0x00000000f66b0000)
 Metaspace       used 23366K, capacity 23974K, committed 24192K, reserved 1071104K
  class space    used 2972K, capacity 3143K, committed 3200K, reserved 1048576K
}
Event: 4.435 GC heap before
{Heap before GC invocations=46 (full 1):
 def new generation   total 4992K, used 4991K [0x00000000f0a00000, 0x00000000f0f60000, 0x00000000f5c00000)
  eden space 4480K, 100% used [0x00000000f0a00000, 0x00000000f0e60000, 0x00000000f0e60000)
  from space 512K,  99% used [0x00000000f0ee0000, 0x00000000f0f5fff8, 0x00000000f0f60000)
  to   space 512K,   0% used [0x00000000f0e60000, 0x00000000f0e60000, 0x00000000f0ee0000)
 tenured generation   total 10944K, used 7949K [0x00000000f5c00000, 0x00000000f66b0000, 0x0000000100000000)
   the space 10944K,  72% used [0x00000000f5c00000, 0x00000000f63c35d8, 0x00000000f63c3600, 0x00000000f66b0000)
 Metaspace       used 23683K, capacity 24268K, committed 24448K, reserved 1071104K
  class space    used 3011K, capacity 3176K, committed 3200K, reserved 1048576K
Event: 4.437 GC heap after
Heap after GC invocations=47 (full 1):
 def new generation   total 4992K, used 420K [0x00000000f0a00000, 0x00000000f0f60000, 0x00000000f5c00000)
  eden space 4480K,   0% used [0x00000000f0a00000, 0x00000000f0a00000, 0x00000000f0e60000)
  from space 512K,  82% used [0x00000000f0e60000, 0x00000000f0ec9190, 0x00000000f0ee0000)
  to   space 512K,   0% used [0x00000000f0ee0000, 0x00000000f0ee0000, 0x00000000f0f60000)
 tenured generation   total 10944K, used 8098K [0x00000000f5c00000, 0x00000000f66b0000, 0x0000000100000000)
   the space 10944K,  74% used [0x00000000f5c00000, 0x00000000f63e8af0, 0x00000000f63e8c00, 0x00000000f66b0000)
 Metaspace       used 23683K, capacity 24268K, committed 24448K, reserved 1071104K
  class space    used 3011K, capacity 3176K, committed 3200K, reserved 1048576K
}
Event: 4.497 GC heap before
{Heap before GC invocations=47 (full 1):
 def new generation   total 4992K, used 4900K [0x00000000f0a00000, 0x00000000f0f60000, 0x00000000f5c00000)
  eden space 4480K, 100% used [0x00000000f0a00000, 0x00000000f0e60000, 0x00000000f0e60000)
  from space 512K,  82% used [0x00000000f0e60000, 0x00000000f0ec9190, 0x00000000f0ee0000)
  to   space 512K,   0% used [0x00000000f0ee0000, 0x00000000f0ee0000, 0x00000000f0f60000)
 tenured generation   total 10944K, used 8098K [0x00000000f5c00000, 0x00000000f66b0000, 0x0000000100000000)
   the space 10944K,  74% used [0x00000000f5c00000, 0x00000000f63e8af0, 0x00000000f63e8c00, 0x00000000f66b0000)
 Metaspace       used 24020K, capacity 24620K, committed 24832K, reserved 1071104K
  class space    used 3054K, capacity 3208K, committed 3328K, reserved 1048576K
Event: 4.500 GC heap after
Heap after GC invocations=48 (full 1):
 def new generation   total 4992K, used 486K [0x00000000f0a00000, 0x00000000f0f60000, 0x00000000f5c00000)
  eden space 4480K,   0% used [0x00000000f0a00000, 0x00000000f0a00000, 0x00000000f0e60000)
  from space 512K,  94% used [0x00000000f0ee0000, 0x00000000f0f59908, 0x00000000f0f60000)
  to   space 512K,   0% used [0x00000000f0e60000, 0x00000000f0e60000, 0x00000000f0ee0000)
 tenured generation   total 10944K, used 8200K [0x00000000f5c00000, 0x00000000f66b0000, 0x0000000100000000)
   the space 10944K,  74% used [0x00000000f5c00000, 0x00000000f64020b0, 0x00000000f6402200, 0x00000000f66b0000)
 Metaspace       used 24020K, capacity 24620K, committed 24832K, reserved 1071104K
  class space    used 3054K, capacity 3208K, committed 3328K, reserved 1048576K
}
Event: 4.549 GC heap before
{Heap before GC invocations=48 (full 1):
 def new generation   total 4992K, used 4966K [0x00000000f0a00000, 0x00000000f0f60000, 0x00000000f5c00000)
  eden space 4480K, 100% used [0x00000000f0a00000, 0x00000000f0e60000, 0x00000000f0e60000)
  from space 512K,  94% used [0x00000000f0ee0000, 0x00000000f0f59908, 0x00000000f0f60000)
  to   space 512K,   0% used [0x00000000f0e60000, 0x00000000f0e60000, 0x00000000f0ee0000)
 tenured generation   total 10944K, used 8200K [0x00000000f5c00000, 0x00000000f66b0000, 0x0000000100000000)
   the space 10944K,  74% used [0x00000000f5c00000, 0x00000000f64020b0, 0x00000000f6402200, 0x00000000f66b0000)
 Metaspace       used 24230K, capacity 24780K, committed 25088K, reserved 1071104K
  class space    used 3091K, capacity 3240K, committed 3328K, reserved 1048576K
Event: 4.551 GC heap after
Heap after GC invocations=49 (full 1):
 def new generation   total 4992K, used 451K [0x00000000f0a00000, 0x00000000f0f60000, 0x00000000f5c00000)
  eden space 4480K,   0% used [0x00000000f0a00000, 0x00000000f0a00000, 0x00000000f0e60000)
  from space 512K,  88% used [0x00000000f0e60000, 0x00000000f0ed0c60, 0x00000000f0ee0000)
  to   space 512K,   0% used [0x00000000f0ee0000, 0x00000000f0ee0000, 0x00000000f0f60000)
 tenured generation   total 10944K, used 8298K [0x00000000f5c00000, 0x00000000f66b0000, 0x0000000100000000)
   the space 10944K,  75% used [0x00000000f5c00000, 0x00000000f641ab10, 0x00000000f641ac00, 0x00000000f66b0000)
 Metaspace       used 24230K, capacity 24780K, committed 25088K, reserved 1071104K
  class space    used 3091K, capacity 3240K, committed 3328K, reserved 1048576K
}
Event: 4.611 GC heap before
{Heap before GC invocations=49 (full 1):
 def new generation   total 4992K, used 4931K [0x00000000f0a00000, 0x00000000f0f60000, 0x00000000f5c00000)
  eden space 4480K, 100% used [0x00000000f0a00000, 0x00000000f0e60000, 0x00000000f0e60000)
  from space 512K,  88% used [0x00000000f0e60000, 0x00000000f0ed0c60, 0x00000000f0ee0000)
  to   space 512K,   0% used [0x00000000f0ee0000, 0x00000000f0ee0000, 0x00000000f0f60000)
 tenured generation   total 10944K, used 8298K [0x00000000f5c00000, 0x00000000f66b0000, 0x0000000100000000)
   the space 10944K,  75% used [0x00000000f5c00000, 0x00000000f641ab10, 0x00000000f641ac00, 0x00000000f66b0000)
 Metaspace       used 24387K, capacity 25034K, committed 25344K, reserved 1071104K
  class space    used 3112K, capacity 3285K, committed 3328K, reserved 1048576K
Event: 4.613 GC heap after
Heap after GC invocations=50 (full 1):
 def new generation   total 4992K, used 351K [0x00000000f0a00000, 0x00000000f0f60000, 0x00000000f5c00000)
  eden space 4480K,   0% used [0x00000000f0a00000, 0x00000000f0a00000, 0x00000000f0e60000)
  from space 512K,  68% used [0x00000000f0ee0000, 0x00000000f0f37cf8, 0x00000000f0f60000)
  to   space 512K,   0% used [0x00000000f0e60000, 0x00000000f0e60000, 0x00000000f0ee0000)
 tenured generation   total 10944K, used 8375K [0x00000000f5c00000, 0x00000000f66b0000, 0x0000000100000000)
   the space 10944K,  76% used [0x00000000f5c00000, 0x00000000f642df78, 0x00000000f642e000, 0x00000000f66b0000)
 Metaspace       used 24387K, capacity 25034K, committed 25344K, reserved 1071104K
  class space    used 3112K, capacity 3285K, committed 3328K, reserved 1048576K
}
Event: 4.665 GC heap before
{Heap before GC invocations=50 (full 1):
 def new generation   total 4992K, used 4831K [0x00000000f0a00000, 0x00000000f0f60000, 0x00000000f5c00000)
  eden space 4480K, 100% used [0x00000000f0a00000, 0x00000000f0e60000, 0x00000000f0e60000)
  from space 512K,  68% used [0x00000000f0ee0000, 0x00000000f0f37cf8, 0x00000000f0f60000)
  to   space 512K,   0% used [0x00000000f0e60000, 0x00000000f0e60000, 0x00000000f0ee0000)
 tenured generation   total 10944K, used 8375K [0x00000000f5c00000, 0x00000000f66b0000, 0x0000000100000000)
   the space 10944K,  76% used [0x00000000f5c00000, 0x00000000f642df78, 0x00000000f642e000, 0x00000000f66b0000)
 Metaspace       used 24507K, capacity 25122K, committed 25344K, reserved 1071104K
  class space    used 3136K, capacity 3297K, committed 3328K, reserved 1048576K
Event: 4.666 GC heap after
Heap after GC invocations=51 (full 1):
 def new generation   total 4992K, used 310K [0x00000000f0a00000, 0x00000000f0f60000, 0x00000000f5c00000)
  eden space 4480K,   0% used [0x00000000f0a00000, 0x00000000f0a00000, 0x00000000f0e60000)
  from space 512K,  60% used [0x00000000f0e60000, 0x00000000f0eada68, 0x00000000f0ee0000)
  to   space 512K,   0% used [0x00000000f0ee0000, 0x00000000f0ee0000, 0x00000000f0f60000)
 tenured generation   total 10944K, used 8457K [0x00000000f5c00000, 0x00000000f66b0000, 0x0000000100000000)
   the space 10944K,  77% used [0x00000000f5c00000, 0x00000000f6442658, 0x00000000f6442800, 0x00000000f66b0000)
 Metaspace       used 24507K, capacity 25122K, committed 25344K, reserved 1071104K
  class space    used 3136K, capacity 3297K, committed 3328K, reserved 1048576K
}
Event: 4.705 GC heap before
{Heap before GC invocations=51 (full 1):
 def new generation   total 4992K, used 4790K [0x00000000f0a00000, 0x00000000f0f60000, 0x00000000f5c00000)
  eden space 4480K, 100% used [0x00000000f0a00000, 0x00000000f0e60000, 0x00000000f0e60000)
  from space 512K,  60% used [0x00000000f0e60000, 0x00000000f0eada68, 0x00000000f0ee0000)
  to   space 512K,   0% used [0x00000000f0ee0000, 0x00000000f0ee0000, 0x00000000f0f60000)
 tenured generation   total 10944K, used 8457K [0x00000000f5c00000, 0x00000000f66b0000, 0x0000000100000000)
   the space 10944K,  77% used [0x00000000f5c00000, 0x00000000f6442658, 0x00000000f6442800, 0x00000000f66b0000)
 Metaspace       used 24611K, capacity 25238K, committed 25472K, reserved 1071104K
  class space    used 3152K, capacity 3333K, committed 3456K, reserved 1048576K
Event: 4.707 GC heap after
Heap after GC invocations=52 (full 1):
 def new generation   total 4992K, used 259K [0x00000000f0a00000, 0x00000000f0f60000, 0x00000000f5c00000)
  eden space 4480K,   0% used [0x00000000f0a00000, 0x00000000f0a00000, 0x00000000f0e60000)
  from space 512K,  50% used [0x00000000f0ee0000, 0x00000000f0f20d08, 0x00000000f0f60000)
  to   space 512K,   0% used [0x00000000f0e60000, 0x00000000f0e60000, 0x00000000f0ee0000)
 tenured generation   total 10944K, used 8521K [0x00000000f5c00000, 0x00000000f66b0000, 0x0000000100000000)
   the space 10944K,  77% used [0x00000000f5c00000, 0x00000000f6452470, 0x00000000f6452600, 0x00000000f66b0000)
 Metaspace       used 24611K, capacity 25238K, committed 25472K, reserved 1071104K
  class space    used 3152K, capacity 3333K, committed 3456K, reserved 1048576K
}
Event: 4.739 GC heap before
{Heap before GC invocations=52 (full 1):
 def new generation   total 4992K, used 4739K [0x00000000f0a00000, 0x00000000f0f60000, 0x00000000f5c00000)
  eden space 4480K, 100% used [0x00000000f0a00000, 0x00000000f0e60000, 0x00000000f0e60000)
  from space 512K,  50% used [0x00000000f0ee0000, 0x00000000f0f20d08, 0x00000000f0f60000)
  to   space 512K,   0% used [0x00000000f0e60000, 0x00000000f0e60000, 0x00000000f0ee0000)
 tenured generation   total 10944K, used 8521K [0x00000000f5c00000, 0x00000000f66b0000, 0x0000000100000000)
   the space 10944K,  77% used [0x00000000f5c00000, 0x00000000f6452470, 0x00000000f6452600, 0x00000000f66b0000)
 Metaspace       used 24679K, capacity 25334K, committed 25472K, reserved 1071104K
  class space    used 3160K, capacity 3365K, committed 3456K, reserved 1048576K
Event: 4.741 GC heap after
Heap after GC invocations=53 (full 1):
 def new generation   total 4992K, used 223K [0x00000000f0a00000, 0x00000000f0f60000, 0x00000000f5c00000)
  eden space 4480K,   0% used [0x00000000f0a00000, 0x00000000f0a00000, 0x00000000f0e60000)
  from space 512K,  43% used [0x00000000f0e60000, 0x00000000f0e97ce8, 0x00000000f0ee0000)
  to   space 512K,   0% used [0x00000000f0ee0000, 0x00000000f0ee0000, 0x00000000f0f60000)
 tenured generation   total 10944K, used 8560K [0x00000000f5c00000, 0x00000000f66b0000, 0x0000000100000000)
   the space 10944K,  78% used [0x00000000f5c00000, 0x00000000f645c180, 0x00000000f645c200, 0x00000000f66b0000)
 Metaspace       used 24679K, capacity 25334K, committed 25472K, reserved 1071104K
  class space    used 3160K, capacity 3365K, committed 3456K, reserved 1048576K
}
Event: 4.777 GC heap before
{Heap before GC invocations=53 (full 1):
 def new generation   total 4992K, used 4703K [0x00000000f0a00000, 0x00000000f0f60000, 0x00000000f5c00000)
  eden space 4480K, 100% used [0x00000000f0a00000, 0x00000000f0e60000, 0x00000000f0e60000)
  from space 512K,  43% used [0x00000000f0e60000, 0x00000000f0e97ce8, 0x00000000f0ee0000)
  to   space 512K,   0% used [0x00000000f0ee0000, 0x00000000f0ee0000, 0x00000000f0f60000)
 tenured generation   total 10944K, used 8560K [0x00000000f5c00000, 0x00000000f66b0000, 0x0000000100000000)
   the space 10944K,  78% used [0x00000000f5c00000, 0x00000000f645c180, 0x00000000f645c200, 0x00000000f66b0000)
 Metaspace       used 24784K, capacity 25398K, committed 25728K, reserved 1071104K
  class space    used 3172K, capacity 3365K, committed 3456K, reserved 1048576K
Event: 4.779 GC heap after
Heap after GC invocations=54 (full 1):
 def new generation   total 4992K, used 300K [0x00000000f0a00000, 0x00000000f0f60000, 0x00000000f5c00000)
  eden space 4480K,   0% used [0x00000000f0a00000, 0x00000000f0a00000, 0x00000000f0e60000)
  from space 512K,  58% used [0x00000000f0ee0000, 0x00000000f0f2b3e8, 0x00000000f0f60000)
  to   space 512K,   0% used [0x00000000f0e60000, 0x00000000f0e60000, 0x00000000f0ee0000)
 tenured generation   total 10944K, used 8560K [0x00000000f5c00000, 0x00000000f66b0000, 0x0000000100000000)
   the space 10944K,  78% used [0x00000000f5c00000, 0x00000000f645c180, 0x00000000f645c200, 0x00000000f66b0000)
 Metaspace       used 24784K, capacity 25398K, committed 25728K, reserved 1071104K
  class space    used 3172K, capacity 3365K, committed 3456K, reserved 1048576K
}
Event: 4.819 GC heap before
{Heap before GC invocations=54 (full 1):
 def new generation   total 4992K, used 4780K [0x00000000f0a00000, 0x00000000f0f60000, 0x00000000f5c00000)
  eden space 4480K, 100% used [0x00000000f0a00000, 0x00000000f0e60000, 0x00000000f0e60000)
  from space 512K,  58% used [0x00000000f0ee0000, 0x00000000f0f2b3e8, 0x00000000f0f60000)
  to   space 512K,   0% used [0x00000000f0e60000, 0x00000000f0e60000, 0x00000000f0ee0000)
 tenured generation   total 10944K, used 8560K [0x00000000f5c00000, 0x00000000f66b0000, 0x0000000100000000)
   the space 10944K,  78% used [0x00000000f5c00000, 0x00000000f645c180, 0x00000000f645c200, 0x00000000f66b0000)
 Metaspace       used 25000K, capacity 25590K, committed 25728K, reserved 1071104K
  class space    used 3200K, capacity 3365K, committed 3456K, reserved 1048576K
Event: 4.821 GC heap after
Heap after GC invocations=55 (full 1):
 def new generation   total 4992K, used 197K [0x00000000f0a00000, 0x00000000f0f60000, 0x00000000f5c00000)
  eden space 4480K,   0% used [0x00000000f0a00000, 0x00000000f0a00000, 0x00000000f0e60000)
  from space 512K,  38% used [0x00000000f0e60000, 0x00000000f0e91630, 0x00000000f0ee0000)
  to   space 512K,   0% used [0x00000000f0ee0000, 0x00000000f0ee0000, 0x00000000f0f60000)
 tenured generation   total 10944K, used 8608K [0x00000000f5c00000, 0x00000000f66b0000, 0x0000000100000000)
   the space 10944K,  78% used [0x00000000f5c00000, 0x00000000f6468330, 0x00000000f6468400, 0x00000000f66b0000)
 Metaspace       used 25000K, capacity 25590K, committed 25728K, reserved 1071104K
  class space    used 3200K, capacity 3365K, committed 3456K, reserved 1048576K
}
Event: 4.887 GC heap before
{Heap before GC invocations=55 (full 1):
 def new generation   total 4992K, used 4677K [0x00000000f0a00000, 0x00000000f0f60000, 0x00000000f5c00000)
  eden space 4480K, 100% used [0x00000000f0a00000, 0x00000000f0e60000, 0x00000000f0e60000)
  from space 512K,  38% used [0x00000000f0e60000, 0x00000000f0e91630, 0x00000000f0ee0000)
  to   space 512K,   0% used [0x00000000f0ee0000, 0x00000000f0ee0000, 0x00000000f0f60000)
 tenured generation   total 10944K, used 8608K [0x00000000f5c00000, 0x00000000f66b0000, 0x0000000100000000)
   the space 10944K,  78% used [0x00000000f5c00000, 0x00000000f6468330, 0x00000000f6468400, 0x00000000f66b0000)
 Metaspace       used 25588K, capacity 26166K, committed 26240K, reserved 1073152K
  class space    used 3263K, capacity 3429K, committed 3456K, reserved 1048576K
Event: 4.889 GC heap after
Heap after GC invocations=56 (full 1):
 def new generation   total 4992K, used 512K [0x00000000f0a00000, 0x00000000f0f60000, 0x00000000f5c00000)
  eden space 4480K,   0% used [0x00000000f0a00000, 0x00000000f0a00000, 0x00000000f0e60000)
  from space 512K, 100% used [0x00000000f0ee0000, 0x00000000f0f60000, 0x00000000f0f60000)
  to   space 512K,   0% used [0x00000000f0e60000, 0x00000000f0e60000, 0x00000000f0ee0000)
 tenured generation   total 10944K, used 8682K [0x00000000f5c00000, 0x00000000f66b0000, 0x0000000100000000)
   the space 10944K,  79% used [0x00000000f5c00000, 0x00000000f647ab98, 0x00000000f647ac00, 0x00000000f66b0000)
 Metaspace       used 25588K, capacity 26166K, committed 26240K, reserved 1073152K
  class space    used 3263K, capacity 3429K, committed 3456K, reserved 1048576K
}
Event: 4.943 GC heap before
{Heap before GC invocations=56 (full 1):
 def new generation   total 4992K, used 4992K [0x00000000f0a00000, 0x00000000f0f60000, 0x00000000f5c00000)
  eden space 4480K, 100% used [0x00000000f0a00000, 0x00000000f0e60000, 0x00000000f0e60000)
  from space 512K, 100% used [0x00000000f0ee0000, 0x00000000f0f60000, 0x00000000f0f60000)
  to   space 512K,   0% used [0x00000000f0e60000, 0x00000000f0e60000, 0x00000000f0ee0000)
 tenured generation   total 10944K, used 8682K [0x00000000f5c00000, 0x00000000f66b0000, 0x0000000100000000)
   the space 10944K,  79% used [0x00000000f5c00000, 0x00000000f647ab98, 0x00000000f647ac00, 0x00000000f66b0000)
 Metaspace       used 25772K, capacity 26390K, committed 26624K, reserved 1073152K
  class space    used 3286K, capacity 3461K, committed 3584K, reserved 1048576K
Event: 4.946 GC heap after
Heap after GC invocations=57 (full 1):
 def new generation   total 4992K, used 466K [0x00000000f0a00000, 0x00000000f0f60000, 0x00000000f5c00000)
  eden space 4480K,   0% used [0x00000000f0a00000, 0x00000000f0a00000, 0x00000000f0e60000)
  from space 512K,  91% used [0x00000000f0e60000, 0x00000000f0ed4bb0, 0x00000000f0ee0000)
  to   space 512K,   0% used [0x00000000f0ee0000, 0x00000000f0ee0000, 0x00000000f0f60000)
 tenured generation   total 10944K, used 8903K [0x00000000f5c00000, 0x00000000f66b0000, 0x0000000100000000)
   the space 10944K,  81% used [0x00000000f5c00000, 0x00000000f64b1d40, 0x00000000f64b1e00, 0x00000000f66b0000)
 Metaspace       used 25772K, capacity 26390K, committed 26624K, reserved 1073152K
  class space    used 3286K, capacity 3461K, committed 3584K, reserved 1048576K
}
Event: 5.013 GC heap before
{Heap before GC invocations=57 (full 1):
 def new generation   total 4992K, used 4946K [0x00000000f0a00000, 0x00000000f0f60000, 0x00000000f5c00000)
  eden space 4480K, 100% used [0x00000000f0a00000, 0x00000000f0e60000, 0x00000000f0e60000)
  from space 512K,  91% used [0x00000000f0e60000, 0x00000000f0ed4bb0, 0x00000000f0ee0000)
  to   space 512K,   0% used [0x00000000f0ee0000, 0x00000000f0ee0000, 0x00000000f0f60000)
 tenured generation   total 10944K, used 8903K [0x00000000f5c00000, 0x00000000f66b0000, 0x0000000100000000)
   the space 10944K,  81% used [0x00000000f5c00000, 0x00000000f64b1d40, 0x00000000f64b1e00, 0x00000000f66b0000)
 Metaspace       used 25878K, capacity 26510K, committed 26880K, reserved 1073152K
  class space    used 3298K, capacity 3471K, committed 3584K, reserved 1048576K
Event: 5.016 GC heap after
Heap after GC invocations=58 (full 1):
 def new generation   total 4992K, used 499K [0x00000000f0a00000, 0x00000000f0f60000, 0x00000000f5c00000)
  eden space 4480K,   0% used [0x00000000f0a00000, 0x00000000f0a00000, 0x00000000f0e60000)
  from space 512K,  97% used [0x00000000f0ee0000, 0x00000000f0f5cc20, 0x00000000f0f60000)
  to   space 512K,   0% used [0x00000000f0e60000, 0x00000000f0e60000, 0x00000000f0ee0000)
 tenured generation   total 10944K, used 9086K [0x00000000f5c00000, 0x00000000f66b0000, 0x0000000100000000)
   the space 10944K,  83% used [0x00000000f5c00000, 0x00000000f64dfa08, 0x00000000f64dfc00, 0x00000000f66b0000)
 Metaspace       used 25878K, capacity 26510K, committed 26880K, reserved 1073152K
  class space    used 3298K, capacity 3471K, committed 3584K, reserved 1048576K
}
Event: 5.058 GC heap before
{Heap before GC invocations=58 (full 1):
 def new generation   total 4992K, used 4979K [0x00000000f0a00000, 0x00000000f0f60000, 0x00000000f5c00000)
  eden space 4480K, 100% used [0x00000000f0a00000, 0x00000000f0e60000, 0x00000000f0e60000)
  from space 512K,  97% used [0x00000000f0ee0000, 0x00000000f0f5cc20, 0x00000000f0f60000)
  to   space 512K,   0% used [0x00000000f0e60000, 0x00000000f0e60000, 0x00000000f0ee0000)
 tenured generation   total 10944K, used 9086K [0x00000000f5c00000, 0x00000000f66b0000, 0x0000000100000000)
   the space 10944K,  83% used [0x00000000f5c00000, 0x00000000f64dfa08, 0x00000000f64dfc00, 0x00000000f66b0000)
 Metaspace       used 25913K, capacity 26586K, committed 26880K, reserved 1073152K
  class space    used 3299K, capacity 3473K, committed 3584K, reserved 1048576K
Event: 5.060 GC heap after
Heap after GC invocations=59 (full 1):
 def new generation   total 4992K, used 512K [0x00000000f0a00000, 0x00000000f0f60000, 0x00000000f5c00000)
  eden space 4480K,   0% used [0x00000000f0a00000, 0x00000000f0a00000, 0x00000000f0e60000)
  from space 512K, 100% used [0x00000000f0e60000, 0x00000000f0ee0000, 0x00000000f0ee0000)
  to   space 512K,   0% used [0x00000000f0ee0000, 0x00000000f0ee0000, 0x00000000f0f60000)
 tenured generation   total 10944K, used 9241K [0x00000000f5c00000, 0x00000000f66b0000, 0x0000000100000000)
   the space 10944K,  84% used [0x00000000f5c00000, 0x00000000f6506400, 0x00000000f6506400, 0x00000000f66b0000)
 Metaspace       used 25913K, capacity 26586K, committed 26880K, reserved 1073152K
  class space    used 3299K, capacity 3473K, committed 3584K, reserved 1048576K
}
Event: 5.116 GC heap before
{Heap before GC invocations=59 (full 1):
 def new generation   total 4992K, used 4992K [0x00000000f0a00000, 0x00000000f0f60000, 0x00000000f5c00000)
  eden space 4480K, 100% used [0x00000000f0a00000, 0x00000000f0e60000, 0x00000000f0e60000)
  from space 512K, 100% used [0x00000000f0e60000, 0x00000000f0ee0000, 0x00000000f0ee0000)
  to   space 512K,   0% used [0x00000000f0ee0000, 0x00000000f0ee0000, 0x00000000f0f60000)
 tenured generation   total 10944K, used 9241K [0x00000000f5c00000, 0x00000000f66b0000, 0x0000000100000000)
   the space 10944K,  84% used [0x00000000f5c00000, 0x00000000f6506400, 0x00000000f6506400, 0x00000000f66b0000)
 Metaspace       used 25945K, capacity 26592K, committed 26880K, reserved 1073152K
  class space    used 3300K, capacity 3474K, committed 3584K, reserved 1048576K
Event: 5.118 GC heap after
Heap after GC invocations=60 (full 1):
 def new generation   total 4992K, used 426K [0x00000000f0a00000, 0x00000000f0f60000, 0x00000000f5c00000)
  eden space 4480K,   0% used [0x00000000f0a00000, 0x00000000f0a00000, 0x00000000f0e60000)
  from space 512K,  83% used [0x00000000f0ee0000, 0x00000000f0f4a920, 0x00000000f0f60000)
  to   space 512K,   0% used [0x00000000f0e60000, 0x00000000f0e60000, 0x00000000f0ee0000)
 tenured generation   total 10944K, used 9301K [0x00000000f5c00000, 0x00000000f66b0000, 0x0000000100000000)
   the space 10944K,  84% used [0x00000000f5c00000, 0x00000000f65154d8, 0x00000000f6515600, 0x00000000f66b0000)
 Metaspace       used 25945K, capacity 26592K, committed 26880K, reserved 1073152K
  class space    used 3300K, capacity 3474K, committed 3584K, reserved 1048576K
}
Event: 5.163 GC heap before
{Heap before GC invocations=60 (full 1):
 def new generation   total 4992K, used 4906K [0x00000000f0a00000, 0x00000000f0f60000, 0x00000000f5c00000)
  eden space 4480K, 100% used [0x00000000f0a00000, 0x00000000f0e60000, 0x00000000f0e60000)
  from space 512K,  83% used [0x00000000f0ee0000, 0x00000000f0f4a920, 0x00000000f0f60000)
  to   space 512K,   0% used [0x00000000f0e60000, 0x00000000f0e60000, 0x00000000f0ee0000)
 tenured generation   total 10944K, used 9301K [0x00000000f5c00000, 0x00000000f66b0000, 0x0000000100000000)
   the space 10944K,  84% used [0x00000000f5c00000, 0x00000000f65154d8, 0x00000000f6515600, 0x00000000f66b0000)
 Metaspace       used 26001K, capacity 26656K, committed 26880K, reserved 1073152K
  class space    used 3300K, capacity 3474K, committed 3584K, reserved 1048576K
Event: 5.165 GC heap after
Heap after GC invocations=61 (full 1):
 def new generation   total 4992K, used 320K [0x00000000f0a00000, 0x00000000f0f60000, 0x00000000f5c00000)
  eden space 4480K,   0% used [0x00000000f0a00000, 0x00000000f0a00000, 0x00000000f0e60000)
  from space 512K,  62% used [0x00000000f0e60000, 0x00000000f0eb0360, 0x00000000f0ee0000)
  to   space 512K,   0% used [0x00000000f0ee0000, 0x00000000f0ee0000, 0x00000000f0f60000)
 tenured generation   total 10944K, used 9417K [0x00000000f5c00000, 0x00000000f66b0000, 0x0000000100000000)
   the space 10944K,  86% used [0x00000000f5c00000, 0x00000000f6532648, 0x00000000f6532800, 0x00000000f66b0000)
 Metaspace       used 26001K, capacity 26656K, committed 26880K, reserved 1073152K
  class space    used 3300K, capacity 3474K, committed 3584K, reserved 1048576K
}
Event: 5.215 GC heap before
{Heap before GC invocations=61 (full 1):
 def new generation   total 4992K, used 4800K [0x00000000f0a00000, 0x00000000f0f60000, 0x00000000f5c00000)
  eden space 4480K, 100% used [0x00000000f0a00000, 0x00000000f0e60000, 0x00000000f0e60000)
  from space 512K,  62% used [0x00000000f0e60000, 0x00000000f0eb0360, 0x00000000f0ee0000)
  to   space 512K,   0% used [0x00000000f0ee0000, 0x00000000f0ee0000, 0x00000000f0f60000)
 tenured generation   total 10944K, used 9417K [0x00000000f5c00000, 0x00000000f66b0000, 0x0000000100000000)
   the space 10944K,  86% used [0x00000000f5c00000, 0x00000000f6532648, 0x00000000f6532800, 0x00000000f66b0000)
 Metaspace       used 26040K, capacity 26698K, committed 26880K, reserved 1073152K
  class space    used 3303K, capacity 3481K, committed 3584K, reserved 1048576K
Event: 5.217 GC heap after
Heap after GC invocations=62 (full 1):
 def new generation   total 4992K, used 346K [0x00000000f0a00000, 0x00000000f0f60000, 0x00000000f5c00000)
  eden space 4480K,   0% used [0x00000000f0a00000, 0x00000000f0a00000, 0x00000000f0e60000)
  from space 512K,  67% used [0x00000000f0ee0000, 0x00000000f0f36950, 0x00000000f0f60000)
  to   space 512K,   0% used [0x00000000f0e60000, 0x00000000f0e60000, 0x00000000f0ee0000)
 tenured generation   total 10944K, used 9501K [0x00000000f5c00000, 0x00000000f66b0000, 0x0000000100000000)
   the space 10944K,  86% used [0x00000000f5c00000, 0x00000000f6547770, 0x00000000f6547800, 0x00000000f66b0000)
 Metaspace       used 26040K, capacity 26698K, committed 26880K, reserved 1073152K
  class space    used 3303K, capacity 3481K, committed 3584K, reserved 1048576K
}
Event: 5.250 GC heap before
{Heap before GC invocations=62 (full 1):
 def new generation   total 4992K, used 4826K [0x00000000f0a00000, 0x00000000f0f60000, 0x00000000f5c00000)
  eden space 4480K, 100% used [0x00000000f0a00000, 0x00000000f0e60000, 0x00000000f0e60000)
  from space 512K,  67% used [0x00000000f0ee0000, 0x00000000f0f36950, 0x00000000f0f60000)
  to   space 512K,   0% used [0x00000000f0e60000, 0x00000000f0e60000, 0x00000000f0ee0000)
 tenured generation   total 10944K, used 9501K [0x00000000f5c00000, 0x00000000f66b0000, 0x0000000100000000)
   the space 10944K,  86% used [0x00000000f5c00000, 0x00000000f6547770, 0x00000000f6547800, 0x00000000f66b0000)
 Metaspace       used 26045K, capacity 26698K, committed 26880K, reserved 1073152K
  class space    used 3303K, capacity 3481K, committed 3584K, reserved 1048576K
Event: 5.252 GC heap after
Heap after GC invocations=63 (full 1):
 def new generation   total 4992K, used 234K [0x00000000f0a00000, 0x00000000f0f60000, 0x00000000f5c00000)
  eden space 4480K,   0% used [0x00000000f0a00000, 0x00000000f0a00000, 0x00000000f0e60000)
  from space 512K,  45% used [0x00000000f0e60000, 0x00000000f0e9a9a8, 0x00000000f0ee0000)
  to   space 512K,   0% used [0x00000000f0ee0000, 0x00000000f0ee0000, 0x00000000f0f60000)
 tenured generation   total 10944K, used 9615K [0x00000000f5c00000, 0x00000000f66b0000, 0x0000000100000000)
   the space 10944K,  87% used [0x00000000f5c00000, 0x00000000f6563f90, 0x00000000f6564000, 0x00000000f66b0000)
 Metaspace       used 26045K, capacity 26698K, committed 26880K, reserved 1073152K
  class space    used 3303K, capacity 3481K, committed 3584K, reserved 1048576K
}
Event: 5.295 GC heap before
{Heap before GC invocations=63 (full 1):
 def new generation   total 4992K, used 4714K [0x00000000f0a00000, 0x00000000f0f60000, 0x00000000f5c00000)
  eden space 4480K, 100% used [0x00000000f0a00000, 0x00000000f0e60000, 0x00000000f0e60000)
  from space 512K,  45% used [0x00000000f0e60000, 0x00000000f0e9a9a8, 0x00000000f0ee0000)
  to   space 512K,   0% used [0x00000000f0ee0000, 0x00000000f0ee0000, 0x00000000f0f60000)
 tenured generation   total 10944K, used 9615K [0x00000000f5c00000, 0x00000000f66b0000, 0x0000000100000000)
   the space 10944K,  87% used [0x00000000f5c00000, 0x00000000f6563f90, 0x00000000f6564000, 0x00000000f66b0000)
 Metaspace       used 26070K, capacity 26704K, committed 26880K, reserved 1073152K
  class space    used 3304K, capacity 3482K, committed 3584K, reserved 1048576K
Event: 5.297 GC heap after
Heap after GC invocations=64 (full 1):
 def new generation   total 4992K, used 347K [0x00000000f0a00000, 0x00000000f0f60000, 0x00000000f5c00000)
  eden space 4480K,   0% used [0x00000000f0a00000, 0x00000000f0a00000, 0x00000000f0e60000)
  from space 512K,  67% used [0x00000000f0ee0000, 0x00000000f0f36cd8, 0x00000000f0f60000)
  to   space 512K,   0% used [0x00000000f0e60000, 0x00000000f0e60000, 0x00000000f0ee0000)
 tenured generation   total 10944K, used 9615K [0x00000000f5c00000, 0x00000000f66b0000, 0x0000000100000000)
   the space 10944K,  87% used [0x00000000f5c00000, 0x00000000f6563f90, 0x00000000f6564000, 0x00000000f66b0000)
 Metaspace       used 26070K, capacity 26704K, committed 26880K, reserved 1073152K
  class space    used 3304K, capacity 3482K, committed 3584K, reserved 1048576K
}
Event: 5.339 GC heap before
{Heap before GC invocations=64 (full 1):
 def new generation   total 4992K, used 4827K [0x00000000f0a00000, 0x00000000f0f60000, 0x00000000f5c00000)
  eden space 4480K, 100% used [0x00000000f0a00000, 0x00000000f0e60000, 0x00000000f0e60000)
  from space 512K,  67% used [0x00000000f0ee0000, 0x00000000f0f36cd8, 0x00000000f0f60000)
  to   space 512K,   0% used [0x00000000f0e60000, 0x00000000f0e60000, 0x00000000f0ee0000)
 tenured generation   total 10944K, used 9615K [0x00000000f5c00000, 0x00000000f66b0000, 0x0000000100000000)
   the space 10944K,  87% used [0x00000000f5c00000, 0x00000000f6563f90, 0x00000000f6564000, 0x00000000f66b0000)
 Metaspace       used 26082K, capacity 26704K, committed 26880K, reserved 1073152K
  class space    used 3304K, capacity 3482K, committed 3584K, reserved 1048576K
Event: 5.341 GC heap after
Heap after GC invocations=65 (full 1):
 def new generation   total 4992K, used 268K [0x00000000f0a00000, 0x00000000f0f60000, 0x00000000f5c00000)
  eden space 4480K,   0% used [0x00000000f0a00000, 0x00000000f0a00000, 0x00000000f0e60000)
  from space 512K,  52% used [0x00000000f0e60000, 0x00000000f0ea30e8, 0x00000000f0ee0000)
  to   space 512K,   0% used [0x00000000f0ee0000, 0x00000000f0ee0000, 0x00000000f0f60000)
 tenured generation   total 10944K, used 9751K [0x00000000f5c00000, 0x00000000f66b0000, 0x0000000100000000)
   the space 10944K,  89% used [0x00000000f5c00000, 0x00000000f6585d90, 0x00000000f6585e00, 0x00000000f66b0000)
 Metaspace       used 26082K, capacity 26704K, committed 26880K, reserved 1073152K
  class space    used 3304K, capacity 3482K, committed 3584K, reserved 1048576K
}
Event: 5.375 GC heap before
{Heap before GC invocations=65 (full 1):
 def new generation   total 4992K, used 4748K [0x00000000f0a00000, 0x00000000f0f60000, 0x00000000f5c00000)
  eden space 4480K, 100% used [0x00000000f0a00000, 0x00000000f0e60000, 0x00000000f0e60000)
  from space 512K,  52% used [0x00000000f0e60000, 0x00000000f0ea30e8, 0x00000000f0ee0000)
  to   space 512K,   0% used [0x00000000f0ee0000, 0x00000000f0ee0000, 0x00000000f0f60000)
 tenured generation   total 10944K, used 9751K [0x00000000f5c00000, 0x00000000f66b0000, 0x0000000100000000)
   the space 10944K,  89% used [0x00000000f5c00000, 0x00000000f6585d90, 0x00000000f6585e00, 0x00000000f66b0000)
 Metaspace       used 26204K, capacity 26832K, committed 27136K, reserved 1073152K
  class space    used 3315K, capacity 3482K, committed 3584K, reserved 1048576K
Event: 5.377 GC heap after
Heap after GC invocations=66 (full 1):
 def new generation   total 4992K, used 305K [0x00000000f0a00000, 0x00000000f0f60000, 0x00000000f5c00000)
  eden space 4480K,   0% used [0x00000000f0a00000, 0x00000000f0a00000, 0x00000000f0e60000)
  from space 512K,  59% used [0x00000000f0ee0000, 0x00000000f0f2c7e8, 0x00000000f0f60000)
  to   space 512K,   0% used [0x00000000f0e60000, 0x00000000f0e60000, 0x00000000f0ee0000)
 tenured generation   total 10944K, used 9857K [0x00000000f5c00000, 0x00000000f66b0000, 0x0000000100000000)
   the space 10944K,  90% used [0x00000000f5c00000, 0x00000000f65a0720, 0x00000000f65a0800, 0x00000000f66b0000)
 Metaspace       used 26204K, capacity 26832K, committed 27136K, reserved 1073152K
  class space    used 3315K, capacity 3482K, committed 3584K, reserved 1048576K
}
Event: 5.418 GC heap before
{Heap before GC invocations=66 (full 1):
 def new generation   total 4992K, used 4785K [0x00000000f0a00000, 0x00000000f0f60000, 0x00000000f5c00000)
  eden space 4480K, 100% used [0x00000000f0a00000, 0x00000000f0e60000, 0x00000000f0e60000)
  from space 512K,  59% used [0x00000000f0ee0000, 0x00000000f0f2c7e8, 0x00000000f0f60000)
  to   space 512K,   0% used [0x00000000f0e60000, 0x00000000f0e60000, 0x00000000f0ee0000)
 tenured generation   total 10944K, used 9857K [0x00000000f5c00000, 0x00000000f66b0000, 0x0000000100000000)
   the space 10944K,  90% used [0x00000000f5c00000, 0x00000000f65a0720, 0x00000000f65a0800, 0x00000000f66b0000)
 Metaspace       used 26617K, capacity 27288K, committed 27392K, reserved 1073152K
  class space    used 3362K, capacity 3546K, committed 3584K, reserved 1048576K
Event: 5.420 GC heap after
Heap after GC invocations=67 (full 1):
 def new generation   total 4992K, used 242K [0x00000000f0a00000, 0x00000000f0f60000, 0x00000000f5c00000)
  eden space 4480K,   0% used [0x00000000f0a00000, 0x00000000f0a00000, 0x00000000f0e60000)
  from space 512K,  47% used [0x00000000f0e60000, 0x00000000f0e9c800, 0x00000000f0ee0000)
  to   space 512K,   0% used [0x00000000f0ee0000, 0x00000000f0ee0000, 0x00000000f0f60000)
 tenured generation   total 10944K, used 9914K [0x00000000f5c00000, 0x00000000f66b0000, 0x0000000100000000)
   the space 10944K,  90% used [0x00000000f5c00000, 0x00000000f65ae9e8, 0x00000000f65aea00, 0x00000000f66b0000)
 Metaspace       used 26617K, capacity 27288K, committed 27392K, reserved 1073152K
  class space    used 3362K, capacity 3546K, committed 3584K, reserved 1048576K
}
Event: 5.476 GC heap before
{Heap before GC invocations=67 (full 1):
 def new generation   total 4992K, used 4709K [0x00000000f0a00000, 0x00000000f0f60000, 0x00000000f5c00000)
  eden space 4480K,  99% used [0x00000000f0a00000, 0x00000000f0e5cd48, 0x00000000f0e60000)
  from space 512K,  47% used [0x00000000f0e60000, 0x00000000f0e9c800, 0x00000000f0ee0000)
  to   space 512K,   0% used [0x00000000f0ee0000, 0x00000000f0ee0000, 0x00000000f0f60000)
 tenured generation   total 10944K, used 9914K [0x00000000f5c00000, 0x00000000f66b0000, 0x0000000100000000)
   the space 10944K,  90% used [0x00000000f5c00000, 0x00000000f65ae9e8, 0x00000000f65aea00, 0x00000000f66b0000)
 Metaspace       used 26859K, capacity 27516K, committed 27648K, reserved 1073152K
  class space    used 3393K, capacity 3578K, committed 3584K, reserved 1048576K
Event: 5.478 GC heap after
Heap after GC invocations=68 (full 1):
 def new generation   total 4992K, used 512K [0x00000000f0a00000, 0x00000000f0f60000, 0x00000000f5c00000)
  eden space 4480K,   0% used [0x00000000f0a00000, 0x00000000f0a00000, 0x00000000f0e60000)
  from space 512K, 100% used [0x00000000f0ee0000, 0x00000000f0f60000, 0x00000000f0f60000)
  to   space 512K,   0% used [0x00000000f0e60000, 0x00000000f0e60000, 0x00000000f0ee0000)
 tenured generation   total 10944K, used 10037K [0x00000000f5c00000, 0x00000000f66b0000, 0x0000000100000000)
   the space 10944K,  91% used [0x00000000f5c00000, 0x00000000f65cd4f0, 0x00000000f65cd600, 0x00000000f66b0000)
 Metaspace       used 26859K, capacity 27516K, committed 27648K, reserved 1073152K
  class space    used 3393K, capacity 3578K, committed 3584K, reserved 1048576K
}
Event: 5.527 GC heap before
{Heap before GC invocations=68 (full 1):
 def new generation   total 4992K, used 4992K [0x00000000f0a00000, 0x00000000f0f60000, 0x00000000f5c00000)
  eden space 4480K, 100% used [0x00000000f0a00000, 0x00000000f0e60000, 0x00000000f0e60000)
  from space 512K, 100% used [0x00000000f0ee0000, 0x00000000f0f60000, 0x00000000f0f60000)
  to   space 512K,   0% used [0x00000000f0e60000, 0x00000000f0e60000, 0x00000000f0ee0000)
 tenured generation   total 10944K, used 10037K [0x00000000f5c00000, 0x00000000f66b0000, 0x0000000100000000)
   the space 10944K,  91% used [0x00000000f5c00000, 0x00000000f65cd4f0, 0x00000000f65cd600, 0x00000000f66b0000)
 Metaspace       used 27006K, capacity 27676K, committed 28032K, reserved 1073152K
  class space    used 3408K, capacity 3586K, committed 3712K, reserved 1048576K
Event: 5.532 GC heap after
Heap after GC invocations=69 (full 1):
 def new generation   total 4992K, used 374K [0x00000000f0a00000, 0x00000000f0f60000, 0x00000000f5c00000)
  eden space 4480K,   0% used [0x00000000f0a00000, 0x00000000f0a00000, 0x00000000f0e60000)
  from space 512K,  73% used [0x00000000f0e60000, 0x00000000f0ebd8d8, 0x00000000f0ee0000)
  to   space 512K,   0% used [0x00000000f0ee0000, 0x00000000f0ee0000, 0x00000000f0f60000)
 tenured generation   total 10944K, used 10332K [0x00000000f5c00000, 0x00000000f66b0000, 0x0000000100000000)
   the space 10944K,  94% used [0x00000000f5c00000, 0x00000000f6617010, 0x00000000f6617200, 0x00000000f66b0000)
 Metaspace       used 27006K, capacity 27676K, committed 28032K, reserved 1073152K
  class space    used 3408K, capacity 3586K, committed 3712K, reserved 1048576K
}
Event: 5.595 GC heap before
{Heap before GC invocations=69 (full 1):
 def new generation   total 4992K, used 4854K [0x00000000f0a00000, 0x00000000f0f60000, 0x00000000f5c00000)
  eden space 4480K, 100% used [0x00000000f0a00000, 0x00000000f0e60000, 0x00000000f0e60000)
  from space 512K,  73% used [0x00000000f0e60000, 0x00000000f0ebd8d8, 0x00000000f0ee0000)
  to   space 512K,   0% used [0x00000000f0ee0000, 0x00000000f0ee0000, 0x00000000f0f60000)
 tenured generation   total 10944K, used 10332K [0x00000000f5c00000, 0x00000000f66b0000, 0x0000000100000000)
   the space 10944K,  94% used [0x00000000f5c00000, 0x00000000f6617010, 0x00000000f6617200, 0x00000000f66b0000)
 Metaspace       used 27214K, capacity 27906K, committed 28032K, reserved 1073152K
  class space    used 3434K, capacity 3619K, committed 3712K, reserved 1048576K
Event: 5.597 GC heap after
Heap after GC invocations=70 (full 1):
 def new generation   total 4992K, used 422K [0x00000000f0a00000, 0x00000000f0f60000, 0x00000000f5c00000)
  eden space 4480K,   0% used [0x00000000f0a00000, 0x00000000f0a00000, 0x00000000f0e60000)
  from space 512K,  82% used [0x00000000f0ee0000, 0x00000000f0f49af0, 0x00000000f0f60000)
  to   space 512K,   0% used [0x00000000f0e60000, 0x00000000f0e60000, 0x00000000f0ee0000)
 tenured generation   total 10944K, used 10461K [0x00000000f5c00000, 0x00000000f66b0000, 0x0000000100000000)
   the space 10944K,  95% used [0x00000000f5c00000, 0x00000000f66375a8, 0x00000000f6637600, 0x00000000f66b0000)
 Metaspace       used 27214K, capacity 27906K, committed 28032K, reserved 1073152K
  class space    used 3434K, capacity 3619K, committed 3712K, reserved 1048576K
}
Event: 5.623 GC heap before
{Heap before GC invocations=70 (full 1):
 def new generation   total 4992K, used 4902K [0x00000000f0a00000, 0x00000000f0f60000, 0x00000000f5c00000)
  eden space 4480K, 100% used [0x00000000f0a00000, 0x00000000f0e60000, 0x00000000f0e60000)
  from space 512K,  82% used [0x00000000f0ee0000, 0x00000000f0f49af0, 0x00000000f0f60000)
  to   space 512K,   0% used [0x00000000f0e60000, 0x00000000f0e60000, 0x00000000f0ee0000)
 tenured generation   total 10944K, used 10461K [0x00000000f5c00000, 0x00000000f66b0000, 0x0000000100000000)
   the space 10944K,  95% used [0x00000000f5c00000, 0x00000000f66375a8, 0x00000000f6637600, 0x00000000f66b0000)
 Metaspace       used 27247K, capacity 27938K, committed 28032K, reserved 1073152K
  class space    used 3439K, capacity 3651K, committed 3712K, reserved 1048576K
Event: 5.625 GC heap after
Heap after GC invocations=71 (full 1):
 def new generation   total 4992K, used 342K [0x00000000f0a00000, 0x00000000f0f60000, 0x00000000f5c00000)
  eden space 4480K,   0% used [0x00000000f0a00000, 0x00000000f0a00000, 0x00000000f0e60000)
  from space 512K,  66% used [0x00000000f0e60000, 0x00000000f0eb5a50, 0x00000000f0ee0000)
  to   space 512K,   0% used [0x00000000f0ee0000, 0x00000000f0ee0000, 0x00000000f0f60000)
 tenured generation   total 10944K, used 10687K [0x00000000f5c00000, 0x00000000f66b0000, 0x0000000100000000)
   the space 10944K,  97% used [0x00000000f5c00000, 0x00000000f666fe98, 0x00000000f6670000, 0x00000000f66b0000)
 Metaspace       used 27247K, capacity 27938K, committed 28032K, reserved 1073152K
  class space    used 3439K, capacity 3651K, committed 3712K, reserved 1048576K
}
Event: 5.641 GC heap before
{Heap before GC invocations=71 (full 1):
 def new generation   total 4992K, used 4822K [0x00000000f0a00000, 0x00000000f0f60000, 0x00000000f5c00000)
  eden space 4480K, 100% used [0x00000000f0a00000, 0x00000000f0e60000, 0x00000000f0e60000)
  from space 512K,  66% used [0x00000000f0e60000, 0x00000000f0eb5a50, 0x00000000f0ee0000)
  to   space 512K,   0% used [0x00000000f0ee0000, 0x00000000f0ee0000, 0x00000000f0f60000)
 tenured generation   total 10944K, used 10687K [0x00000000f5c00000, 0x00000000f66b0000, 0x0000000100000000)
   the space 10944K,  97% used [0x00000000f5c00000, 0x00000000f666fe98, 0x00000000f6670000, 0x00000000f66b0000)
 Metaspace       used 27247K, capacity 27938K, committed 28032K, reserved 1073152K
  class space    used 3439K, capacity 3651K, committed 3712K, reserved 1048576K
Event: 5.642 GC heap after
Heap after GC invocations=72 (full 1):
 def new generation   total 4992K, used 160K [0x00000000f0a00000, 0x00000000f0f60000, 0x00000000f5c00000)
  eden space 4480K,   0% used [0x00000000f0a00000, 0x00000000f0a00000, 0x00000000f0e60000)
  from space 512K,  31% used [0x00000000f0ee0000, 0x00000000f0f08078, 0x00000000f0f60000)
  to   space 512K,   0% used [0x00000000f0e60000, 0x00000000f0e60000, 0x00000000f0ee0000)
 tenured generation   total 10944K, used 10755K [0x00000000f5c00000, 0x00000000f66b0000, 0x0000000100000000)
   the space 10944K,  98% used [0x00000000f5c00000, 0x00000000f6680c00, 0x00000000f6680c00, 0x00000000f66b0000)
 Metaspace       used 27247K, capacity 27938K, committed 28032K, reserved 1073152K
  class space    used 3439K, capacity 3651K, committed 3712K, reserved 1048576K
}
Event: 5.662 GC heap before
{Heap before GC invocations=72 (full 1):
 def new generation   total 4992K, used 4640K [0x00000000f0a00000, 0x00000000f0f60000, 0x00000000f5c00000)
  eden space 4480K, 100% used [0x00000000f0a00000, 0x00000000f0e60000, 0x00000000f0e60000)
  from space 512K,  31% used [0x00000000f0ee0000, 0x00000000f0f08078, 0x00000000f0f60000)
  to   space 512K,   0% used [0x00000000f0e60000, 0x00000000f0e60000, 0x00000000f0ee0000)
 tenured generation   total 10944K, used 10755K [0x00000000f5c00000, 0x00000000f66b0000, 0x0000000100000000)
   the space 10944K,  98% used [0x00000000f5c00000, 0x00000000f6680c00, 0x00000000f6680c00, 0x00000000f66b0000)
 Metaspace       used 27249K, capacity 27938K, committed 28032K, reserved 1073152K
  class space    used 3439K, capacity 3651K, committed 3712K, reserved 1048576K
Event: 5.663 GC heap after
Heap after GC invocations=73 (full 1):
 def new generation   total 4992K, used 376K [0x00000000f0a00000, 0x00000000f0f60000, 0x00000000f5c00000)
  eden space 4480K,   0% used [0x00000000f0a00000, 0x00000000f0a00000, 0x00000000f0e60000)
  from space 512K,  73% used [0x00000000f0e60000, 0x00000000f0ebe278, 0x00000000f0ee0000)
  to   space 512K,   0% used [0x00000000f0ee0000, 0x00000000f0ee0000, 0x00000000f0f60000)
 tenured generation   total 10944K, used 10755K [0x00000000f5c00000, 0x00000000f66b0000, 0x0000000100000000)
   the space 10944K,  98% used [0x00000000f5c00000, 0x00000000f6680c00, 0x00000000f6680c00, 0x00000000f66b0000)
 Metaspace       used 27249K, capacity 27938K, committed 28032K, reserved 1073152K
  class space    used 3439K, capacity 3651K, committed 3712K, reserved 1048576K
}
Event: 5.691 GC heap before
{Heap before GC invocations=73 (full 1):
 def new generation   total 4992K, used 4856K [0x00000000f0a00000, 0x00000000f0f60000, 0x00000000f5c00000)
  eden space 4480K, 100% used [0x00000000f0a00000, 0x00000000f0e60000, 0x00000000f0e60000)
  from space 512K,  73% used [0x00000000f0e60000, 0x00000000f0ebe278, 0x00000000f0ee0000)
  to   space 512K,   0% used [0x00000000f0ee0000, 0x00000000f0ee0000, 0x00000000f0f60000)
 tenured generation   total 10944K, used 10755K [0x00000000f5c00000, 0x00000000f66b0000, 0x0000000100000000)
   the space 10944K,  98% used [0x00000000f5c00000, 0x00000000f6680c00, 0x00000000f6680c00, 0x00000000f66b0000)
 Metaspace       used 27251K, capacity 27938K, committed 28032K, reserved 1073152K
  class space    used 3439K, capacity 3651K, committed 3712K, reserved 1048576K
Event: 5.693 GC heap after
Heap after GC invocations=74 (full 1):
 def new generation   total 4992K, used 298K [0x00000000f0a00000, 0x00000000f0f60000, 0x00000000f5c00000)
  eden space 4480K,   0% used [0x00000000f0a00000, 0x00000000f0a00000, 0x00000000f0e60000)
  from space 512K,  58% used [0x00000000f0ee0000, 0x00000000f0f2a8c8, 0x00000000f0f60000)
  to   space 512K,   0% used [0x00000000f0e60000, 0x00000000f0e60000, 0x00000000f0ee0000)
 tenured generation   total 10944K, used 10820K [0x00000000f5c00000, 0x00000000f66b0000, 0x0000000100000000)
   the space 10944K,  98% used [0x00000000f5c00000, 0x00000000f6691240, 0x00000000f6691400, 0x00000000f66b0000)
 Metaspace       used 27251K, capacity 27938K, committed 28032K, reserved 1073152K
  class space    used 3439K, capacity 3651K, committed 3712K, reserved 1048576K
}
Event: 5.722 GC heap before
{Heap before GC invocations=74 (full 1):
 def new generation   total 4992K, used 4778K [0x00000000f0a00000, 0x00000000f0f60000, 0x00000000f5c00000)
  eden space 4480K, 100% used [0x00000000f0a00000, 0x00000000f0e60000, 0x00000000f0e60000)
  from space 512K,  58% used [0x00000000f0ee0000, 0x00000000f0f2a8c8, 0x00000000f0f60000)
  to   space 512K,   0% used [0x00000000f0e60000, 0x00000000f0e60000, 0x00000000f0ee0000)
 tenured generation   total 10944K, used 10820K [0x00000000f5c00000, 0x00000000f66b0000, 0x0000000100000000)
   the space 10944K,  98% used [0x00000000f5c00000, 0x00000000f6691240, 0x00000000f6691400, 0x00000000f66b0000)
 Metaspace       used 27271K, capacity 27938K, committed 28032K, reserved 1073152K
  class space    used 3439K, capacity 3651K, committed 3712K, reserved 1048576K
Event: 5.724 GC heap after
Heap after GC invocations=75 (full 1):
 def new generation   total 4992K, used 258K [0x00000000f0a00000, 0x00000000f0f60000, 0x00000000f5c00000)
  eden space 4480K,   0% used [0x00000000f0a00000, 0x00000000f0a00000, 0x00000000f0e60000)
  from space 512K,  50% used [0x00000000f0e60000, 0x00000000f0ea0850, 0x00000000f0ee0000)
  to   space 512K,   0% used [0x00000000f0ee0000, 0x00000000f0ee0000, 0x00000000f0f60000)
 tenured generation   total 10944K, used 10859K [0x00000000f5c00000, 0x00000000f66b0000, 0x0000000100000000)
   the space 10944K,  99% used [0x00000000f5c00000, 0x00000000f669ad00, 0x00000000f669ae00, 0x00000000f66b0000)
 Metaspace       used 27271K, capacity 27938K, committed 28032K, reserved 1073152K
  class space    used 3439K, capacity 3651K, committed 3712K, reserved 1048576K
}
Event: 5.735 GC heap before
{Heap before GC invocations=75 (full 1):
 def new generation   total 4992K, used 4738K [0x00000000f0a00000, 0x00000000f0f60000, 0x00000000f5c00000)
  eden space 4480K, 100% used [0x00000000f0a00000, 0x00000000f0e60000, 0x00000000f0e60000)
  from space 512K,  50% used [0x00000000f0e60000, 0x00000000f0ea0850, 0x00000000f0ee0000)
  to   space 512K,   0% used [0x00000000f0ee0000, 0x00000000f0ee0000, 0x00000000f0f60000)
 tenured generation   total 10944K, used 10859K [0x00000000f5c00000, 0x00000000f66b0000, 0x0000000100000000)
   the space 10944K,  99% used [0x00000000f5c00000, 0x00000000f669ad00, 0x00000000f669ae00, 0x00000000f66b0000)
 Metaspace       used 27271K, capacity 27938K, committed 28032K, reserved 1073152K
  class space    used 3439K, capacity 3651K, committed 3712K, reserved 1048576K
Event: 5.736 GC heap after
Heap after GC invocations=76 (full 1):
 def new generation   total 4992K, used 180K [0x00000000f0a00000, 0x00000000f0f60000, 0x00000000f5c00000)
  eden space 4480K,   0% used [0x00000000f0a00000, 0x00000000f0a00000, 0x00000000f0e60000)
  from space 512K,  35% used [0x00000000f0ee0000, 0x00000000f0f0d360, 0x00000000f0f60000)
  to   space 512K,   0% used [0x00000000f0e60000, 0x00000000f0e60000, 0x00000000f0ee0000)
 tenured generation   total 10944K, used 10909K [0x00000000f5c00000, 0x00000000f66b0000, 0x0000000100000000)
   the space 10944K,  99% used [0x00000000f5c00000, 0x00000000f66a75a8, 0x00000000f66a7600, 0x00000000f66b0000)
 Metaspace       used 27271K, capacity 27938K, committed 28032K, reserved 1073152K
  class space    used 3439K, capacity 3651K, committed 3712K, reserved 1048576K
}
Event: 5.751 GC heap before
{Heap before GC invocations=76 (full 1):
 def new generation   total 4992K, used 4660K [0x00000000f0a00000, 0x00000000f0f60000, 0x00000000f5c00000)
  eden space 4480K, 100% used [0x00000000f0a00000, 0x00000000f0e60000, 0x00000000f0e60000)
  from space 512K,  35% used [0x00000000f0ee0000, 0x00000000f0f0d360, 0x00000000f0f60000)
  to   space 512K,   0% used [0x00000000f0e60000, 0x00000000f0e60000, 0x00000000f0ee0000)
 tenured generation   total 10944K, used 10909K [0x00000000f5c00000, 0x00000000f66b0000, 0x0000000100000000)
   the space 10944K,  99% used [0x00000000f5c00000, 0x00000000f66a75a8, 0x00000000f66a7600, 0x00000000f66b0000)
 Metaspace       used 27271K, capacity 27938K, committed 28032K, reserved 1073152K
  class space    used 3439K, capacity 3651K, committed 3712K, reserved 1048576K
Event: 5.752 GC heap after
Heap after GC invocations=77 (full 1):
 def new generation   total 4992K, used 226K [0x00000000f0a00000, 0x00000000f0f60000, 0x00000000f5c00000)
  eden space 4480K,   0% used [0x00000000f0a00000, 0x00000000f0a00000, 0x00000000f0e60000)
  from space 512K,  44% used [0x00000000f0e60000, 0x00000000f0e98850, 0x00000000f0ee0000)
  to   space 512K,   0% used [0x00000000f0ee0000, 0x00000000f0ee0000, 0x00000000f0f60000)
 tenured generation   total 10944K, used 10909K [0x00000000f5c00000, 0x00000000f66b0000, 0x0000000100000000)
   the space 10944K,  99% used [0x00000000f5c00000, 0x00000000f66a75a8, 0x00000000f66a7600, 0x00000000f66b0000)
 Metaspace       used 27271K, capacity 27938K, committed 28032K, reserved 1073152K
  class space    used 3439K, capacity 3651K, committed 3712K, reserved 1048576K
}
Event: 5.763 GC heap before
{Heap before GC invocations=77 (full 1):
 def new generation   total 4992K, used 4705K [0x00000000f0a00000, 0x00000000f0f60000, 0x00000000f5c00000)
  eden space 4480K,  99% used [0x00000000f0a00000, 0x00000000f0e5ffa8, 0x00000000f0e60000)
  from space 512K,  44% used [0x00000000f0e60000, 0x00000000f0e98850, 0x00000000f0ee0000)
  to   space 512K,   0% used [0x00000000f0ee0000, 0x00000000f0ee0000, 0x00000000f0f60000)
 tenured generation   total 10944K, used 10909K [0x00000000f5c00000, 0x00000000f66b0000, 0x0000000100000000)
   the space 10944K,  99% used [0x00000000f5c00000, 0x00000000f66a75a8, 0x00000000f66a7600, 0x00000000f66b0000)
 Metaspace       used 27271K, capacity 27938K, committed 28032K, reserved 1073152K
  class space    used 3439K, capacity 3651K, committed 3712K, reserved 1048576K
Event: 5.764 GC heap after
Heap after GC invocations=78 (full 1):
 def new generation   total 4992K, used 202K [0x00000000f0a00000, 0x00000000f0f60000, 0x00000000f5c00000)
  eden space 4480K,   0% used [0x00000000f0a00000, 0x00000000f0a00000, 0x00000000f0e60000)
  from space 512K,  39% used [0x00000000f0ee0000, 0x00000000f0f12a48, 0x00000000f0f60000)
  to   space 512K,   0% used [0x00000000f0e60000, 0x00000000f0e60000, 0x00000000f0ee0000)
 tenured generation   total 10944K, used 10909K [0x00000000f5c00000, 0x00000000f66b0000, 0x0000000100000000)
   the space 10944K,  99% used [0x00000000f5c00000, 0x00000000f66a75a8, 0x00000000f66a7600, 0x00000000f66b0000)
 Metaspace       used 27271K, capacity 27938K, committed 28032K, reserved 1073152K
  class space    used 3439K, capacity 3651K, committed 3712K, reserved 1048576K
}
Event: 5.785 GC heap before
{Heap before GC invocations=78 (full 1):
 def new generation   total 4992K, used 4682K [0x00000000f0a00000, 0x00000000f0f60000, 0x00000000f5c00000)
  eden space 4480K, 100% used [0x00000000f0a00000, 0x00000000f0e60000, 0x00000000f0e60000)
  from space 512K,  39% used [0x00000000f0ee0000, 0x00000000f0f12a48, 0x00000000f0f60000)
  to   space 512K,   0% used [0x00000000f0e60000, 0x00000000f0e60000, 0x00000000f0ee0000)
 tenured generation   total 10944K, used 10909K [0x00000000f5c00000, 0x00000000f66b0000, 0x0000000100000000)
   the space 10944K,  99% used [0x00000000f5c00000, 0x00000000f66a75a8, 0x00000000f66a7600, 0x00000000f66b0000)
 Metaspace       used 27271K, capacity 27938K, committed 28032K, reserved 1073152K
  class space    used 3439K, capacity 3651K, committed 3712K, reserved 1048576K
Event: 5.786 GC heap after
Heap after GC invocations=79 (full 1):
 def new generation   total 4992K, used 223K [0x00000000f0a00000, 0x00000000f0f60000, 0x00000000f5c00000)
  eden space 4480K,   0% used [0x00000000f0a00000, 0x00000000f0a00000, 0x00000000f0e60000)
  from space 512K,  43% used [0x00000000f0e60000, 0x00000000f0e97e80, 0x00000000f0ee0000)
  to   space 512K,   0% used [0x00000000f0ee0000, 0x00000000f0ee0000, 0x00000000f0f60000)
 tenured generation   total 10944K, used 10909K [0x00000000f5c00000, 0x00000000f66b0000, 0x0000000100000000)
   the space 10944K,  99% used [0x00000000f5c00000, 0x00000000f66a75a8, 0x00000000f66a7600, 0x00000000f66b0000)
 Metaspace       used 27271K, capacity 27938K, committed 28032K, reserved 1073152K
  class space    used 3439K, capacity 3651K, committed 3712K, reserved 1048576K
}
Event: 5.808 GC heap before
{Heap before GC invocations=79 (full 1):
 def new generation   total 4992K, used 4703K [0x00000000f0a00000, 0x00000000f0f60000, 0x00000000f5c00000)
  eden space 4480K, 100% used [0x00000000f0a00000, 0x00000000f0e60000, 0x00000000f0e60000)
  from space 512K,  43% used [0x00000000f0e60000, 0x00000000f0e97e80, 0x00000000f0ee0000)
  to   space 512K,   0% used [0x00000000f0ee0000, 0x00000000f0ee0000, 0x00000000f0f60000)
 tenured generation   total 10944K, used 10909K [0x00000000f5c00000, 0x00000000f66b0000, 0x0000000100000000)
   the space 10944K,  99% used [0x00000000f5c00000, 0x00000000f66a75a8, 0x00000000f66a7600, 0x00000000f66b0000)
 Metaspace       used 27271K, capacity 27938K, committed 28032K, reserved 1073152K
  class space    used 3439K, capacity 3651K, committed 3712K, reserved 1048576K
Event: 5.809 GC heap after
Heap after GC invocations=80 (full 1):
 def new generation   total 4992K, used 350K [0x00000000f0a00000, 0x00000000f0f60000, 0x00000000f5c00000)
  eden space 4480K,   0% used [0x00000000f0a00000, 0x00000000f0a00000, 0x00000000f0e60000)
  from space 512K,  68% used [0x00000000f0ee0000, 0x00000000f0f379c0, 0x00000000f0f60000)
  to   space 512K,   0% used [0x00000000f0e60000, 0x00000000f0e60000, 0x00000000f0ee0000)
 tenured generation   total 10944K, used 10909K [0x00000000f5c00000, 0x00000000f66b0000, 0x0000000100000000)
   the space 10944K,  99% used [0x00000000f5c00000, 0x00000000f66a75a8, 0x00000000f66a7600, 0x00000000f66b0000)
 Metaspace       used 27271K, capacity 27938K, committed 28032K, reserved 1073152K
  class space    used 3439K, capacity 3651K, committed 3712K, reserved 1048576K
}
Event: 5.841 GC heap before
{Heap before GC invocations=80 (full 1):
 def new generation   total 4992K, used 4830K [0x00000000f0a00000, 0x00000000f0f60000, 0x00000000f5c00000)
  eden space 4480K, 100% used [0x00000000f0a00000, 0x00000000f0e60000, 0x00000000f0e60000)
  from space 512K,  68% used [0x00000000f0ee0000, 0x00000000f0f379c0, 0x00000000f0f60000)
  to   space 512K,   0% used [0x00000000f0e60000, 0x00000000f0e60000, 0x00000000f0ee0000)
 tenured generation   total 10944K, used 10909K [0x00000000f5c00000, 0x00000000f66b0000, 0x0000000100000000)
   the space 10944K,  99% used [0x00000000f5c00000, 0x00000000f66a75a8, 0x00000000f66a7600, 0x00000000f66b0000)
 Metaspace       used 27272K, capacity 27938K, committed 28032K, reserved 1073152K
  class space    used 3439K, capacity 3651K, committed 3712K, reserved 1048576K
Event: 5.877 GC heap after
Heap after GC invocations=81 (full 2):
 def new generation   total 7616K, used 0K [0x00000000f0a00000, 0x00000000f1240000, 0x00000000f5c00000)
  eden space 6784K,   0% used [0x00000000f0a00000, 0x00000000f0a00000, 0x00000000f10a0000)
  from space 832K,   0% used [0x00000000f10a0000, 0x00000000f10a0000, 0x00000000f1170000)
  to   space 832K,   0% used [0x00000000f1170000, 0x00000000f1170000, 0x00000000f1240000)
 tenured generation   total 16772K, used 10061K [0x00000000f5c00000, 0x00000000f6c61000, 0x0000000100000000)
   the space 16772K,  59% used [0x00000000f5c00000, 0x00000000f65d3508, 0x00000000f65d3600, 0x00000000f6c61000)
 Metaspace       used 27272K, capacity 27938K, committed 28032K, reserved 1073152K
  class space    used 3439K, capacity 3651K, committed 3712K, reserved 1048576K
}
Event: 5.937 GC heap before
{Heap before GC invocations=81 (full 2):
 def new generation   total 7616K, used 6784K [0x00000000f0a00000, 0x00000000f1240000, 0x00000000f5c00000)
  eden space 6784K, 100% used [0x00000000f0a00000, 0x00000000f10a0000, 0x00000000f10a0000)
  from space 832K,   0% used [0x00000000f10a0000, 0x00000000f10a0000, 0x00000000f1170000)
  to   space 832K,   0% used [0x00000000f1170000, 0x00000000f1170000, 0x00000000f1240000)
 tenured generation   total 16772K, used 10061K [0x00000000f5c00000, 0x00000000f6c61000, 0x0000000100000000)
   the space 16772K,  59% used [0x00000000f5c00000, 0x00000000f65d3508, 0x00000000f65d3600, 0x00000000f6c61000)
 Metaspace       used 27275K, capacity 27938K, committed 28032K, reserved 1073152K
  class space    used 3439K, capacity 3651K, committed 3712K, reserved 1048576K
Event: 5.940 GC heap after
Heap after GC invocations=82 (full 2):
 def new generation   total 7616K, used 692K [0x00000000f0a00000, 0x00000000f1240000, 0x00000000f5c00000)
  eden space 6784K,   0% used [0x00000000f0a00000, 0x00000000f0a00000, 0x00000000f10a0000)
  from space 832K,  83% used [0x00000000f1170000, 0x00000000f121d168, 0x00000000f1240000)
  to   space 832K,   0% used [0x00000000f10a0000, 0x00000000f10a0000, 0x00000000f1170000)
 tenured generation   total 16772K, used 10061K [0x00000000f5c00000, 0x00000000f6c61000, 0x0000000100000000)
   the space 16772K,  59% used [0x00000000f5c00000, 0x00000000f65d3508, 0x00000000f65d3600, 0x00000000f6c61000)
 Metaspace       used 27275K, capacity 27938K, committed 28032K, reserved 1073152K
  class space    used 3439K, capacity 3651K, committed 3712K, reserved 1048576K
}
Event: 5.976 GC heap before
{Heap before GC invocations=82 (full 2):
 def new generation   total 7616K, used 7476K [0x00000000f0a00000, 0x00000000f1240000, 0x00000000f5c00000)
  eden space 6784K, 100% used [0x00000000f0a00000, 0x00000000f10a0000, 0x00000000f10a0000)
  from space 832K,  83% used [0x00000000f1170000, 0x00000000f121d168, 0x00000000f1240000)
  to   space 832K,   0% used [0x00000000f10a0000, 0x00000000f10a0000, 0x00000000f1170000)
 tenured generation   total 16772K, used 10061K [0x00000000f5c00000, 0x00000000f6c61000, 0x0000000100000000)
   the space 16772K,  59% used [0x00000000f5c00000, 0x00000000f65d3508, 0x00000000f65d3600, 0x00000000f6c61000)
 Metaspace       used 27275K, capacity 27938K, committed 28032K, reserved 1073152K
  class space    used 3439K, capacity 3651K, committed 3712K, reserved 1048576K
Event: 5.978 GC heap after
Heap after GC invocations=83 (full 2):
 def new generation   total 7616K, used 561K [0x00000000f0a00000, 0x00000000f1240000, 0x00000000f5c00000)
  eden space 6784K,   0% used [0x00000000f0a00000, 0x00000000f0a00000, 0x00000000f10a0000)
  from space 832K,  67% used [0x00000000f10a0000, 0x00000000f112c4b8, 0x00000000f1170000)
  to   space 832K,   0% used [0x00000000f1170000, 0x00000000f1170000, 0x00000000f1240000)
 tenured generation   total 16772K, used 10222K [0x00000000f5c00000, 0x00000000f6c61000, 0x0000000100000000)
   the space 16772K,  60% used [0x00000000f5c00000, 0x00000000f65fb9e0, 0x00000000f65fba00, 0x00000000f6c61000)
 Metaspace       used 27275K, capacity 27938K, committed 28032K, reserved 1073152K
  class space    used 3439K, capacity 3651K, committed 3712K, reserved 1048576K
}
Event: 6.014 GC heap before
{Heap before GC invocations=83 (full 2):
 def new generation   total 7616K, used 7345K [0x00000000f0a00000, 0x00000000f1240000, 0x00000000f5c00000)
  eden space 6784K, 100% used [0x00000000f0a00000, 0x00000000f10a0000, 0x00000000f10a0000)
  from space 832K,  67% used [0x00000000f10a0000, 0x00000000f112c4b8, 0x00000000f1170000)
  to   space 832K,   0% used [0x00000000f1170000, 0x00000000f1170000, 0x00000000f1240000)
 tenured generation   total 16772K, used 10222K [0x00000000f5c00000, 0x00000000f6c61000, 0x0000000100000000)
   the space 16772K,  60% used [0x00000000f5c00000, 0x00000000f65fb9e0, 0x00000000f65fba00, 0x00000000f6c61000)
 Metaspace       used 27280K, capacity 27938K, committed 28032K, reserved 1073152K
  class space    used 3439K, capacity 3651K, committed 3712K, reserved 1048576K
Event: 6.015 GC heap after
Heap after GC invocations=84 (full 2):
 def new generation   total 7616K, used 295K [0x00000000f0a00000, 0x00000000f1240000, 0x00000000f5c00000)
  eden space 6784K,   0% used [0x00000000f0a00000, 0x00000000f0a00000, 0x00000000f10a0000)
  from space 832K,  35% used [0x00000000f1170000, 0x00000000f11b9c00, 0x00000000f1240000)
  to   space 832K,   0% used [0x00000000f10a0000, 0x00000000f10a0000, 0x00000000f1170000)
 tenured generation   total 16772K, used 10315K [0x00000000f5c00000, 0x00000000f6c61000, 0x0000000100000000)
   the space 16772K,  61% used [0x00000000f5c00000, 0x00000000f6612c80, 0x00000000f6612e00, 0x00000000f6c61000)
 Metaspace       used 27280K, capacity 27938K, committed 28032K, reserved 1073152K
  class space    used 3439K, capacity 3651K, committed 3712K, reserved 1048576K
}
Event: 6.052 GC heap before
{Heap before GC invocations=84 (full 2):
 def new generation   total 7616K, used 7079K [0x00000000f0a00000, 0x00000000f1240000, 0x00000000f5c00000)
  eden space 6784K, 100% used [0x00000000f0a00000, 0x00000000f10a0000, 0x00000000f10a0000)
  from space 832K,  35% used [0x00000000f1170000, 0x00000000f11b9c00, 0x00000000f1240000)
  to   space 832K,   0% used [0x00000000f10a0000, 0x00000000f10a0000, 0x00000000f1170000)
 tenured generation   total 16772K, used 10315K [0x00000000f5c00000, 0x00000000f6c61000, 0x0000000100000000)
   the space 16772K,  61% used [0x00000000f5c00000, 0x00000000f6612c80, 0x00000000f6612e00, 0x00000000f6c61000)
 Metaspace       used 27287K, capacity 27938K, committed 28032K, reserved 1073152K
  class space    used 3441K, capacity 3651K, committed 3712K, reserved 1048576K
Event: 6.054 GC heap after
Heap after GC invocations=85 (full 2):
 def new generation   total 7616K, used 623K [0x00000000f0a00000, 0x00000000f1240000, 0x00000000f5c00000)
  eden space 6784K,   0% used [0x00000000f0a00000, 0x00000000f0a00000, 0x00000000f10a0000)
  from space 832K,  74% used [0x00000000f10a0000, 0x00000000f113bde8, 0x00000000f1170000)
  to   space 832K,   0% used [0x00000000f1170000, 0x00000000f1170000, 0x00000000f1240000)
 tenured generation   total 16772K, used 10315K [0x00000000f5c00000, 0x00000000f6c61000, 0x0000000100000000)
   the space 16772K,  61% used [0x00000000f5c00000, 0x00000000f6612c80, 0x00000000f6612e00, 0x00000000f6c61000)
 Metaspace       used 27287K, capacity 27938K, committed 28032K, reserved 1073152K
  class space    used 3441K, capacity 3651K, committed 3712K, reserved 1048576K
}
Event: 6.085 GC heap before
{Heap before GC invocations=85 (full 2):
 def new generation   total 7616K, used 7407K [0x00000000f0a00000, 0x00000000f1240000, 0x00000000f5c00000)
  eden space 6784K, 100% used [0x00000000f0a00000, 0x00000000f10a0000, 0x00000000f10a0000)
  from space 832K,  74% used [0x00000000f10a0000, 0x00000000f113bde8, 0x00000000f1170000)
  to   space 832K,   0% used [0x00000000f1170000, 0x00000000f1170000, 0x00000000f1240000)
 tenured generation   total 16772K, used 10315K [0x00000000f5c00000, 0x00000000f6c61000, 0x0000000100000000)
   the space 16772K,  61% used [0x00000000f5c00000, 0x00000000f6612c80, 0x00000000f6612e00, 0x00000000f6c61000)
 Metaspace       used 27288K, capacity 28002K, committed 28288K, reserved 1073152K
  class space    used 3441K, capacity 3651K, committed 3712K, reserved 1048576K
Event: 6.086 GC heap after
Heap after GC invocations=86 (full 2):
 def new generation   total 7616K, used 37K [0x00000000f0a00000, 0x00000000f1240000, 0x00000000f5c00000)
  eden space 6784K,   0% used [0x00000000f0a00000, 0x00000000f0a00000, 0x00000000f10a0000)
  from space 832K,   4% used [0x00000000f1170000, 0x00000000f1179690, 0x00000000f1240000)
  to   space 832K,   0% used [0x00000000f10a0000, 0x00000000f10a0000, 0x00000000f1170000)
 tenured generation   total 16772K, used 10446K [0x00000000f5c00000, 0x00000000f6c61000, 0x0000000100000000)
   the space 16772K,  62% used [0x00000000f5c00000, 0x00000000f6633990, 0x00000000f6633a00, 0x00000000f6c61000)
 Metaspace       used 27288K, capacity 28002K, committed 28288K, reserved 1073152K
  class space    used 3441K, capacity 3651K, committed 3712K, reserved 1048576K
}
Event: 6.125 GC heap before
{Heap before GC invocations=86 (full 2):
 def new generation   total 7616K, used 6821K [0x00000000f0a00000, 0x00000000f1240000, 0x00000000f5c00000)
  eden space 6784K, 100% used [0x00000000f0a00000, 0x00000000f10a0000, 0x00000000f10a0000)
  from space 832K,   4% used [0x00000000f1170000, 0x00000000f1179690, 0x00000000f1240000)
  to   space 832K,   0% used [0x00000000f10a0000, 0x00000000f10a0000, 0x00000000f1170000)
 tenured generation   total 16772K, used 10446K [0x00000000f5c00000, 0x00000000f6c61000, 0x0000000100000000)
   the space 16772K,  62% used [0x00000000f5c00000, 0x00000000f6633990, 0x00000000f6633a00, 0x00000000f6c61000)
 Metaspace       used 27372K, capacity 28066K, committed 28288K, reserved 1073152K
  class space    used 3443K, capacity 3651K, committed 3712K, reserved 1048576K
Event: 6.127 GC heap after
Heap after GC invocations=87 (full 2):
 def new generation   total 7616K, used 254K [0x00000000f0a00000, 0x00000000f1240000, 0x00000000f5c00000)
  eden space 6784K,   0% used [0x00000000f0a00000, 0x00000000f0a00000, 0x00000000f10a0000)
  from space 832K,  30% used [0x00000000f10a0000, 0x00000000f10dfb58, 0x00000000f1170000)
  to   space 832K,   0% used [0x00000000f1170000, 0x00000000f1170000, 0x00000000f1240000)
 tenured generation   total 16772K, used 10446K [0x00000000f5c00000, 0x00000000f6c61000, 0x0000000100000000)
   the space 16772K,  62% used [0x00000000f5c00000, 0x00000000f6633990, 0x00000000f6633a00, 0x00000000f6c61000)
 Metaspace       used 27372K, capacity 28066K, committed 28288K, reserved 1073152K
  class space    used 3443K, capacity 3651K, committed 3712K, reserved 1048576K
}
Event: 6.169 GC heap before
{Heap before GC invocations=87 (full 2):
 def new generation   total 7616K, used 7038K [0x00000000f0a00000, 0x00000000f1240000, 0x00000000f5c00000)
  eden space 6784K, 100% used [0x00000000f0a00000, 0x00000000f10a0000, 0x00000000f10a0000)
  from space 832K,  30% used [0x00000000f10a0000, 0x00000000f10dfb58, 0x00000000f1170000)
  to   space 832K,   0% used [0x00000000f1170000, 0x00000000f1170000, 0x00000000f1240000)
 tenured generation   total 16772K, used 10446K [0x00000000f5c00000, 0x00000000f6c61000, 0x0000000100000000)
   the space 16772K,  62% used [0x00000000f5c00000, 0x00000000f6633990, 0x00000000f6633a00, 0x00000000f6c61000)
 Metaspace       used 27413K, capacity 28130K, committed 28288K, reserved 1073152K
  class space    used 3445K, capacity 3651K, committed 3712K, reserved 1048576K
Event: 6.171 GC heap after
Heap after GC invocations=88 (full 2):
 def new generation   total 7616K, used 570K [0x00000000f0a00000, 0x00000000f1240000, 0x00000000f5c00000)
  eden space 6784K,   0% used [0x00000000f0a00000, 0x00000000f0a00000, 0x00000000f10a0000)
  from space 832K,  68% used [0x00000000f1170000, 0x00000000f11feb80, 0x00000000f1240000)
  to   space 832K,   0% used [0x00000000f10a0000, 0x00000000f10a0000, 0x00000000f1170000)
 tenured generation   total 16772K, used 10446K [0x00000000f5c00000, 0x00000000f6c61000, 0x0000000100000000)
   the space 16772K,  62% used [0x00000000f5c00000, 0x00000000f6633990, 0x00000000f6633a00, 0x00000000f6c61000)
 Metaspace       used 27413K, capacity 28130K, committed 28288K, reserved 1073152K
  class space    used 3445K, capacity 3651K, committed 3712K, reserved 1048576K
}
Event: 6.205 GC heap before
{Heap before GC invocations=88 (full 2):
 def new generation   total 7616K, used 7354K [0x00000000f0a00000, 0x00000000f1240000, 0x00000000f5c00000)
  eden space 6784K, 100% used [0x00000000f0a00000, 0x00000000f10a0000, 0x00000000f10a0000)
  from space 832K,  68% used [0x00000000f1170000, 0x00000000f11feb80, 0x00000000f1240000)
  to   space 832K,   0% used [0x00000000f10a0000, 0x00000000f10a0000, 0x00000000f1170000)
 tenured generation   total 16772K, used 10446K [0x00000000f5c00000, 0x00000000f6c61000, 0x0000000100000000)
   the space 16772K,  62% used [0x00000000f5c00000, 0x00000000f6633990, 0x00000000f6633a00, 0x00000000f6c61000)
 Metaspace       used 27413K, capacity 28130K, committed 28288K, reserved 1073152K
  class space    used 3445K, capacity 3651K, committed 3712K, reserved 1048576K
Event: 6.206 GC heap after
Heap after GC invocations=89 (full 2):
 def new generation   total 7616K, used 502K [0x00000000f0a00000, 0x00000000f1240000, 0x00000000f5c00000)
  eden space 6784K,   0% used [0x00000000f0a00000, 0x00000000f0a00000, 0x00000000f10a0000)
  from space 832K,  60% used [0x00000000f10a0000, 0x00000000f111dbb8, 0x00000000f1170000)
  to   space 832K,   0% used [0x00000000f1170000, 0x00000000f1170000, 0x00000000f1240000)
 tenured generation   total 16772K, used 10571K [0x00000000f5c00000, 0x00000000f6c61000, 0x0000000100000000)
   the space 16772K,  63% used [0x00000000f5c00000, 0x00000000f6652f90, 0x00000000f6653000, 0x00000000f6c61000)
 Metaspace       used 27413K, capacity 28130K, committed 28288K, reserved 1073152K
  class space    used 3445K, capacity 3651K, committed 3712K, reserved 1048576K
}
Event: 6.247 GC heap before
{Heap before GC invocations=89 (full 2):
 def new generation   total 7616K, used 7286K [0x00000000f0a00000, 0x00000000f1240000, 0x00000000f5c00000)
  eden space 6784K, 100% used [0x00000000f0a00000, 0x00000000f10a0000, 0x00000000f10a0000)
  from space 832K,  60% used [0x00000000f10a0000, 0x00000000f111dbb8, 0x00000000f1170000)
  to   space 832K,   0% used [0x00000000f1170000, 0x00000000f1170000, 0x00000000f1240000)
 tenured generation   total 16772K, used 10571K [0x00000000f5c00000, 0x00000000f6c61000, 0x0000000100000000)
   the space 16772K,  63% used [0x00000000f5c00000, 0x00000000f6652f90, 0x00000000f6653000, 0x00000000f6c61000)
 Metaspace       used 27414K, capacity 28130K, committed 28288K, reserved 1073152K
  class space    used 3445K, capacity 3651K, committed 3712K, reserved 1048576K
Event: 6.249 GC heap after
Heap after GC invocations=90 (full 2):
 def new generation   total 7616K, used 503K [0x00000000f0a00000, 0x00000000f1240000, 0x00000000f5c00000)
  eden space 6784K,   0% used [0x00000000f0a00000, 0x00000000f0a00000, 0x00000000f10a0000)
  from space 832K,  60% used [0x00000000f1170000, 0x00000000f11edf28, 0x00000000f1240000)
  to   space 832K,   0% used [0x00000000f10a0000, 0x00000000f10a0000, 0x00000000f1170000)
 tenured generation   total 16772K, used 10649K [0x00000000f5c00000, 0x00000000f6c61000, 0x0000000100000000)
   the space 16772K,  63% used [0x00000000f5c00000, 0x00000000f66664f0, 0x00000000f6666600, 0x00000000f6c61000)
 Metaspace       used 27414K, capacity 28130K, committed 28288K, reserved 1073152K
  class space    used 3445K, capacity 3651K, committed 3712K, reserved 1048576K
}
Event: 6.288 GC heap before
{Heap before GC invocations=90 (full 2):
 def new generation   total 7616K, used 7287K [0x00000000f0a00000, 0x00000000f1240000, 0x00000000f5c00000)
  eden space 6784K, 100% used [0x00000000f0a00000, 0x00000000f10a0000, 0x00000000f10a0000)
  from space 832K,  60% used [0x00000000f1170000, 0x00000000f11edf28, 0x00000000f1240000)
  to   space 832K,   0% used [0x00000000f10a0000, 0x00000000f10a0000, 0x00000000f1170000)
 tenured generation   total 16772K, used 10649K [0x00000000f5c00000, 0x00000000f6c61000, 0x0000000100000000)
   the space 16772K,  63% used [0x00000000f5c00000, 0x00000000f66664f0, 0x00000000f6666600, 0x00000000f6c61000)
 Metaspace       used 27414K, capacity 28130K, committed 28288K, reserved 1073152K
  class space    used 3445K, capacity 3651K, committed 3712K, reserved 1048576K
Event: 6.289 GC heap after
Heap after GC invocations=91 (full 2):
 def new generation   total 7616K, used 518K [0x00000000f0a00000, 0x00000000f1240000, 0x00000000f5c00000)
  eden space 6784K,   0% used [0x00000000f0a00000, 0x00000000f0a00000, 0x00000000f10a0000)
  from space 832K,  62% used [0x00000000f10a0000, 0x00000000f1121b80, 0x00000000f1170000)
  to   space 832K,   0% used [0x00000000f1170000, 0x00000000f1170000, 0x00000000f1240000)
 tenured generation   total 16772K, used 10740K [0x00000000f5c00000, 0x00000000f6c61000, 0x0000000100000000)
   the space 16772K,  64% used [0x00000000f5c00000, 0x00000000f667d210, 0x00000000f667d400, 0x00000000f6c61000)
 Metaspace       used 27414K, capacity 28130K, committed 28288K, reserved 1073152K
  class space    used 3445K, capacity 3651K, committed 3712K, reserved 1048576K
}
Event: 6.325 GC heap before
{Heap before GC invocations=91 (full 2):
 def new generation   total 7616K, used 7302K [0x00000000f0a00000, 0x00000000f1240000, 0x00000000f5c00000)
  eden space 6784K, 100% used [0x00000000f0a00000, 0x00000000f10a0000, 0x00000000f10a0000)
  from space 832K,  62% used [0x00000000f10a0000, 0x00000000f1121b80, 0x00000000f1170000)
  to   space 832K,   0% used [0x00000000f1170000, 0x00000000f1170000, 0x00000000f1240000)
 tenured generation   total 16772K, used 10740K [0x00000000f5c00000, 0x00000000f6c61000, 0x0000000100000000)
   the space 16772K,  64% used [0x00000000f5c00000, 0x00000000f667d210, 0x00000000f667d400, 0x00000000f6c61000)
 Metaspace       used 27414K, capacity 28130K, committed 28288K, reserved 1073152K
  class space    used 3445K, capacity 3651K, committed 3712K, reserved 1048576K
Event: 6.327 GC heap after
Heap after GC invocations=92 (full 2):
 def new generation   total 7616K, used 507K [0x00000000f0a00000, 0x00000000f1240000, 0x00000000f5c00000)
  eden space 6784K,   0% used [0x00000000f0a00000, 0x00000000f0a00000, 0x00000000f10a0000)
  from space 832K,  60% used [0x00000000f1170000, 0x00000000f11eecd0, 0x00000000f1240000)
  to   space 832K,   0% used [0x00000000f10a0000, 0x00000000f10a0000, 0x00000000f1170000)
 tenured generation   total 16772K, used 10810K [0x00000000f5c00000, 0x00000000f6c61000, 0x0000000100000000)
   the space 16772K,  64% used [0x00000000f5c00000, 0x00000000f668e818, 0x00000000f668ea00, 0x00000000f6c61000)
 Metaspace       used 27414K, capacity 28130K, committed 28288K, reserved 1073152K
  class space    used 3445K, capacity 3651K, committed 3712K, reserved 1048576K
}
Event: 6.361 GC heap before
{Heap before GC invocations=92 (full 2):
 def new generation   total 7616K, used 7291K [0x00000000f0a00000, 0x00000000f1240000, 0x00000000f5c00000)
  eden space 6784K, 100% used [0x00000000f0a00000, 0x00000000f10a0000, 0x00000000f10a0000)
  from space 832K,  60% used [0x00000000f1170000, 0x00000000f11eecd0, 0x00000000f1240000)
  to   space 832K,   0% used [0x00000000f10a0000, 0x00000000f10a0000, 0x00000000f1170000)
 tenured generation   total 16772K, used 10810K [0x00000000f5c00000, 0x00000000f6c61000, 0x0000000100000000)
   the space 16772K,  64% used [0x00000000f5c00000, 0x00000000f668e818, 0x00000000f668ea00, 0x00000000f6c61000)
 Metaspace       used 27415K, capacity 28130K, committed 28288K, reserved 1073152K
  class space    used 3445K, capacity 3651K, committed 3712K, reserved 1048576K
Event: 6.362 GC heap after
Heap after GC invocations=93 (full 2):
 def new generation   total 7616K, used 465K [0x00000000f0a00000, 0x00000000f1240000, 0x00000000f5c00000)
  eden space 6784K,   0% used [0x00000000f0a00000, 0x00000000f0a00000, 0x00000000f10a0000)
  from space 832K,  55% used [0x00000000f10a0000, 0x00000000f1114658, 0x00000000f1170000)
  to   space 832K,   0% used [0x00000000f1170000, 0x00000000f1170000, 0x00000000f1240000)
 tenured generation   total 16772K, used 10890K [0x00000000f5c00000, 0x00000000f6c61000, 0x0000000100000000)
   the space 16772K,  64% used [0x00000000f5c00000, 0x00000000f66a2810, 0x00000000f66a2a00, 0x00000000f6c61000)
 Metaspace       used 27415K, capacity 28130K, committed 28288K, reserved 1073152K
  class space    used 3445K, capacity 3651K, committed 3712K, reserved 1048576K
}
Event: 6.393 GC heap before
{Heap before GC invocations=93 (full 2):
 def new generation   total 7616K, used 7248K [0x00000000f0a00000, 0x00000000f1240000, 0x00000000f5c00000)
  eden space 6784K,  99% used [0x00000000f0a00000, 0x00000000f109fc18, 0x00000000f10a0000)
  from space 832K,  55% used [0x00000000f10a0000, 0x00000000f1114658, 0x00000000f1170000)
  to   space 832K,   0% used [0x00000000f1170000, 0x00000000f1170000, 0x00000000f1240000)
 tenured generation   total 16772K, used 10890K [0x00000000f5c00000, 0x00000000f6c61000, 0x0000000100000000)
   the space 16772K,  64% used [0x00000000f5c00000, 0x00000000f66a2810, 0x00000000f66a2a00, 0x00000000f6c61000)
 Metaspace       used 27415K, capacity 28130K, committed 28288K, reserved 1073152K
  class space    used 3445K, capacity 3651K, committed 3712K, reserved 1048576K
Event: 6.395 GC heap after
Heap after GC invocations=94 (full 2):
 def new generation   total 7616K, used 419K [0x00000000f0a00000, 0x00000000f1240000, 0x00000000f5c00000)
  eden space 6784K,   0% used [0x00000000f0a00000, 0x00000000f0a00000, 0x00000000f10a0000)
  from space 832K,  50% used [0x00000000f1170000, 0x00000000f11d8e18, 0x00000000f1240000)
  to   space 832K,   0% used [0x00000000f10a0000, 0x00000000f10a0000, 0x00000000f1170000)
 tenured generation   total 16772K, used 10984K [0x00000000f5c00000, 0x00000000f6c61000, 0x0000000100000000)
   the space 16772K,  65% used [0x00000000f5c00000, 0x00000000f66ba270, 0x00000000f66ba400, 0x00000000f6c61000)
 Metaspace       used 27415K, capacity 28130K, committed 28288K, reserved 1073152K
  class space    used 3445K, capacity 3651K, committed 3712K, reserved 1048576K
}
Event: 6.431 GC heap before
{Heap before GC invocations=94 (full 2):
 def new generation   total 7616K, used 7203K [0x00000000f0a00000, 0x00000000f1240000, 0x00000000f5c00000)
  eden space 6784K, 100% used [0x00000000f0a00000, 0x00000000f10a0000, 0x00000000f10a0000)
  from space 832K,  50% used [0x00000000f1170000, 0x00000000f11d8e18, 0x00000000f1240000)
  to   space 832K,   0% used [0x00000000f10a0000, 0x00000000f10a0000, 0x00000000f1170000)
 tenured generation   total 16772K, used 10984K [0x00000000f5c00000, 0x00000000f6c61000, 0x0000000100000000)
   the space 16772K,  65% used [0x00000000f5c00000, 0x00000000f66ba270, 0x00000000f66ba400, 0x00000000f6c61000)
 Metaspace       used 27415K, capacity 28130K, committed 28288K, reserved 1073152K
  class space    used 3445K, capacity 3651K, committed 3712K, reserved 1048576K
Event: 6.433 GC heap after
Heap after GC invocations=95 (full 2):
 def new generation   total 7616K, used 501K [0x00000000f0a00000, 0x00000000f1240000, 0x00000000f5c00000)
  eden space 6784K,   0% used [0x00000000f0a00000, 0x00000000f0a00000, 0x00000000f10a0000)
  from space 832K,  60% used [0x00000000f10a0000, 0x00000000f111d478, 0x00000000f1170000)
  to   space 832K,   0% used [0x00000000f1170000, 0x00000000f1170000, 0x00000000f1240000)
 tenured generation   total 16772K, used 11055K [0x00000000f5c00000, 0x00000000f6c61000, 0x0000000100000000)
   the space 16772K,  65% used [0x00000000f5c00000, 0x00000000f66cbd68, 0x00000000f66cbe00, 0x00000000f6c61000)
 Metaspace       used 27415K, capacity 28130K, committed 28288K, reserved 1073152K
  class space    used 3445K, capacity 3651K, committed 3712K, reserved 1048576K
}
Event: 6.487 GC heap before
{Heap before GC invocations=95 (full 2):
 def new generation   total 7616K, used 7256K [0x00000000f0a00000, 0x00000000f1240000, 0x00000000f5c00000)
  eden space 6784K,  99% used [0x00000000f0a00000, 0x00000000f1098bf0, 0x00000000f10a0000)
  from space 832K,  60% used [0x00000000f10a0000, 0x00000000f111d478, 0x00000000f1170000)
  to   space 832K,   0% used [0x00000000f1170000, 0x00000000f1170000, 0x00000000f1240000)
 tenured generation   total 16772K, used 11055K [0x00000000f5c00000, 0x00000000f6c61000, 0x0000000100000000)
   the space 16772K,  65% used [0x00000000f5c00000, 0x00000000f66cbd68, 0x00000000f66cbe00, 0x00000000f6c61000)
 Metaspace       used 27415K, capacity 28130K, committed 28288K, reserved 1073152K
  class space    used 3445K, capacity 3651K, committed 3712K, reserved 1048576K
Event: 6.489 GC heap after
Heap after GC invocations=96 (full 2):
 def new generation   total 7616K, used 621K [0x00000000f0a00000, 0x00000000f1240000, 0x00000000f5c00000)
  eden space 6784K,   0% used [0x00000000f0a00000, 0x00000000f0a00000, 0x00000000f10a0000)
  from space 832K,  74% used [0x00000000f1170000, 0x00000000f120b510, 0x00000000f1240000)
  to   space 832K,   0% used [0x00000000f10a0000, 0x00000000f10a0000, 0x00000000f1170000)
 tenured generation   total 16772K, used 11136K [0x00000000f5c00000, 0x00000000f6c61000, 0x0000000100000000)
   the space 16772K,  66% used [0x00000000f5c00000, 0x00000000f66e0330, 0x00000000f66e0400, 0x00000000f6c61000)
 Metaspace       used 27415K, capacity 28130K, committed 28288K, reserved 1073152K
  class space    used 3445K, capacity 3651K, committed 3712K, reserved 1048576K
}
Event: 6.542 GC heap before
{Heap before GC invocations=96 (full 2):
 def new generation   total 7616K, used 7405K [0x00000000f0a00000, 0x00000000f1240000, 0x00000000f5c00000)
  eden space 6784K, 100% used [0x00000000f0a00000, 0x00000000f10a0000, 0x00000000f10a0000)
  from space 832K,  74% used [0x00000000f1170000, 0x00000000f120b510, 0x00000000f1240000)
  to   space 832K,   0% used [0x00000000f10a0000, 0x00000000f10a0000, 0x00000000f1170000)
 tenured generation   total 16772K, used 11136K [0x00000000f5c00000, 0x00000000f6c61000, 0x0000000100000000)
   the space 16772K,  66% used [0x00000000f5c00000, 0x00000000f66e0330, 0x00000000f66e0400, 0x00000000f6c61000)
 Metaspace       used 27418K, capacity 28130K, committed 28288K, reserved 1073152K
  class space    used 3446K, capacity 3651K, committed 3712K, reserved 1048576K
Event: 6.543 GC heap after
Heap after GC invocations=97 (full 2):
 def new generation   total 7616K, used 597K [0x00000000f0a00000, 0x00000000f1240000, 0x00000000f5c00000)
  eden space 6784K,   0% used [0x00000000f0a00000, 0x00000000f0a00000, 0x00000000f10a0000)
  from space 832K,  71% used [0x00000000f10a0000, 0x00000000f1135420, 0x00000000f1170000)
  to   space 832K,   0% used [0x00000000f1170000, 0x00000000f1170000, 0x00000000f1240000)
 tenured generation   total 16772K, used 11207K [0x00000000f5c00000, 0x00000000f6c61000, 0x0000000100000000)
   the space 16772K,  66% used [0x00000000f5c00000, 0x00000000f66f1d98, 0x00000000f66f1e00, 0x00000000f6c61000)
 Metaspace       used 27418K, capacity 28130K, committed 28288K, reserved 1073152K
  class space    used 3446K, capacity 3651K, committed 3712K, reserved 1048576K
}
Event: 6.604 GC heap before
{Heap before GC invocations=97 (full 2):
 def new generation   total 7616K, used 7381K [0x00000000f0a00000, 0x00000000f1240000, 0x00000000f5c00000)
  eden space 6784K, 100% used [0x00000000f0a00000, 0x00000000f10a0000, 0x00000000f10a0000)
  from space 832K,  71% used [0x00000000f10a0000, 0x00000000f1135420, 0x00000000f1170000)
  to   space 832K,   0% used [0x00000000f1170000, 0x00000000f1170000, 0x00000000f1240000)
 tenured generation   total 16772K, used 11207K [0x00000000f5c00000, 0x00000000f6c61000, 0x0000000100000000)
   the space 16772K,  66% used [0x00000000f5c00000, 0x00000000f66f1d98, 0x00000000f66f1e00, 0x00000000f6c61000)
 Metaspace       used 27527K, capacity 28258K, committed 28544K, reserved 1075200K
  class space    used 3459K, capacity 3651K, committed 3712K, reserved 1048576K
Event: 6.606 GC heap after
Heap after GC invocations=98 (full 2):
 def new generation   total 7616K, used 795K [0x00000000f0a00000, 0x00000000f1240000, 0x00000000f5c00000)
  eden space 6784K,   0% used [0x00000000f0a00000, 0x00000000f0a00000, 0x00000000f10a0000)
  from space 832K,  95% used [0x00000000f1170000, 0x00000000f1236d78, 0x00000000f1240000)
  to   space 832K,   0% used [0x00000000f10a0000, 0x00000000f10a0000, 0x00000000f1170000)
 tenured generation   total 16772K, used 11309K [0x00000000f5c00000, 0x00000000f6c61000, 0x0000000100000000)
   the space 16772K,  67% used [0x00000000f5c00000, 0x00000000f670b750, 0x00000000f670b800, 0x00000000f6c61000)
 Metaspace       used 27527K, capacity 28258K, committed 28544K, reserved 1075200K
  class space    used 3459K, capacity 3651K, committed 3712K, reserved 1048576K
}
Event: 6.655 GC heap before
{Heap before GC invocations=98 (full 2):
 def new generation   total 7616K, used 7579K [0x00000000f0a00000, 0x00000000f1240000, 0x00000000f5c00000)
  eden space 6784K, 100% used [0x00000000f0a00000, 0x00000000f10a0000, 0x00000000f10a0000)
  from space 832K,  95% used [0x00000000f1170000, 0x00000000f1236d78, 0x00000000f1240000)
  to   space 832K,   0% used [0x00000000f10a0000, 0x00000000f10a0000, 0x00000000f1170000)
 tenured generation   total 16772K, used 11309K [0x00000000f5c00000, 0x00000000f6c61000, 0x0000000100000000)
   the space 16772K,  67% used [0x00000000f5c00000, 0x00000000f670b750, 0x00000000f670b800, 0x00000000f6c61000)
 Metaspace       used 27602K, capacity 28322K, committed 28544K, reserved 1075200K
  class space    used 3468K, capacity 3651K, committed 3712K, reserved 1048576K
Event: 6.657 GC heap after
Heap after GC invocations=99 (full 2):
 def new generation   total 7616K, used 638K [0x00000000f0a00000, 0x00000000f1240000, 0x00000000f5c00000)
  eden space 6784K,   0% used [0x00000000f0a00000, 0x00000000f0a00000, 0x00000000f10a0000)
  from space 832K,  76% used [0x00000000f10a0000, 0x00000000f113f838, 0x00000000f1170000)
  to   space 832K,   0% used [0x00000000f1170000, 0x00000000f1170000, 0x00000000f1240000)
 tenured generation   total 16772K, used 11386K [0x00000000f5c00000, 0x00000000f6c61000, 0x0000000100000000)
   the space 16772K,  67% used [0x00000000f5c00000, 0x00000000f671e8b8, 0x00000000f671ea00, 0x00000000f6c61000)
 Metaspace       used 27602K, capacity 28322K, committed 28544K, reserved 1075200K
  class space    used 3468K, capacity 3651K, committed 3712K, reserved 1048576K
}
Event: 6.731 GC heap before
{Heap before GC invocations=99 (full 2):
 def new generation   total 7616K, used 7422K [0x00000000f0a00000, 0x00000000f1240000, 0x00000000f5c00000)
  eden space 6784K, 100% used [0x00000000f0a00000, 0x00000000f10a0000, 0x00000000f10a0000)
  from space 832K,  76% used [0x00000000f10a0000, 0x00000000f113f838, 0x00000000f1170000)
  to   space 832K,   0% used [0x00000000f1170000, 0x00000000f1170000, 0x00000000f1240000)
 tenured generation   total 16772K, used 11386K [0x00000000f5c00000, 0x00000000f6c61000, 0x0000000100000000)
   the space 16772K,  67% used [0x00000000f5c00000, 0x00000000f671e8b8, 0x00000000f671ea00, 0x00000000f6c61000)
 Metaspace       used 27852K, capacity 28508K, committed 28800K, reserved 1075200K
  class space    used 3491K, capacity 3686K, committed 3712K, reserved 1048576K
Event: 6.733 GC heap after
Heap after GC invocations=100 (full 2):
 def new generation   total 7616K, used 800K [0x00000000f0a00000, 0x00000000f1240000, 0x00000000f5c00000)
  eden space 6784K,   0% used [0x00000000f0a00000, 0x00000000f0a00000, 0x00000000f10a0000)
  from space 832K,  96% used [0x00000000f1170000, 0x00000000f12380f0, 0x00000000f1240000)
  to   space 832K,   0% used [0x00000000f10a0000, 0x00000000f10a0000, 0x00000000f1170000)
 tenured generation   total 16772K, used 11450K [0x00000000f5c00000, 0x00000000f6c61000, 0x0000000100000000)
   the space 16772K,  68% used [0x00000000f5c00000, 0x00000000f672eb78, 0x00000000f672ec00, 0x00000000f6c61000)
 Metaspace       used 27852K, capacity 28508K, committed 28800K, reserved 1075200K
  class space    used 3491K, capacity 3686K, committed 3712K, reserved 1048576K
}
Event: 6.851 GC heap before
{Heap before GC invocations=100 (full 2):
 def new generation   total 7616K, used 7584K [0x00000000f0a00000, 0x00000000f1240000, 0x00000000f5c00000)
  eden space 6784K, 100% used [0x00000000f0a00000, 0x00000000f10a0000, 0x00000000f10a0000)
  from space 832K,  96% used [0x00000000f1170000, 0x00000000f12380f0, 0x00000000f1240000)
  to   space 832K,   0% used [0x00000000f10a0000, 0x00000000f10a0000, 0x00000000f1170000)
 tenured generation   total 16772K, used 11450K [0x00000000f5c00000, 0x00000000f6c61000, 0x0000000100000000)
   the space 16772K,  68% used [0x00000000f5c00000, 0x00000000f672eb78, 0x00000000f672ec00, 0x00000000f6c61000)
 Metaspace       used 28245K, capacity 29014K, committed 29184K, reserved 1075200K
  class space    used 3547K, capacity 3765K, committed 3840K, reserved 1048576K
Event: 6.854 GC heap after
Heap after GC invocations=101 (full 2):
 def new generation   total 7616K, used 797K [0x00000000f0a00000, 0x00000000f1240000, 0x00000000f5c00000)
  eden space 6784K,   0% used [0x00000000f0a00000, 0x00000000f0a00000, 0x00000000f10a0000)
  from space 832K,  95% used [0x00000000f10a0000, 0x00000000f1167710, 0x00000000f1170000)
  to   space 832K,   0% used [0x00000000f1170000, 0x00000000f1170000, 0x00000000f1240000)
 tenured generation   total 16772K, used 11693K [0x00000000f5c00000, 0x00000000f6c61000, 0x0000000100000000)
   the space 16772K,  69% used [0x00000000f5c00000, 0x00000000f676b498, 0x00000000f676b600, 0x00000000f6c61000)
 Metaspace       used 28245K, capacity 29014K, committed 29184K, reserved 1075200K
  class space    used 3547K, capacity 3765K, committed 3840K, reserved 1048576K
}
Event: 6.949 GC heap before
{Heap before GC invocations=101 (full 2):
 def new generation   total 7616K, used 7581K [0x00000000f0a00000, 0x00000000f1240000, 0x00000000f5c00000)
  eden space 6784K, 100% used [0x00000000f0a00000, 0x00000000f10a0000, 0x00000000f10a0000)
  from space 832K,  95% used [0x00000000f10a0000, 0x00000000f1167710, 0x00000000f1170000)
  to   space 832K,   0% used [0x00000000f1170000, 0x00000000f1170000, 0x00000000f1240000)
 tenured generation   total 16772K, used 11693K [0x00000000f5c00000, 0x00000000f6c61000, 0x0000000100000000)
   the space 16772K,  69% used [0x00000000f5c00000, 0x00000000f676b498, 0x00000000f676b600, 0x00000000f6c61000)
 Metaspace       used 28359K, capacity 29148K, committed 29440K, reserved 1075200K
  class space    used 3563K, capacity 3766K, committed 3840K, reserved 1048576K
Event: 6.952 GC heap after
Heap after GC invocations=102 (full 2):
 def new generation   total 7616K, used 550K [0x00000000f0a00000, 0x00000000f1240000, 0x00000000f5c00000)
  eden space 6784K,   0% used [0x00000000f0a00000, 0x00000000f0a00000, 0x00000000f10a0000)
  from space 832K,  66% used [0x00000000f1170000, 0x00000000f11f9bf0, 0x00000000f1240000)
  to   space 832K,   0% used [0x00000000f10a0000, 0x00000000f10a0000, 0x00000000f1170000)
 tenured generation   total 16772K, used 12066K [0x00000000f5c00000, 0x00000000f6c61000, 0x0000000100000000)
   the space 16772K,  71% used [0x00000000f5c00000, 0x00000000f67c8978, 0x00000000f67c8a00, 0x00000000f6c61000)
 Metaspace       used 28359K, capacity 29148K, committed 29440K, reserved 1075200K
  class space    used 3563K, capacity 3766K, committed 3840K, reserved 1048576K
}
Event: 7.040 GC heap before
{Heap before GC invocations=102 (full 2):
 def new generation   total 7616K, used 7334K [0x00000000f0a00000, 0x00000000f1240000, 0x00000000f5c00000)
  eden space 6784K, 100% used [0x00000000f0a00000, 0x00000000f10a0000, 0x00000000f10a0000)
  from space 832K,  66% used [0x00000000f1170000, 0x00000000f11f9bf0, 0x00000000f1240000)
  to   space 832K,   0% used [0x00000000f10a0000, 0x00000000f10a0000, 0x00000000f1170000)
 tenured generation   total 16772K, used 12066K [0x00000000f5c00000, 0x00000000f6c61000, 0x0000000100000000)
   the space 16772K,  71% used [0x00000000f5c00000, 0x00000000f67c8978, 0x00000000f67c8a00, 0x00000000f6c61000)
 Metaspace       used 28519K, capacity 29270K, committed 29440K, reserved 1075200K
  class space    used 3586K, capacity 3805K, committed 3840K, reserved 1048576K
Event: 7.043 GC heap after
Heap after GC invocations=103 (full 2):
 def new generation   total 7616K, used 524K [0x00000000f0a00000, 0x00000000f1240000, 0x00000000f5c00000)
  eden space 6784K,   0% used [0x00000000f0a00000, 0x00000000f0a00000, 0x00000000f10a0000)
  from space 832K,  63% used [0x00000000f10a0000, 0x00000000f1123298, 0x00000000f1170000)
  to   space 832K,   0% used [0x00000000f1170000, 0x00000000f1170000, 0x00000000f1240000)
 tenured generation   total 16772K, used 12350K [0x00000000f5c00000, 0x00000000f6c61000, 0x0000000100000000)
   the space 16772K,  73% used [0x00000000f5c00000, 0x00000000f680fbe0, 0x00000000f680fc00, 0x00000000f6c61000)
 Metaspace       used 28519K, capacity 29270K, committed 29440K, reserved 1075200K
  class space    used 3586K, capacity 3805K, committed 3840K, reserved 1048576K
}
Event: 7.129 GC heap before
{Heap before GC invocations=103 (full 2):
 def new generation   total 7616K, used 7308K [0x00000000f0a00000, 0x00000000f1240000, 0x00000000f5c00000)
  eden space 6784K, 100% used [0x00000000f0a00000, 0x00000000f10a0000, 0x00000000f10a0000)
  from space 832K,  63% used [0x00000000f10a0000, 0x00000000f1123298, 0x00000000f1170000)
  to   space 832K,   0% used [0x00000000f1170000, 0x00000000f1170000, 0x00000000f1240000)
 tenured generation   total 16772K, used 12350K [0x00000000f5c00000, 0x00000000f6c61000, 0x0000000100000000)
   the space 16772K,  73% used [0x00000000f5c00000, 0x00000000f680fbe0, 0x00000000f680fc00, 0x00000000f6c61000)
 Metaspace       used 28674K, capacity 29472K, committed 29696K, reserved 1075200K
  class space    used 3611K, capacity 3822K, committed 3840K, reserved 1048576K
Event: 7.132 GC heap after
Heap after GC invocations=104 (full 2):
 def new generation   total 7616K, used 524K [0x00000000f0a00000, 0x00000000f1240000, 0x00000000f5c00000)
  eden space 6784K,   0% used [0x00000000f0a00000, 0x00000000f0a00000, 0x00000000f10a0000)
  from space 832K,  63% used [0x00000000f1170000, 0x00000000f11f3180, 0x00000000f1240000)
  to   space 832K,   0% used [0x00000000f10a0000, 0x00000000f10a0000, 0x00000000f1170000)
 tenured generation   total 16772K, used 12632K [0x00000000f5c00000, 0x00000000f6c61000, 0x0000000100000000)
   the space 16772K,  75% used [0x00000000f5c00000, 0x00000000f68563c0, 0x00000000f6856400, 0x00000000f6c61000)
 Metaspace       used 28674K, capacity 29472K, committed 29696K, reserved 1075200K
  class space    used 3611K, capacity 3822K, committed 3840K, reserved 1048576K
}
Event: 7.319 GC heap before
{Heap before GC invocations=104 (full 2):
 def new generation   total 7616K, used 7308K [0x00000000f0a00000, 0x00000000f1240000, 0x00000000f5c00000)
  eden space 6784K, 100% used [0x00000000f0a00000, 0x00000000f10a0000, 0x00000000f10a0000)
  from space 832K,  63% used [0x00000000f1170000, 0x00000000f11f3180, 0x00000000f1240000)
  to   space 832K,   0% used [0x00000000f10a0000, 0x00000000f10a0000, 0x00000000f1170000)
 tenured generation   total 16772K, used 12632K [0x00000000f5c00000, 0x00000000f6c61000, 0x0000000100000000)
   the space 16772K,  75% used [0x00000000f5c00000, 0x00000000f68563c0, 0x00000000f6856400, 0x00000000f6c61000)
 Metaspace       used 29247K, capacity 30092K, committed 30336K, reserved 1075200K
  class space    used 3685K, capacity 3896K, committed 3968K, reserved 1048576K
Event: 7.322 GC heap after
Heap after GC invocations=105 (full 2):
 def new generation   total 7616K, used 806K [0x00000000f0a00000, 0x00000000f1240000, 0x00000000f5c00000)
  eden space 6784K,   0% used [0x00000000f0a00000, 0x00000000f0a00000, 0x00000000f10a0000)
  from space 832K,  96% used [0x00000000f10a0000, 0x00000000f11699d8, 0x00000000f1170000)
  to   space 832K,   0% used [0x00000000f1170000, 0x00000000f1170000, 0x00000000f1240000)
 tenured generation   total 16772K, used 12896K [0x00000000f5c00000, 0x00000000f6c61000, 0x0000000100000000)
   the space 16772K,  76% used [0x00000000f5c00000, 0x00000000f6898328, 0x00000000f6898400, 0x00000000f6c61000)
 Metaspace       used 29247K, capacity 30092K, committed 30336K, reserved 1075200K
  class space    used 3685K, capacity 3896K, committed 3968K, reserved 1048576K
}
Event: 7.462 GC heap before
{Heap before GC invocations=105 (full 2):
 def new generation   total 7616K, used 7590K [0x00000000f0a00000, 0x00000000f1240000, 0x00000000f5c00000)
  eden space 6784K, 100% used [0x00000000f0a00000, 0x00000000f10a0000, 0x00000000f10a0000)
  from space 832K,  96% used [0x00000000f10a0000, 0x00000000f11699d8, 0x00000000f1170000)
  to   space 832K,   0% used [0x00000000f1170000, 0x00000000f1170000, 0x00000000f1240000)
 tenured generation   total 16772K, used 12896K [0x00000000f5c00000, 0x00000000f6c61000, 0x0000000100000000)
   the space 16772K,  76% used [0x00000000f5c00000, 0x00000000f6898328, 0x00000000f6898400, 0x00000000f6c61000)
 Metaspace       used 29554K, capacity 30436K, committed 30592K, reserved 1075200K
  class space    used 3741K, capacity 3964K, committed 3968K, reserved 1048576K
Event: 7.465 GC heap after
Heap after GC invocations=106 (full 2):
 def new generation   total 7616K, used 586K [0x00000000f0a00000, 0x00000000f1240000, 0x00000000f5c00000)
  eden space 6784K,   0% used [0x00000000f0a00000, 0x00000000f0a00000, 0x00000000f10a0000)
  from space 832K,  70% used [0x00000000f1170000, 0x00000000f1202bd0, 0x00000000f1240000)
  to   space 832K,   0% used [0x00000000f10a0000, 0x00000000f10a0000, 0x00000000f1170000)
 tenured generation   total 16772K, used 13134K [0x00000000f5c00000, 0x00000000f6c61000, 0x0000000100000000)
   the space 16772K,  78% used [0x00000000f5c00000, 0x00000000f68d3860, 0x00000000f68d3a00, 0x00000000f6c61000)
 Metaspace       used 29554K, capacity 30436K, committed 30592K, reserved 1075200K
  class space    used 3741K, capacity 3964K, committed 3968K, reserved 1048576K
}
Event: 7.600 GC heap before
{Heap before GC invocations=106 (full 2):
 def new generation   total 7616K, used 7370K [0x00000000f0a00000, 0x00000000f1240000, 0x00000000f5c00000)
  eden space 6784K, 100% used [0x00000000f0a00000, 0x00000000f10a0000, 0x00000000f10a0000)
  from space 832K,  70% used [0x00000000f1170000, 0x00000000f1202bd0, 0x00000000f1240000)
  to   space 832K,   0% used [0x00000000f10a0000, 0x00000000f10a0000, 0x00000000f1170000)
 tenured generation   total 16772K, used 13134K [0x00000000f5c00000, 0x00000000f6c61000, 0x0000000100000000)
   the space 16772K,  78% used [0x00000000f5c00000, 0x00000000f68d3860, 0x00000000f68d3a00, 0x00000000f6c61000)
 Metaspace       used 30027K, capacity 30822K, committed 30976K, reserved 1077248K
  class space    used 3815K, capacity 4029K, committed 4096K, reserved 1048576K
Event: 7.604 GC heap after
Heap after GC invocations=107 (full 2):
 def new generation   total 7616K, used 604K [0x00000000f0a00000, 0x00000000f1240000, 0x00000000f5c00000)
  eden space 6784K,   0% used [0x00000000f0a00000, 0x00000000f0a00000, 0x00000000f10a0000)
  from space 832K,  72% used [0x00000000f10a0000, 0x00000000f1137350, 0x00000000f1170000)
  to   space 832K,   0% used [0x00000000f1170000, 0x00000000f1170000, 0x00000000f1240000)
 tenured generation   total 16772K, used 13409K [0x00000000f5c00000, 0x00000000f6c61000, 0x0000000100000000)
   the space 16772K,  79% used [0x00000000f5c00000, 0x00000000f6918480, 0x00000000f6918600, 0x00000000f6c61000)
 Metaspace       used 30027K, capacity 30822K, committed 30976K, reserved 1077248K
  class space    used 3815K, capacity 4029K, committed 4096K, reserved 1048576K
}
Event: 7.761 GC heap before
{Heap before GC invocations=107 (full 2):
 def new generation   total 7616K, used 7388K [0x00000000f0a00000, 0x00000000f1240000, 0x00000000f5c00000)
  eden space 6784K, 100% used [0x00000000f0a00000, 0x00000000f10a0000, 0x00000000f10a0000)
  from space 832K,  72% used [0x00000000f10a0000, 0x00000000f1137350, 0x00000000f1170000)
  to   space 832K,   0% used [0x00000000f1170000, 0x00000000f1170000, 0x00000000f1240000)
 tenured generation   total 16772K, used 13409K [0x00000000f5c00000, 0x00000000f6c61000, 0x0000000100000000)
   the space 16772K,  79% used [0x00000000f5c00000, 0x00000000f6918480, 0x00000000f6918600, 0x00000000f6c61000)
 Metaspace       used 30551K, capacity 31404K, committed 31488K, reserved 1077248K
  class space    used 3871K, capacity 4094K, committed 4096K, reserved 1048576K
Event: 7.764 GC heap after
Heap after GC invocations=108 (full 2):
 def new generation   total 7616K, used 514K [0x00000000f0a00000, 0x00000000f1240000, 0x00000000f5c00000)
  eden space 6784K,   0% used [0x00000000f0a00000, 0x00000000f0a00000, 0x00000000f10a0000)
  from space 832K,  61% used [0x00000000f1170000, 0x00000000f11f0a78, 0x00000000f1240000)
  to   space 832K,   0% used [0x00000000f10a0000, 0x00000000f10a0000, 0x00000000f1170000)
 tenured generation   total 16772K, used 13593K [0x00000000f5c00000, 0x00000000f6c61000, 0x0000000100000000)
   the space 16772K,  81% used [0x00000000f5c00000, 0x00000000f6946760, 0x00000000f6946800, 0x00000000f6c61000)
 Metaspace       used 30551K, capacity 31404K, committed 31488K, reserved 1077248K
  class space    used 3871K, capacity 4094K, committed 4096K, reserved 1048576K
}
Event: 7.936 GC heap before
{Heap before GC invocations=108 (full 2):
 def new generation   total 7616K, used 7298K [0x00000000f0a00000, 0x00000000f1240000, 0x00000000f5c00000)
  eden space 6784K, 100% used [0x00000000f0a00000, 0x00000000f10a0000, 0x00000000f10a0000)
  from space 832K,  61% used [0x00000000f1170000, 0x00000000f11f0a78, 0x00000000f1240000)
  to   space 832K,   0% used [0x00000000f10a0000, 0x00000000f10a0000, 0x00000000f1170000)
 tenured generation   total 16772K, used 13593K [0x00000000f5c00000, 0x00000000f6c61000, 0x0000000100000000)
   the space 16772K,  81% used [0x00000000f5c00000, 0x00000000f6946760, 0x00000000f6946800, 0x00000000f6c61000)
 Metaspace       used 30921K, capacity 31778K, committed 32128K, reserved 1077248K
  class space    used 3905K, capacity 4129K, committed 4224K, reserved 1048576K
Event: 7.939 GC heap after
Heap after GC invocations=109 (full 2):
 def new generation   total 7616K, used 529K [0x00000000f0a00000, 0x00000000f1240000, 0x00000000f5c00000)
  eden space 6784K,   0% used [0x00000000f0a00000, 0x00000000f0a00000, 0x00000000f10a0000)
  from space 832K,  63% used [0x00000000f10a0000, 0x00000000f1124760, 0x00000000f1170000)
  to   space 832K,   0% used [0x00000000f1170000, 0x00000000f1170000, 0x00000000f1240000)
 tenured generation   total 16772K, used 13757K [0x00000000f5c00000, 0x00000000f6c61000, 0x0000000100000000)
   the space 16772K,  82% used [0x00000000f5c00000, 0x00000000f696f610, 0x00000000f696f800, 0x00000000f6c61000)
 Metaspace       used 30921K, capacity 31778K, committed 32128K, reserved 1077248K
  class space    used 3905K, capacity 4129K, committed 4224K, reserved 1048576K
}
Event: 8.064 GC heap before
{Heap before GC invocations=109 (full 2):
 def new generation   total 7616K, used 7313K [0x00000000f0a00000, 0x00000000f1240000, 0x00000000f5c00000)
  eden space 6784K, 100% used [0x00000000f0a00000, 0x00000000f10a0000, 0x00000000f10a0000)
  from space 832K,  63% used [0x00000000f10a0000, 0x00000000f1124760, 0x00000000f1170000)
  to   space 832K,   0% used [0x00000000f1170000, 0x00000000f1170000, 0x00000000f1240000)
 tenured generation   total 16772K, used 13757K [0x00000000f5c00000, 0x00000000f6c61000, 0x0000000100000000)
   the space 16772K,  82% used [0x00000000f5c00000, 0x00000000f696f610, 0x00000000f696f800, 0x00000000f6c61000)
 Metaspace       used 31211K, capacity 32076K, committed 32128K, reserved 1077248K
  class space    used 3955K, capacity 4174K, committed 4224K, reserved 1048576K
Event: 8.068 GC heap after
Heap after GC invocations=110 (full 2):
 def new generation   total 7616K, used 490K [0x00000000f0a00000, 0x00000000f1240000, 0x00000000f5c00000)
  eden space 6784K,   0% used [0x00000000f0a00000, 0x00000000f0a00000, 0x00000000f10a0000)
  from space 832K,  58% used [0x00000000f1170000, 0x00000000f11ea998, 0x00000000f1240000)
  to   space 832K,   0% used [0x00000000f10a0000, 0x00000000f10a0000, 0x00000000f1170000)
 tenured generation   total 16772K, used 14179K [0x00000000f5c00000, 0x00000000f6c61000, 0x0000000100000000)
   the space 16772K,  84% used [0x00000000f5c00000, 0x00000000f69d8c78, 0x00000000f69d8e00, 0x00000000f6c61000)
 Metaspace       used 31211K, capacity 32076K, committed 32128K, reserved 1077248K
  class space    used 3955K, capacity 4174K, committed 4224K, reserved 1048576K
}
Event: 8.172 GC heap before
{Heap before GC invocations=110 (full 2):
 def new generation   total 7616K, used 7274K [0x00000000f0a00000, 0x00000000f1240000, 0x00000000f5c00000)
  eden space 6784K, 100% used [0x00000000f0a00000, 0x00000000f10a0000, 0x00000000f10a0000)
  from space 832K,  58% used [0x00000000f1170000, 0x00000000f11ea998, 0x00000000f1240000)
  to   space 832K,   0% used [0x00000000f10a0000, 0x00000000f10a0000, 0x00000000f1170000)
 tenured generation   total 16772K, used 14179K [0x00000000f5c00000, 0x00000000f6c61000, 0x0000000100000000)
   the space 16772K,  84% used [0x00000000f5c00000, 0x00000000f69d8c78, 0x00000000f69d8e00, 0x00000000f6c61000)
 Metaspace       used 31443K, capacity 32384K, committed 32512K, reserved 1077248K
  class space    used 3992K, capacity 4246K, committed 4352K, reserved 1048576K
Event: 8.175 GC heap after
Heap after GC invocations=111 (full 2):
 def new generation   total 7616K, used 406K [0x00000000f0a00000, 0x00000000f1240000, 0x00000000f5c00000)
  eden space 6784K,   0% used [0x00000000f0a00000, 0x00000000f0a00000, 0x00000000f10a0000)
  from space 832K,  48% used [0x00000000f10a0000, 0x00000000f1105a00, 0x00000000f1170000)
  to   space 832K,   0% used [0x00000000f1170000, 0x00000000f1170000, 0x00000000f1240000)
 tenured generation   total 16772K, used 14442K [0x00000000f5c00000, 0x00000000f6c61000, 0x0000000100000000)
   the space 16772K,  86% used [0x00000000f5c00000, 0x00000000f6a1ab98, 0x00000000f6a1ac00, 0x00000000f6c61000)
 Metaspace       used 31443K, capacity 32384K, committed 32512K, reserved 1077248K
  class space    used 3992K, capacity 4246K, committed 4352K, reserved 1048576K
}
Event: 8.285 GC heap before
{Heap before GC invocations=111 (full 2):
 def new generation   total 7616K, used 7190K [0x00000000f0a00000, 0x00000000f1240000, 0x00000000f5c00000)
  eden space 6784K, 100% used [0x00000000f0a00000, 0x00000000f10a0000, 0x00000000f10a0000)
  from space 832K,  48% used [0x00000000f10a0000, 0x00000000f1105a00, 0x00000000f1170000)
  to   space 832K,   0% used [0x00000000f1170000, 0x00000000f1170000, 0x00000000f1240000)
 tenured generation   total 16772K, used 14442K [0x00000000f5c00000, 0x00000000f6c61000, 0x0000000100000000)
   the space 16772K,  86% used [0x00000000f5c00000, 0x00000000f6a1ab98, 0x00000000f6a1ac00, 0x00000000f6c61000)
 Metaspace       used 31618K, capacity 32632K, committed 32768K, reserved 1077248K
  class space    used 4017K, capacity 4256K, committed 4352K, reserved 1048576K
Event: 8.288 GC heap after
Heap after GC invocations=112 (full 2):
 def new generation   total 7616K, used 625K [0x00000000f0a00000, 0x00000000f1240000, 0x00000000f5c00000)
  eden space 6784K,   0% used [0x00000000f0a00000, 0x00000000f0a00000, 0x00000000f10a0000)
  from space 832K,  75% used [0x00000000f1170000, 0x00000000f120c7a0, 0x00000000f1240000)
  to   space 832K,   0% used [0x00000000f10a0000, 0x00000000f10a0000, 0x00000000f1170000)
 tenured generation   total 16772K, used 14442K [0x00000000f5c00000, 0x00000000f6c61000, 0x0000000100000000)
   the space 16772K,  86% used [0x00000000f5c00000, 0x00000000f6a1ab98, 0x00000000f6a1ac00, 0x00000000f6c61000)
 Metaspace       used 31618K, capacity 32632K, committed 32768K, reserved 1077248K
  class space    used 4017K, capacity 4256K, committed 4352K, reserved 1048576K
}
Event: 8.403 GC heap before
{Heap before GC invocations=112 (full 2):
 def new generation   total 7616K, used 7409K [0x00000000f0a00000, 0x00000000f1240000, 0x00000000f5c00000)
  eden space 6784K, 100% used [0x00000000f0a00000, 0x00000000f10a0000, 0x00000000f10a0000)
  from space 832K,  75% used [0x00000000f1170000, 0x00000000f120c7a0, 0x00000000f1240000)
  to   space 832K,   0% used [0x00000000f10a0000, 0x00000000f10a0000, 0x00000000f1170000)
 tenured generation   total 16772K, used 14442K [0x00000000f5c00000, 0x00000000f6c61000, 0x0000000100000000)
   the space 16772K,  86% used [0x00000000f5c00000, 0x00000000f6a1ab98, 0x00000000f6a1ac00, 0x00000000f6c61000)
 Metaspace       used 31820K, capacity 32854K, committed 33024K, reserved 1077248K
  class space    used 4048K, capacity 4301K, committed 4352K, reserved 1048576K
Event: 8.407 GC heap after
Heap after GC invocations=113 (full 2):
 def new generation   total 7616K, used 607K [0x00000000f0a00000, 0x00000000f1240000, 0x00000000f5c00000)
  eden space 6784K,   0% used [0x00000000f0a00000, 0x00000000f0a00000, 0x00000000f10a0000)
  from space 832K,  73% used [0x00000000f10a0000, 0x00000000f1137e10, 0x00000000f1170000)
  to   space 832K,   0% used [0x00000000f1170000, 0x00000000f1170000, 0x00000000f1240000)
 tenured generation   total 16772K, used 14718K [0x00000000f5c00000, 0x00000000f6c61000, 0x0000000100000000)
   the space 16772K,  87% used [0x00000000f5c00000, 0x00000000f6a5f868, 0x00000000f6a5fa00, 0x00000000f6c61000)
 Metaspace       used 31820K, capacity 32854K, committed 33024K, reserved 1077248K
  class space    used 4048K, capacity 4301K, committed 4352K, reserved 1048576K
}
Event: 8.499 GC heap before
{Heap before GC invocations=113 (full 2):
 def new generation   total 7616K, used 7391K [0x00000000f0a00000, 0x00000000f1240000, 0x00000000f5c00000)
  eden space 6784K, 100% used [0x00000000f0a00000, 0x00000000f10a0000, 0x00000000f10a0000)
  from space 832K,  73% used [0x00000000f10a0000, 0x00000000f1137e10, 0x00000000f1170000)
  to   space 832K,   0% used [0x00000000f1170000, 0x00000000f1170000, 0x00000000f1240000)
 tenured generation   total 16772K, used 14718K [0x00000000f5c00000, 0x00000000f6c61000, 0x0000000100000000)
   the space 16772K,  87% used [0x00000000f5c00000, 0x00000000f6a5f868, 0x00000000f6a5fa00, 0x00000000f6c61000)
 Metaspace       used 31962K, capacity 32994K, committed 33280K, reserved 1079296K
  class space    used 4063K, capacity 4303K, committed 4352K, reserved 1048576K
Event: 8.502 GC heap after
Heap after GC invocations=114 (full 2):
 def new generation   total 7616K, used 485K [0x00000000f0a00000, 0x00000000f1240000, 0x00000000f5c00000)
  eden space 6784K,   0% used [0x00000000f0a00000, 0x00000000f0a00000, 0x00000000f10a0000)
  from space 832K,  58% used [0x00000000f1170000, 0x00000000f11e96b8, 0x00000000f1240000)
  to   space 832K,   0% used [0x00000000f10a0000, 0x00000000f10a0000, 0x00000000f1170000)
 tenured generation   total 16772K, used 14987K [0x00000000f5c00000, 0x00000000f6c61000, 0x0000000100000000)
   the space 16772K,  89% used [0x00000000f5c00000, 0x00000000f6aa2e78, 0x00000000f6aa3000, 0x00000000f6c61000)
 Metaspace       used 31962K, capacity 32994K, committed 33280K, reserved 1079296K
  class space    used 4063K, capacity 4303K, committed 4352K, reserved 1048576K
}
Event: 8.595 GC heap before
{Heap before GC invocations=114 (full 2):
 def new generation   total 7616K, used 7269K [0x00000000f0a00000, 0x00000000f1240000, 0x00000000f5c00000)
  eden space 6784K, 100% used [0x00000000f0a00000, 0x00000000f10a0000, 0x00000000f10a0000)
  from space 832K,  58% used [0x00000000f1170000, 0x00000000f11e96b8, 0x00000000f1240000)
  to   space 832K,   0% used [0x00000000f10a0000, 0x00000000f10a0000, 0x00000000f1170000)
 tenured generation   total 16772K, used 14987K [0x00000000f5c00000, 0x00000000f6c61000, 0x0000000100000000)
   the space 16772K,  89% used [0x00000000f5c00000, 0x00000000f6aa2e78, 0x00000000f6aa3000, 0x00000000f6c61000)
 Metaspace       used 32137K, capacity 33174K, committed 33280K, reserved 1079296K
  class space    used 4086K, capacity 4339K, committed 4352K, reserved 1048576K
Event: 8.603 GC heap after
Heap after GC invocations=115 (full 2):
 def new generation   total 7616K, used 610K [0x00000000f0a00000, 0x00000000f1240000, 0x00000000f5c00000)
  eden space 6784K,   0% used [0x00000000f0a00000, 0x00000000f0a00000, 0x00000000f10a0000)
  from space 832K,  73% used [0x00000000f10a0000, 0x00000000f11388a8, 0x00000000f1170000)
  to   space 832K,   0% used [0x00000000f1170000, 0x00000000f1170000, 0x00000000f1240000)
 tenured generation   total 16772K, used 15192K [0x00000000f5c00000, 0x00000000f6c61000, 0x0000000100000000)
   the space 16772K,  90% used [0x00000000f5c00000, 0x00000000f6ad63d8, 0x00000000f6ad6400, 0x00000000f6c61000)
 Metaspace       used 32137K, capacity 33174K, committed 33280K, reserved 1079296K
  class space    used 4086K, capacity 4339K, committed 4352K, reserved 1048576K
}
Event: 8.665 GC heap before
{Heap before GC invocations=115 (full 2):
 def new generation   total 7616K, used 7394K [0x00000000f0a00000, 0x00000000f1240000, 0x00000000f5c00000)
  eden space 6784K, 100% used [0x00000000f0a00000, 0x00000000f10a0000, 0x00000000f10a0000)
  from space 832K,  73% used [0x00000000f10a0000, 0x00000000f11388a8, 0x00000000f1170000)
  to   space 832K,   0% used [0x00000000f1170000, 0x00000000f1170000, 0x00000000f1240000)
 tenured generation   total 16772K, used 15192K [0x00000000f5c00000, 0x00000000f6c61000, 0x0000000100000000)
   the space 16772K,  90% used [0x00000000f5c00000, 0x00000000f6ad63d8, 0x00000000f6ad6400, 0x00000000f6c61000)
 Metaspace       used 32175K, capacity 33180K, committed 33280K, reserved 1079296K
  class space    used 4091K, capacity 4340K, committed 4352K, reserved 1048576K
Event: 8.668 GC heap after
Heap after GC invocations=116 (full 2):
 def new generation   total 7616K, used 444K [0x00000000f0a00000, 0x00000000f1240000, 0x00000000f5c00000)
  eden space 6784K,   0% used [0x00000000f0a00000, 0x00000000f0a00000, 0x00000000f10a0000)
  from space 832K,  53% used [0x00000000f1170000, 0x00000000f11df080, 0x00000000f1240000)
  to   space 832K,   0% used [0x00000000f10a0000, 0x00000000f10a0000, 0x00000000f1170000)
 tenured generation   total 16772K, used 15411K [0x00000000f5c00000, 0x00000000f6c61000, 0x0000000100000000)
   the space 16772K,  91% used [0x00000000f5c00000, 0x00000000f6b0cce8, 0x00000000f6b0ce00, 0x00000000f6c61000)
 Metaspace       used 32175K, capacity 33180K, committed 33280K, reserved 1079296K
  class space    used 4091K, capacity 4340K, committed 4352K, reserved 1048576K
}
Event: 8.757 GC heap before
{Heap before GC invocations=116 (full 2):
 def new generation   total 7616K, used 7228K [0x00000000f0a00000, 0x00000000f1240000, 0x00000000f5c00000)
  eden space 6784K, 100% used [0x00000000f0a00000, 0x00000000f10a0000, 0x00000000f10a0000)
  from space 832K,  53% used [0x00000000f1170000, 0x00000000f11df080, 0x00000000f1240000)
  to   space 832K,   0% used [0x00000000f10a0000, 0x00000000f10a0000, 0x00000000f1170000)
 tenured generation   total 16772K, used 15411K [0x00000000f5c00000, 0x00000000f6c61000, 0x0000000100000000)
   the space 16772K,  91% used [0x00000000f5c00000, 0x00000000f6b0cce8, 0x00000000f6b0ce00, 0x00000000f6c61000)
 Metaspace       used 32297K, capacity 33396K, committed 33536K, reserved 1079296K
  class space    used 4102K, capacity 4344K, committed 4352K, reserved 1048576K
Event: 8.760 GC heap after
Heap after GC invocations=117 (full 2):
 def new generation   total 7616K, used 349K [0x00000000f0a00000, 0x00000000f1240000, 0x00000000f5c00000)
  eden space 6784K,   0% used [0x00000000f0a00000, 0x00000000f0a00000, 0x00000000f10a0000)
  from space 832K,  41% used [0x00000000f10a0000, 0x00000000f10f7460, 0x00000000f1170000)
  to   space 832K,   0% used [0x00000000f1170000, 0x00000000f1170000, 0x00000000f1240000)
 tenured generation   total 16772K, used 15681K [0x00000000f5c00000, 0x00000000f6c61000, 0x0000000100000000)
   the space 16772K,  93% used [0x00000000f5c00000, 0x00000000f6b506e8, 0x00000000f6b50800, 0x00000000f6c61000)
 Metaspace       used 32297K, capacity 33396K, committed 33536K, reserved 1079296K
  class space    used 4102K, capacity 4344K, committed 4352K, reserved 1048576K
}
Event: 8.856 GC heap before
{Heap before GC invocations=117 (full 2):
 def new generation   total 7616K, used 7133K [0x00000000f0a00000, 0x00000000f1240000, 0x00000000f5c00000)
  eden space 6784K, 100% used [0x00000000f0a00000, 0x00000000f10a0000, 0x00000000f10a0000)
  from space 832K,  41% used [0x00000000f10a0000, 0x00000000f10f7460, 0x00000000f1170000)
  to   space 832K,   0% used [0x00000000f1170000, 0x00000000f1170000, 0x00000000f1240000)
 tenured generation   total 16772K, used 15681K [0x00000000f5c00000, 0x00000000f6c61000, 0x0000000100000000)
   the space 16772K,  93% used [0x00000000f5c00000, 0x00000000f6b506e8, 0x00000000f6b50800, 0x00000000f6c61000)
 Metaspace       used 32468K, capacity 33516K, committed 33664K, reserved 1079296K
  class space    used 4117K, capacity 4380K, committed 4480K, reserved 1048576K
Event: 8.860 GC heap after
Heap after GC invocations=118 (full 2):
 def new generation   total 7616K, used 605K [0x00000000f0a00000, 0x00000000f1240000, 0x00000000f5c00000)
  eden space 6784K,   0% used [0x00000000f0a00000, 0x00000000f0a00000, 0x00000000f10a0000)
  from space 832K,  72% used [0x00000000f1170000, 0x00000000f1207460, 0x00000000f1240000)
  to   space 832K,   0% used [0x00000000f10a0000, 0x00000000f10a0000, 0x00000000f1170000)
 tenured generation   total 16772K, used 15681K [0x00000000f5c00000, 0x00000000f6c61000, 0x0000000100000000)
   the space 16772K,  93% used [0x00000000f5c00000, 0x00000000f6b506e8, 0x00000000f6b50800, 0x00000000f6c61000)
 Metaspace       used 32468K, capacity 33516K, committed 33664K, reserved 1079296K
  class space    used 4117K, capacity 4380K, committed 4480K, reserved 1048576K
}
Event: 8.952 GC heap before
{Heap before GC invocations=118 (full 2):
 def new generation   total 7616K, used 7389K [0x00000000f0a00000, 0x00000000f1240000, 0x00000000f5c00000)
  eden space 6784K, 100% used [0x00000000f0a00000, 0x00000000f10a0000, 0x00000000f10a0000)
  from space 832K,  72% used [0x00000000f1170000, 0x00000000f1207460, 0x00000000f1240000)
  to   space 832K,   0% used [0x00000000f10a0000, 0x00000000f10a0000, 0x00000000f1170000)
 tenured generation   total 16772K, used 15681K [0x00000000f5c00000, 0x00000000f6c61000, 0x0000000100000000)
   the space 16772K,  93% used [0x00000000f5c00000, 0x00000000f6b506e8, 0x00000000f6b50800, 0x00000000f6c61000)
 Metaspace       used 32589K, capacity 33706K, committed 33920K, reserved 1079296K
  class space    used 4134K, capacity 4389K, committed 4480K, reserved 1048576K
Event: 8.956 GC heap after
Heap after GC invocations=119 (full 2):
 def new generation   total 7616K, used 447K [0x00000000f0a00000, 0x00000000f1240000, 0x00000000f5c00000)
  eden space 6784K,   0% used [0x00000000f0a00000, 0x00000000f0a00000, 0x00000000f10a0000)
  from space 832K,  53% used [0x00000000f10a0000, 0x00000000f110fd58, 0x00000000f1170000)
  to   space 832K,   0% used [0x00000000f1170000, 0x00000000f1170000, 0x00000000f1240000)
 tenured generation   total 16772K, used 15979K [0x00000000f5c00000, 0x00000000f6c61000, 0x0000000100000000)
   the space 16772K,  95% used [0x00000000f5c00000, 0x00000000f6b9acd8, 0x00000000f6b9ae00, 0x00000000f6c61000)
 Metaspace       used 32589K, capacity 33706K, committed 33920K, reserved 1079296K
  class space    used 4134K, capacity 4389K, committed 4480K, reserved 1048576K
}
Event: 9.050 GC heap before
{Heap before GC invocations=119 (full 2):
 def new generation   total 7616K, used 7231K [0x00000000f0a00000, 0x00000000f1240000, 0x00000000f5c00000)
  eden space 6784K, 100% used [0x00000000f0a00000, 0x00000000f10a0000, 0x00000000f10a0000)
  from space 832K,  53% used [0x00000000f10a0000, 0x00000000f110fd58, 0x00000000f1170000)
  to   space 832K,   0% used [0x00000000f1170000, 0x00000000f1170000, 0x00000000f1240000)
 tenured generation   total 16772K, used 15979K [0x00000000f5c00000, 0x00000000f6c61000, 0x0000000100000000)
   the space 16772K,  95% used [0x00000000f5c00000, 0x00000000f6b9acd8, 0x00000000f6b9ae00, 0x00000000f6c61000)
 Metaspace       used 32833K, capacity 33954K, committed 34176K, reserved 1079296K
  class space    used 4165K, capacity 4425K, committed 4480K, reserved 1048576K
Event: 9.053 GC heap after
Heap after GC invocations=120 (full 2):
 def new generation   total 7616K, used 801K [0x00000000f0a00000, 0x00000000f1240000, 0x00000000f5c00000)
  eden space 6784K,   0% used [0x00000000f0a00000, 0x00000000f0a00000, 0x00000000f10a0000)
  from space 832K,  96% used [0x00000000f1170000, 0x00000000f1238528, 0x00000000f1240000)
  to   space 832K,   0% used [0x00000000f10a0000, 0x00000000f10a0000, 0x00000000f1170000)
 tenured generation   total 16772K, used 16195K [0x00000000f5c00000, 0x00000000f6c61000, 0x0000000100000000)
   the space 16772K,  96% used [0x00000000f5c00000, 0x00000000f6bd0e38, 0x00000000f6bd1000, 0x00000000f6c61000)
 Metaspace       used 32833K, capacity 33954K, committed 34176K, reserved 1079296K
  class space    used 4165K, capacity 4425K, committed 4480K, reserved 1048576K
}
Event: 9.116 GC heap before
{Heap before GC invocations=120 (full 2):
 def new generation   total 7616K, used 7585K [0x00000000f0a00000, 0x00000000f1240000, 0x00000000f5c00000)
  eden space 6784K, 100% used [0x00000000f0a00000, 0x00000000f10a0000, 0x00000000f10a0000)
  from space 832K,  96% used [0x00000000f1170000, 0x00000000f1238528, 0x00000000f1240000)
  to   space 832K,   0% used [0x00000000f10a0000, 0x00000000f10a0000, 0x00000000f1170000)
 tenured generation   total 16772K, used 16195K [0x00000000f5c00000, 0x00000000f6c61000, 0x0000000100000000)
   the space 16772K,  96% used [0x00000000f5c00000, 0x00000000f6bd0e38, 0x00000000f6bd1000, 0x00000000f6c61000)
 Metaspace       used 32876K, capacity 34018K, committed 34176K, reserved 1079296K
  class space    used 4169K, capacity 4425K, committed 4480K, reserved 1048576K
Event: 9.175 GC heap after
Heap after GC invocations=121 (full 3):
 def new generation   total 12480K, used 0K [0x00000000f0a00000, 0x00000000f1780000, 0x00000000f5c00000)
  eden space 11136K,   0% used [0x00000000f0a00000, 0x00000000f0a00000, 0x00000000f14e0000)
  from space 1344K,   0% used [0x00000000f14e0000, 0x00000000f14e0000, 0x00000000f1630000)
  to   space 1344K,   0% used [0x00000000f1630000, 0x00000000f1630000, 0x00000000f1780000)
 tenured generation   total 27496K, used 16495K [0x00000000f5c00000, 0x00000000f76da000, 0x0000000100000000)
   the space 27496K,  59% used [0x00000000f5c00000, 0x00000000f6c1bdf8, 0x00000000f6c1be00, 0x00000000f76da000)
 Metaspace       used 32876K, capacity 34018K, committed 34176K, reserved 1079296K
  class space    used 4169K, capacity 4425K, committed 4480K, reserved 1048576K
}
Event: 9.321 GC heap before
{Heap before GC invocations=121 (full 3):
 def new generation   total 12480K, used 11136K [0x00000000f0a00000, 0x00000000f1780000, 0x00000000f5c00000)
  eden space 11136K, 100% used [0x00000000f0a00000, 0x00000000f14e0000, 0x00000000f14e0000)
  from space 1344K,   0% used [0x00000000f14e0000, 0x00000000f14e0000, 0x00000000f1630000)
  to   space 1344K,   0% used [0x00000000f1630000, 0x00000000f1630000, 0x00000000f1780000)
 tenured generation   total 27496K, used 16495K [0x00000000f5c00000, 0x00000000f76da000, 0x0000000100000000)
   the space 27496K,  59% used [0x00000000f5c00000, 0x00000000f6c1bdf8, 0x00000000f6c1be00, 0x00000000f76da000)
 Metaspace       used 33295K, capacity 34448K, committed 34560K, reserved 1079296K
  class space    used 4248K, capacity 4524K, committed 4608K, reserved 1048576K
Event: 9.325 GC heap after
Heap after GC invocations=122 (full 3):
 def new generation   total 12480K, used 804K [0x00000000f0a00000, 0x00000000f1780000, 0x00000000f5c00000)
  eden space 11136K,   0% used [0x00000000f0a00000, 0x00000000f0a00000, 0x00000000f14e0000)
  from space 1344K,  59% used [0x00000000f1630000, 0x00000000f16f9110, 0x00000000f1780000)
  to   space 1344K,   0% used [0x00000000f14e0000, 0x00000000f14e0000, 0x00000000f1630000)
 tenured generation   total 27496K, used 16495K [0x00000000f5c00000, 0x00000000f76da000, 0x0000000100000000)
   the space 27496K,  59% used [0x00000000f5c00000, 0x00000000f6c1bdf8, 0x00000000f6c1be00, 0x00000000f76da000)
 Metaspace       used 33295K, capacity 34448K, committed 34560K, reserved 1079296K
  class space    used 4248K, capacity 4524K, committed 4608K, reserved 1048576K
}
Event: 9.480 GC heap before
{Heap before GC invocations=122 (full 3):
 def new generation   total 12480K, used 11940K [0x00000000f0a00000, 0x00000000f1780000, 0x00000000f5c00000)
  eden space 11136K, 100% used [0x00000000f0a00000, 0x00000000f14e0000, 0x00000000f14e0000)
  from space 1344K,  59% used [0x00000000f1630000, 0x00000000f16f9110, 0x00000000f1780000)
  to   space 1344K,   0% used [0x00000000f14e0000, 0x00000000f14e0000, 0x00000000f1630000)
 tenured generation   total 27496K, used 16495K [0x00000000f5c00000, 0x00000000f76da000, 0x0000000100000000)
   the space 27496K,  59% used [0x00000000f5c00000, 0x00000000f6c1bdf8, 0x00000000f6c1be00, 0x00000000f76da000)
 Metaspace       used 33681K, capacity 34852K, committed 35072K, reserved 1079296K
  class space    used 4309K, capacity 4580K, committed 4608K, reserved 1048576K
Event: 9.484 GC heap after
Heap after GC invocations=123 (full 3):
 def new generation   total 12480K, used 767K [0x00000000f0a00000, 0x00000000f1780000, 0x00000000f5c00000)
  eden space 11136K,   0% used [0x00000000f0a00000, 0x00000000f0a00000, 0x00000000f14e0000)
  from space 1344K,  57% used [0x00000000f14e0000, 0x00000000f159fc88, 0x00000000f1630000)
  to   space 1344K,   0% used [0x00000000f1630000, 0x00000000f1630000, 0x00000000f1780000)
 tenured generation   total 27496K, used 16777K [0x00000000f5c00000, 0x00000000f76da000, 0x0000000100000000)
   the space 27496K,  61% used [0x00000000f5c00000, 0x00000000f6c62560, 0x00000000f6c62600, 0x00000000f76da000)
 Metaspace       used 33681K, capacity 34852K, committed 35072K, reserved 1079296K
  class space    used 4309K, capacity 4580K, committed 4608K, reserved 1048576K
}
Event: 9.651 GC heap before
{Heap before GC invocations=123 (full 3):
 def new generation   total 12480K, used 11903K [0x00000000f0a00000, 0x00000000f1780000, 0x00000000f5c00000)
  eden space 11136K, 100% used [0x00000000f0a00000, 0x00000000f14e0000, 0x00000000f14e0000)
  from space 1344K,  57% used [0x00000000f14e0000, 0x00000000f159fc88, 0x00000000f1630000)
  to   space 1344K,   0% used [0x00000000f1630000, 0x00000000f1630000, 0x00000000f1780000)
 tenured generation   total 27496K, used 16777K [0x00000000f5c00000, 0x00000000f76da000, 0x0000000100000000)
   the space 27496K,  61% used [0x00000000f5c00000, 0x00000000f6c62560, 0x00000000f6c62600, 0x00000000f76da000)
 Metaspace       used 34063K, capacity 35244K, committed 35456K, reserved 1079296K
  class space    used 4359K, capacity 4620K, committed 4736K, reserved 1048576K
Event: 9.654 GC heap after
Heap after GC invocations=124 (full 3):
 def new generation   total 12480K, used 635K [0x00000000f0a00000, 0x00000000f1780000, 0x00000000f5c00000)
  eden space 11136K,   0% used [0x00000000f0a00000, 0x00000000f0a00000, 0x00000000f14e0000)
  from space 1344K,  47% used [0x00000000f1630000, 0x00000000f16cef00, 0x00000000f1780000)
  to   space 1344K,   0% used [0x00000000f14e0000, 0x00000000f14e0000, 0x00000000f1630000)
 tenured generation   total 27496K, used 17192K [0x00000000f5c00000, 0x00000000f76da000, 0x0000000100000000)
   the space 27496K,  62% used [0x00000000f5c00000, 0x00000000f6cca298, 0x00000000f6cca400, 0x00000000f76da000)
 Metaspace       used 34063K, capacity 35244K, committed 35456K, reserved 1079296K
  class space    used 4359K, capacity 4620K, committed 4736K, reserved 1048576K
}
Event: 9.783 GC heap before
{Heap before GC invocations=124 (full 3):
 def new generation   total 12480K, used 11771K [0x00000000f0a00000, 0x00000000f1780000, 0x00000000f5c00000)
  eden space 11136K, 100% used [0x00000000f0a00000, 0x00000000f14e0000, 0x00000000f14e0000)
  from space 1344K,  47% used [0x00000000f1630000, 0x00000000f16cef00, 0x00000000f1780000)
  to   space 1344K,   0% used [0x00000000f14e0000, 0x00000000f14e0000, 0x00000000f1630000)
 tenured generation   total 27496K, used 17192K [0x00000000f5c00000, 0x00000000f76da000, 0x0000000100000000)
   the space 27496K,  62% used [0x00000000f5c00000, 0x00000000f6cca298, 0x00000000f6cca400, 0x00000000f76da000)
 Metaspace       used 34250K, capacity 35512K, committed 35712K, reserved 1081344K
  class space    used 4383K, capacity 4670K, committed 4736K, reserved 1048576K
Event: 9.787 GC heap after
Heap after GC invocations=125 (full 3):
 def new generation   total 12480K, used 834K [0x00000000f0a00000, 0x00000000f1780000, 0x00000000f5c00000)
  eden space 11136K,   0% used [0x00000000f0a00000, 0x00000000f0a00000, 0x00000000f14e0000)
  from space 1344K,  62% used [0x00000000f14e0000, 0x00000000f15b0a88, 0x00000000f1630000)
  to   space 1344K,   0% used [0x00000000f1630000, 0x00000000f1630000, 0x00000000f1780000)
 tenured generation   total 27496K, used 17192K [0x00000000f5c00000, 0x00000000f76da000, 0x0000000100000000)
   the space 27496K,  62% used [0x00000000f5c00000, 0x00000000f6cca298, 0x00000000f6cca400, 0x00000000f76da000)
 Metaspace       used 34250K, capacity 35512K, committed 35712K, reserved 1081344K
  class space    used 4383K, capacity 4670K, committed 4736K, reserved 1048576K
}
Event: 9.897 GC heap before
{Heap before GC invocations=125 (full 3):
 def new generation   total 12480K, used 11970K [0x00000000f0a00000, 0x00000000f1780000, 0x00000000f5c00000)
  eden space 11136K, 100% used [0x00000000f0a00000, 0x00000000f14e0000, 0x00000000f14e0000)
  from space 1344K,  62% used [0x00000000f14e0000, 0x00000000f15b0a88, 0x00000000f1630000)
  to   space 1344K,   0% used [0x00000000f1630000, 0x00000000f1630000, 0x00000000f1780000)
 tenured generation   total 27496K, used 17192K [0x00000000f5c00000, 0x00000000f76da000, 0x0000000100000000)
   the space 27496K,  62% used [0x00000000f5c00000, 0x00000000f6cca298, 0x00000000f6cca400, 0x00000000f76da000)
 Metaspace       used 34376K, capacity 35678K, committed 35712K, reserved 1081344K
  class space    used 4407K, capacity 4703K, committed 4736K, reserved 1048576K
Event: 9.902 GC heap after
Heap after GC invocations=126 (full 3):
 def new generation   total 12480K, used 848K [0x00000000f0a00000, 0x00000000f1780000, 0x00000000f5c00000)
  eden space 11136K,   0% used [0x00000000f0a00000, 0x00000000f0a00000, 0x00000000f14e0000)
  from space 1344K,  63% used [0x00000000f1630000, 0x00000000f1704158, 0x00000000f1780000)
  to   space 1344K,   0% used [0x00000000f14e0000, 0x00000000f14e0000, 0x00000000f1630000)
 tenured generation   total 27496K, used 17507K [0x00000000f5c00000, 0x00000000f76da000, 0x0000000100000000)
   the space 27496K,  63% used [0x00000000f5c00000, 0x00000000f6d18d80, 0x00000000f6d18e00, 0x00000000f76da000)
 Metaspace       used 34376K, capacity 35678K, committed 35712K, reserved 1081344K
  class space    used 4407K, capacity 4703K, committed 4736K, reserved 1048576K
}
Event: 9.993 GC heap before
{Heap before GC invocations=126 (full 3):
 def new generation   total 12480K, used 11984K [0x00000000f0a00000, 0x00000000f1780000, 0x00000000f5c00000)
  eden space 11136K, 100% used [0x00000000f0a00000, 0x00000000f14e0000, 0x00000000f14e0000)
  from space 1344K,  63% used [0x00000000f1630000, 0x00000000f1704158, 0x00000000f1780000)
  to   space 1344K,   0% used [0x00000000f14e0000, 0x00000000f14e0000, 0x00000000f1630000)
 tenured generation   total 27496K, used 17507K [0x00000000f5c00000, 0x00000000f76da000, 0x0000000100000000)
   the space 27496K,  63% used [0x00000000f5c00000, 0x00000000f6d18d80, 0x00000000f6d18e00, 0x00000000f76da000)
 Metaspace       used 34403K, capacity 35678K, committed 35712K, reserved 1081344K
  class space    used 4410K, capacity 4703K, committed 4736K, reserved 1048576K
Event: 9.996 GC heap after
Heap after GC invocations=127 (full 3):
 def new generation   total 12480K, used 547K [0x00000000f0a00000, 0x00000000f1780000, 0x00000000f5c00000)
  eden space 11136K,   0% used [0x00000000f0a00000, 0x00000000f0a00000, 0x00000000f14e0000)
  from space 1344K,  40% used [0x00000000f14e0000, 0x00000000f1568cf0, 0x00000000f1630000)
  to   space 1344K,   0% used [0x00000000f1630000, 0x00000000f1630000, 0x00000000f1780000)
 tenured generation   total 27496K, used 17921K [0x00000000f5c00000, 0x00000000f76da000, 0x0000000100000000)
   the space 27496K,  65% used [0x00000000f5c00000, 0x00000000f6d80718, 0x00000000f6d80800, 0x00000000f76da000)
 Metaspace       used 34403K, capacity 35678K, committed 35712K, reserved 1081344K
  class space    used 4410K, capacity 4703K, committed 4736K, reserved 1048576K
}
Event: 10.143 GC heap before
{Heap before GC invocations=127 (full 3):
 def new generation   total 12480K, used 11683K [0x00000000f0a00000, 0x00000000f1780000, 0x00000000f5c00000)
  eden space 11136K, 100% used [0x00000000f0a00000, 0x00000000f14e0000, 0x00000000f14e0000)
  from space 1344K,  40% used [0x00000000f14e0000, 0x00000000f1568cf0, 0x00000000f1630000)
  to   space 1344K,   0% used [0x00000000f1630000, 0x00000000f1630000, 0x00000000f1780000)
 tenured generation   total 27496K, used 17921K [0x00000000f5c00000, 0x00000000f76da000, 0x0000000100000000)
   the space 27496K,  65% used [0x00000000f5c00000, 0x00000000f6d80718, 0x00000000f6d80800, 0x00000000f76da000)
 Metaspace       used 34884K, capacity 36162K, committed 36352K, reserved 1081344K
  class space    used 4483K, capacity 4737K, committed 4864K, reserved 1048576K
Event: 10.147 GC heap after
Heap after GC invocations=128 (full 3):
 def new generation   total 12480K, used 1217K [0x00000000f0a00000, 0x00000000f1780000, 0x00000000f5c00000)
  eden space 11136K,   0% used [0x00000000f0a00000, 0x00000000f0a00000, 0x00000000f14e0000)
  from space 1344K,  90% used [0x00000000f1630000, 0x00000000f17604e0, 0x00000000f1780000)
  to   space 1344K,   0% used [0x00000000f14e0000, 0x00000000f14e0000, 0x00000000f1630000)
 tenured generation   total 27496K, used 17921K [0x00000000f5c00000, 0x00000000f76da000, 0x0000000100000000)
   the space 27496K,  65% used [0x00000000f5c00000, 0x00000000f6d80718, 0x00000000f6d80800, 0x00000000f76da000)
 Metaspace       used 34884K, capacity 36162K, committed 36352K, reserved 1081344K
  class space    used 4483K, capacity 4737K, committed 4864K, reserved 1048576K
}
Event: 10.278 GC heap before
{Heap before GC invocations=128 (full 3):
 def new generation   total 12480K, used 12353K [0x00000000f0a00000, 0x00000000f1780000, 0x00000000f5c00000)
  eden space 11136K, 100% used [0x00000000f0a00000, 0x00000000f14e0000, 0x00000000f14e0000)
  from space 1344K,  90% used [0x00000000f1630000, 0x00000000f17604e0, 0x00000000f1780000)
  to   space 1344K,   0% used [0x00000000f14e0000, 0x00000000f14e0000, 0x00000000f1630000)
 tenured generation   total 27496K, used 17921K [0x00000000f5c00000, 0x00000000f76da000, 0x0000000100000000)
   the space 27496K,  65% used [0x00000000f5c00000, 0x00000000f6d80718, 0x00000000f6d80800, 0x00000000f76da000)
 Metaspace       used 35103K, capacity 36396K, committed 36608K, reserved 1081344K
  class space    used 4517K, capacity 4770K, committed 4864K, reserved 1048576K
Event: 10.283 GC heap after
Heap after GC invocations=129 (full 3):
 def new generation   total 12480K, used 504K [0x00000000f0a00000, 0x00000000f1780000, 0x00000000f5c00000)
  eden space 11136K,   0% used [0x00000000f0a00000, 0x00000000f0a00000, 0x00000000f14e0000)
  from space 1344K,  37% used [0x00000000f14e0000, 0x00000000f155e0f0, 0x00000000f1630000)
  to   space 1344K,   0% used [0x00000000f1630000, 0x00000000f1630000, 0x00000000f1780000)
 tenured generation   total 27496K, used 18693K [0x00000000f5c00000, 0x00000000f76da000, 0x0000000100000000)
   the space 27496K,  67% used [0x00000000f5c00000, 0x00000000f6e415f8, 0x00000000f6e41600, 0x00000000f76da000)
 Metaspace       used 35103K, capacity 36396K, committed 36608K, reserved 1081344K
  class space    used 4517K, capacity 4770K, committed 4864K, reserved 1048576K
}
Event: 10.421 GC heap before
{Heap before GC invocations=129 (full 3):
 def new generation   total 12480K, used 11640K [0x00000000f0a00000, 0x00000000f1780000, 0x00000000f5c00000)
  eden space 11136K, 100% used [0x00000000f0a00000, 0x00000000f14e0000, 0x00000000f14e0000)
  from space 1344K,  37% used [0x00000000f14e0000, 0x00000000f155e0f0, 0x00000000f1630000)
  to   space 1344K,   0% used [0x00000000f1630000, 0x00000000f1630000, 0x00000000f1780000)
 tenured generation   total 27496K, used 18693K [0x00000000f5c00000, 0x00000000f76da000, 0x0000000100000000)
   the space 27496K,  67% used [0x00000000f5c00000, 0x00000000f6e415f8, 0x00000000f6e41600, 0x00000000f76da000)
 Metaspace       used 35609K, capacity 36980K, committed 37248K, reserved 1081344K
  class space    used 4590K, capacity 4900K, committed 4992K, reserved 1048576K
Event: 10.424 GC heap after
Heap after GC invocations=130 (full 3):
 def new generation   total 12480K, used 1146K [0x00000000f0a00000, 0x00000000f1780000, 0x00000000f5c00000)
  eden space 11136K,   0% used [0x00000000f0a00000, 0x00000000f0a00000, 0x00000000f14e0000)
  from space 1344K,  85% used [0x00000000f1630000, 0x00000000f174ebd8, 0x00000000f1780000)
  to   space 1344K,   0% used [0x00000000f14e0000, 0x00000000f14e0000, 0x00000000f1630000)
 tenured generation   total 27496K, used 18693K [0x00000000f5c00000, 0x00000000f76da000, 0x0000000100000000)
   the space 27496K,  67% used [0x00000000f5c00000, 0x00000000f6e415f8, 0x00000000f6e41600, 0x00000000f76da000)
 Metaspace       used 35609K, capacity 36980K, committed 37248K, reserved 1081344K
  class space    used 4590K, capacity 4900K, committed 4992K, reserved 1048576K
}
Event: 10.561 GC heap before
{Heap before GC invocations=130 (full 3):
 def new generation   total 12480K, used 12282K [0x00000000f0a00000, 0x00000000f1780000, 0x00000000f5c00000)
  eden space 11136K, 100% used [0x00000000f0a00000, 0x00000000f14e0000, 0x00000000f14e0000)
  from space 1344K,  85% used [0x00000000f1630000, 0x00000000f174ebd8, 0x00000000f1780000)
  to   space 1344K,   0% used [0x00000000f14e0000, 0x00000000f14e0000, 0x00000000f1630000)
 tenured generation   total 27496K, used 18693K [0x00000000f5c00000, 0x00000000f76da000, 0x0000000100000000)
   the space 27496K,  67% used [0x00000000f5c00000, 0x00000000f6e415f8, 0x00000000f6e41600, 0x00000000f76da000)
 Metaspace       used 36042K, capacity 37378K, committed 37504K, reserved 1081344K
  class space    used 4668K, capacity 4969K, committed 4992K, reserved 1048576K
Event: 10.565 GC heap after
Heap after GC invocations=131 (full 3):
 def new generation   total 12480K, used 671K [0x00000000f0a00000, 0x00000000f1780000, 0x00000000f5c00000)
  eden space 11136K,   0% used [0x00000000f0a00000, 0x00000000f0a00000, 0x00000000f14e0000)
  from space 1344K,  49% used [0x00000000f14e0000, 0x00000000f1587f78, 0x00000000f1630000)
  to   space 1344K,   0% used [0x00000000f1630000, 0x00000000f1630000, 0x00000000f1780000)
 tenured generation   total 27496K, used 19274K [0x00000000f5c00000, 0x00000000f76da000, 0x0000000100000000)
   the space 27496K,  70% used [0x00000000f5c00000, 0x00000000f6ed2950, 0x00000000f6ed2a00, 0x00000000f76da000)
 Metaspace       used 36042K, capacity 37378K, committed 37504K, reserved 1081344K
  class space    used 4668K, capacity 4969K, committed 4992K, reserved 1048576K
}
Event: 10.640 GC heap before
{Heap before GC invocations=131 (full 3):
 def new generation   total 12480K, used 11807K [0x00000000f0a00000, 0x00000000f1780000, 0x00000000f5c00000)
  eden space 11136K, 100% used [0x00000000f0a00000, 0x00000000f14e0000, 0x00000000f14e0000)
  from space 1344K,  49% used [0x00000000f14e0000, 0x00000000f1587f78, 0x00000000f1630000)
  to   space 1344K,   0% used [0x00000000f1630000, 0x00000000f1630000, 0x00000000f1780000)
 tenured generation   total 27496K, used 19274K [0x00000000f5c00000, 0x00000000f76da000, 0x0000000100000000)
   the space 27496K,  70% used [0x00000000f5c00000, 0x00000000f6ed2950, 0x00000000f6ed2a00, 0x00000000f76da000)
 Metaspace       used 36058K, capacity 37378K, committed 37504K, reserved 1081344K
  class space    used 4670K, capacity 4969K, committed 4992K, reserved 1048576K
Event: 10.643 GC heap after
Heap after GC invocations=132 (full 3):
 def new generation   total 12480K, used 509K [0x00000000f0a00000, 0x00000000f1780000, 0x00000000f5c00000)
  eden space 11136K,   0% used [0x00000000f0a00000, 0x00000000f0a00000, 0x00000000f14e0000)
  from space 1344K,  37% used [0x00000000f1630000, 0x00000000f16af420, 0x00000000f1780000)
  to   space 1344K,   0% used [0x00000000f14e0000, 0x00000000f14e0000, 0x00000000f1630000)
 tenured generation   total 27496K, used 19274K [0x00000000f5c00000, 0x00000000f76da000, 0x0000000100000000)
   the space 27496K,  70% used [0x00000000f5c00000, 0x00000000f6ed2950, 0x00000000f6ed2a00, 0x00000000f76da000)
 Metaspace       used 36058K, capacity 37378K, committed 37504K, reserved 1081344K
  class space    used 4670K, capacity 4969K, committed 4992K, reserved 1048576K
}
Event: 10.723 GC heap before
{Heap before GC invocations=132 (full 3):
 def new generation   total 12480K, used 11645K [0x00000000f0a00000, 0x00000000f1780000, 0x00000000f5c00000)
  eden space 11136K, 100% used [0x00000000f0a00000, 0x00000000f14e0000, 0x00000000f14e0000)
  from space 1344K,  37% used [0x00000000f1630000, 0x00000000f16af420, 0x00000000f1780000)
  to   space 1344K,   0% used [0x00000000f14e0000, 0x00000000f14e0000, 0x00000000f1630000)
 tenured generation   total 27496K, used 19274K [0x00000000f5c00000, 0x00000000f76da000, 0x0000000100000000)
   the space 27496K,  70% used [0x00000000f5c00000, 0x00000000f6ed2950, 0x00000000f6ed2a00, 0x00000000f76da000)
 Metaspace       used 36132K, capacity 37466K, committed 37504K, reserved 1081344K
  class space    used 4687K, capacity 4973K, committed 4992K, reserved 1048576K
Event: 10.726 GC heap after
Heap after GC invocations=133 (full 3):
 def new generation   total 12480K, used 845K [0x00000000f0a00000, 0x00000000f1780000, 0x00000000f5c00000)
  eden space 11136K,   0% used [0x00000000f0a00000, 0x00000000f0a00000, 0x00000000f14e0000)
  from space 1344K,  62% used [0x00000000f14e0000, 0x00000000f15b3670, 0x00000000f1630000)
  to   space 1344K,   0% used [0x00000000f1630000, 0x00000000f1630000, 0x00000000f1780000)
 tenured generation   total 27496K, used 19274K [0x00000000f5c00000, 0x00000000f76da000, 0x0000000100000000)
   the space 27496K,  70% used [0x00000000f5c00000, 0x00000000f6ed2950, 0x00000000f6ed2a00, 0x00000000f76da000)
 Metaspace       used 36132K, capacity 37466K, committed 37504K, reserved 1081344K
  class space    used 4687K, capacity 4973K, committed 4992K, reserved 1048576K
}
Event: 10.878 GC heap before
{Heap before GC invocations=133 (full 3):
 def new generation   total 12480K, used 11981K [0x00000000f0a00000, 0x00000000f1780000, 0x00000000f5c00000)
  eden space 11136K, 100% used [0x00000000f0a00000, 0x00000000f14e0000, 0x00000000f14e0000)
  from space 1344K,  62% used [0x00000000f14e0000, 0x00000000f15b3670, 0x00000000f1630000)
  to   space 1344K,   0% used [0x00000000f1630000, 0x00000000f1630000, 0x00000000f1780000)
 tenured generation   total 27496K, used 19274K [0x00000000f5c00000, 0x00000000f76da000, 0x0000000100000000)
   the space 27496K,  70% used [0x00000000f5c00000, 0x00000000f6ed2950, 0x00000000f6ed2a00, 0x00000000f76da000)
 Metaspace       used 36590K, capacity 37986K, committed 38144K, reserved 1083392K
  class space    used 4762K, capacity 5077K, committed 5120K, reserved 1048576K
Event: 10.882 GC heap after
Heap after GC invocations=134 (full 3):
 def new generation   total 12480K, used 1232K [0x00000000f0a00000, 0x00000000f1780000, 0x00000000f5c00000)
  eden space 11136K,   0% used [0x00000000f0a00000, 0x00000000f0a00000, 0x00000000f14e0000)
  from space 1344K,  91% used [0x00000000f1630000, 0x00000000f17640d0, 0x00000000f1780000)
  to   space 1344K,   0% used [0x00000000f14e0000, 0x00000000f14e0000, 0x00000000f1630000)
 tenured generation   total 27496K, used 19548K [0x00000000f5c00000, 0x00000000f76da000, 0x0000000100000000)
   the space 27496K,  71% used [0x00000000f5c00000, 0x00000000f6f17310, 0x00000000f6f17400, 0x00000000f76da000)
 Metaspace       used 36590K, capacity 37986K, committed 38144K, reserved 1083392K
  class space    used 4762K, capacity 5077K, committed 5120K, reserved 1048576K
}
Event: 11.043 GC heap before
{Heap before GC invocations=134 (full 3):
 def new generation   total 12480K, used 12368K [0x00000000f0a00000, 0x00000000f1780000, 0x00000000f5c00000)
  eden space 11136K, 100% used [0x00000000f0a00000, 0x00000000f14e0000, 0x00000000f14e0000)
  from space 1344K,  91% used [0x00000000f1630000, 0x00000000f17640d0, 0x00000000f1780000)
  to   space 1344K,   0% used [0x00000000f14e0000, 0x00000000f14e0000, 0x00000000f1630000)
 tenured generation   total 27496K, used 19548K [0x00000000f5c00000, 0x00000000f76da000, 0x0000000100000000)
   the space 27496K,  71% used [0x00000000f5c00000, 0x00000000f6f17310, 0x00000000f6f17400, 0x00000000f76da000)
 Metaspace       used 36896K, capacity 38270K, committed 38528K, reserved 1083392K
  class space    used 4815K, capacity 5121K, committed 5248K, reserved 1048576K
Event: 11.047 GC heap after
Heap after GC invocations=135 (full 3):
 def new generation   total 12480K, used 580K [0x00000000f0a00000, 0x00000000f1780000, 0x00000000f5c00000)
  eden space 11136K,   0% used [0x00000000f0a00000, 0x00000000f0a00000, 0x00000000f14e0000)
  from space 1344K,  43% used [0x00000000f14e0000, 0x00000000f15712c8, 0x00000000f1630000)
  to   space 1344K,   0% used [0x00000000f1630000, 0x00000000f1630000, 0x00000000f1780000)
 tenured generation   total 27496K, used 20197K [0x00000000f5c00000, 0x00000000f76da000, 0x0000000100000000)
   the space 27496K,  73% used [0x00000000f5c00000, 0x00000000f6fb96f0, 0x00000000f6fb9800, 0x00000000f76da000)
 Metaspace       used 36896K, capacity 38270K, committed 38528K, reserved 1083392K
  class space    used 4815K, capacity 5121K, committed 5248K, reserved 1048576K
}
Event: 11.201 GC heap before
{Heap before GC invocations=135 (full 3):
 def new generation   total 12480K, used 11716K [0x00000000f0a00000, 0x00000000f1780000, 0x00000000f5c00000)
  eden space 11136K, 100% used [0x00000000f0a00000, 0x00000000f14e0000, 0x00000000f14e0000)
  from space 1344K,  43% used [0x00000000f14e0000, 0x00000000f15712c8, 0x00000000f1630000)
  to   space 1344K,   0% used [0x00000000f1630000, 0x00000000f1630000, 0x00000000f1780000)
 tenured generation   total 27496K, used 20197K [0x00000000f5c00000, 0x00000000f76da000, 0x0000000100000000)
   the space 27496K,  73% used [0x00000000f5c00000, 0x00000000f6fb96f0, 0x00000000f6fb9800, 0x00000000f76da000)
 Metaspace       used 37615K, capacity 39038K, committed 39424K, reserved 1083392K
  class space    used 4939K, capacity 5249K, committed 5376K, reserved 1048576K
Event: 11.205 GC heap after
Heap after GC invocations=136 (full 3):
 def new generation   total 12480K, used 1175K [0x00000000f0a00000, 0x00000000f1780000, 0x00000000f5c00000)
  eden space 11136K,   0% used [0x00000000f0a00000, 0x00000000f0a00000, 0x00000000f14e0000)
  from space 1344K,  87% used [0x00000000f1630000, 0x00000000f1755fd8, 0x00000000f1780000)
  to   space 1344K,   0% used [0x00000000f14e0000, 0x00000000f14e0000, 0x00000000f1630000)
 tenured generation   total 27496K, used 20197K [0x00000000f5c00000, 0x00000000f76da000, 0x0000000100000000)
   the space 27496K,  73% used [0x00000000f5c00000, 0x00000000f6fb96f0, 0x00000000f6fb9800, 0x00000000f76da000)
 Metaspace       used 37615K, capacity 39038K, committed 39424K, reserved 1083392K
  class space    used 4939K, capacity 5249K, committed 5376K, reserved 1048576K
}
Event: 11.379 GC heap before
{Heap before GC invocations=136 (full 3):
 def new generation   total 12480K, used 12311K [0x00000000f0a00000, 0x00000000f1780000, 0x00000000f5c00000)
  eden space 11136K, 100% used [0x00000000f0a00000, 0x00000000f14e0000, 0x00000000f14e0000)
  from space 1344K,  87% used [0x00000000f1630000, 0x00000000f1755fd8, 0x00000000f1780000)
  to   space 1344K,   0% used [0x00000000f14e0000, 0x00000000f14e0000, 0x00000000f1630000)
 tenured generation   total 27496K, used 20197K [0x00000000f5c00000, 0x00000000f76da000, 0x0000000100000000)
   the space 27496K,  73% used [0x00000000f5c00000, 0x00000000f6fb96f0, 0x00000000f6fb9800, 0x00000000f76da000)
 Metaspace       used 38245K, capacity 39620K, committed 39808K, reserved 1083392K
  class space    used 5078K, capacity 5378K, committed 5504K, reserved 1048576K
Event: 11.390 GC heap after
Heap after GC invocations=137 (full 3):
 def new generation   total 12480K, used 688K [0x00000000f0a00000, 0x00000000f1780000, 0x00000000f5c00000)
  eden space 11136K,   0% used [0x00000000f0a00000, 0x00000000f0a00000, 0x00000000f14e0000)
  from space 1344K,  51% used [0x00000000f14e0000, 0x00000000f158c1e0, 0x00000000f1630000)
  to   space 1344K,   0% used [0x00000000f1630000, 0x00000000f1630000, 0x00000000f1780000)
 tenured generation   total 27496K, used 20642K [0x00000000f5c00000, 0x00000000f76da000, 0x0000000100000000)
   the space 27496K,  75% used [0x00000000f5c00000, 0x00000000f7028888, 0x00000000f7028a00, 0x00000000f76da000)
 Metaspace       used 38245K, capacity 39620K, committed 39808K, reserved 1083392K
  class space    used 5078K, capacity 5378K, committed 5504K, reserved 1048576K
}
Event: 12.007 GC heap before
{Heap before GC invocations=137 (full 3):
 def new generation   total 12480K, used 11824K [0x00000000f0a00000, 0x00000000f1780000, 0x00000000f5c00000)
  eden space 11136K, 100% used [0x00000000f0a00000, 0x00000000f14e0000, 0x00000000f14e0000)
  from space 1344K,  51% used [0x00000000f14e0000, 0x00000000f158c1e0, 0x00000000f1630000)
  to   space 1344K,   0% used [0x00000000f1630000, 0x00000000f1630000, 0x00000000f1780000)
 tenured generation   total 27496K, used 20642K [0x00000000f5c00000, 0x00000000f76da000, 0x0000000100000000)
   the space 27496K,  75% used [0x00000000f5c00000, 0x00000000f7028888, 0x00000000f7028a00, 0x00000000f76da000)
 Metaspace       used 39464K, capacity 40942K, committed 41216K, reserved 1085440K
  class space    used 5250K, capacity 5545K, committed 5632K, reserved 1048576K
Event: 12.012 GC heap after
Heap after GC invocations=138 (full 3):
 def new generation   total 12480K, used 1212K [0x00000000f0a00000, 0x00000000f1780000, 0x00000000f5c00000)
  eden space 11136K,   0% used [0x00000000f0a00000, 0x00000000f0a00000, 0x00000000f14e0000)
  from space 1344K,  90% used [0x00000000f1630000, 0x00000000f175f0f8, 0x00000000f1780000)
  to   space 1344K,   0% used [0x00000000f14e0000, 0x00000000f14e0000, 0x00000000f1630000)
 tenured generation   total 27496K, used 20778K [0x00000000f5c00000, 0x00000000f76da000, 0x0000000100000000)
   the space 27496K,  75% used [0x00000000f5c00000, 0x00000000f704a8e8, 0x00000000f704aa00, 0x00000000f76da000)
 Metaspace       used 39464K, capacity 40942K, committed 41216K, reserved 1085440K
  class space    used 5250K, capacity 5545K, committed 5632K, reserved 1048576K
}
Event: 12.193 GC heap before
{Heap before GC invocations=138 (full 3):
 def new generation   total 12480K, used 12348K [0x00000000f0a00000, 0x00000000f1780000, 0x00000000f5c00000)
  eden space 11136K, 100% used [0x00000000f0a00000, 0x00000000f14e0000, 0x00000000f14e0000)
  from space 1344K,  90% used [0x00000000f1630000, 0x00000000f175f0f8, 0x00000000f1780000)
  to   space 1344K,   0% used [0x00000000f14e0000, 0x00000000f14e0000, 0x00000000f1630000)
 tenured generation   total 27496K, used 20778K [0x00000000f5c00000, 0x00000000f76da000, 0x0000000100000000)
   the space 27496K,  75% used [0x00000000f5c00000, 0x00000000f704a8e8, 0x00000000f704aa00, 0x00000000f76da000)
 Metaspace       used 39768K, capacity 41242K, committed 41472K, reserved 1085440K
  class space    used 5284K, capacity 5579K, committed 5632K, reserved 1048576K
Event: 12.197 GC heap after
Heap after GC invocations=139 (full 3):
 def new generation   total 12480K, used 358K [0x00000000f0a00000, 0x00000000f1780000, 0x00000000f5c00000)
  eden space 11136K,   0% used [0x00000000f0a00000, 0x00000000f0a00000, 0x00000000f14e0000)
  from space 1344K,  26% used [0x00000000f14e0000, 0x00000000f15398c8, 0x00000000f1630000)
  to   space 1344K,   0% used [0x00000000f1630000, 0x00000000f1630000, 0x00000000f1780000)
 tenured generation   total 27496K, used 21148K [0x00000000f5c00000, 0x00000000f76da000, 0x0000000100000000)
   the space 27496K,  76% used [0x00000000f5c00000, 0x00000000f70a71c0, 0x00000000f70a7200, 0x00000000f76da000)
 Metaspace       used 39768K, capacity 41242K, committed 41472K, reserved 1085440K
  class space    used 5284K, capacity 5579K, committed 5632K, reserved 1048576K
}
Event: 12.268 GC heap before
{Heap before GC invocations=139 (full 3):
 def new generation   total 12480K, used 11494K [0x00000000f0a00000, 0x00000000f1780000, 0x00000000f5c00000)
  eden space 11136K, 100% used [0x00000000f0a00000, 0x00000000f14e0000, 0x00000000f14e0000)
  from space 1344K,  26% used [0x00000000f14e0000, 0x00000000f15398c8, 0x00000000f1630000)
  to   space 1344K,   0% used [0x00000000f1630000, 0x00000000f1630000, 0x00000000f1780000)
 tenured generation   total 27496K, used 21148K [0x00000000f5c00000, 0x00000000f76da000, 0x0000000100000000)
   the space 27496K,  76% used [0x00000000f5c00000, 0x00000000f70a71c0, 0x00000000f70a7200, 0x00000000f76da000)
 Metaspace       used 39784K, capacity 41306K, committed 41472K, reserved 1085440K
  class space    used 5284K, capacity 5579K, committed 5632K, reserved 1048576K
Event: 12.271 GC heap after
Heap after GC invocations=140 (full 3):
 def new generation   total 12480K, used 714K [0x00000000f0a00000, 0x00000000f1780000, 0x00000000f5c00000)
  eden space 11136K,   0% used [0x00000000f0a00000, 0x00000000f0a00000, 0x00000000f14e0000)
  from space 1344K,  53% used [0x00000000f1630000, 0x00000000f16e2bd8, 0x00000000f1780000)
  to   space 1344K,   0% used [0x00000000f14e0000, 0x00000000f14e0000, 0x00000000f1630000)
 tenured generation   total 27496K, used 21148K [0x00000000f5c00000, 0x00000000f76da000, 0x0000000100000000)
   the space 27496K,  76% used [0x00000000f5c00000, 0x00000000f70a71c0, 0x00000000f70a7200, 0x00000000f76da000)
 Metaspace       used 39784K, capacity 41306K, committed 41472K, reserved 1085440K
  class space    used 5284K, capacity 5579K, committed 5632K, reserved 1048576K
}
Event: 12.299 GC heap before
{Heap before GC invocations=140 (full 3):
 def new generation   total 12480K, used 11850K [0x00000000f0a00000, 0x00000000f1780000, 0x00000000f5c00000)
  eden space 11136K, 100% used [0x00000000f0a00000, 0x00000000f14e0000, 0x00000000f14e0000)
  from space 1344K,  53% used [0x00000000f1630000, 0x00000000f16e2bd8, 0x00000000f1780000)
  to   space 1344K,   0% used [0x00000000f14e0000, 0x00000000f14e0000, 0x00000000f1630000)
 tenured generation   total 27496K, used 21148K [0x00000000f5c00000, 0x00000000f76da000, 0x0000000100000000)
   the space 27496K,  76% used [0x00000000f5c00000, 0x00000000f70a71c0, 0x00000000f70a7200, 0x00000000f76da000)
 Metaspace       used 39784K, capacity 41306K, committed 41472K, reserved 1085440K
  class space    used 5284K, capacity 5579K, committed 5632K, reserved 1048576K
Event: 12.303 GC heap after
Heap after GC invocations=141 (full 3):
 def new generation   total 12480K, used 1249K [0x00000000f0a00000, 0x00000000f1780000, 0x00000000f5c00000)
  eden space 11136K,   0% used [0x00000000f0a00000, 0x00000000f0a00000, 0x00000000f14e0000)
  from space 1344K,  92% used [0x00000000f14e0000, 0x00000000f1618698, 0x00000000f1630000)
  to   space 1344K,   0% used [0x00000000f1630000, 0x00000000f1630000, 0x00000000f1780000)
 tenured generation   total 27496K, used 21268K [0x00000000f5c00000, 0x00000000f76da000, 0x0000000100000000)
   the space 27496K,  77% used [0x00000000f5c00000, 0x00000000f70c5238, 0x00000000f70c5400, 0x00000000f76da000)
 Metaspace       used 39784K, capacity 41306K, committed 41472K, reserved 1085440K
  class space    used 5284K, capacity 5579K, committed 5632K, reserved 1048576K
}
Event: 12.400 GC heap before
{Heap before GC invocations=141 (full 3):
 def new generation   total 12480K, used 12385K [0x00000000f0a00000, 0x00000000f1780000, 0x00000000f5c00000)
  eden space 11136K, 100% used [0x00000000f0a00000, 0x00000000f14e0000, 0x00000000f14e0000)
  from space 1344K,  92% used [0x00000000f14e0000, 0x00000000f1618698, 0x00000000f1630000)
  to   space 1344K,   0% used [0x00000000f1630000, 0x00000000f1630000, 0x00000000f1780000)
 tenured generation   total 27496K, used 21268K [0x00000000f5c00000, 0x00000000f76da000, 0x0000000100000000)
   the space 27496K,  77% used [0x00000000f5c00000, 0x00000000f70c5238, 0x00000000f70c5400, 0x00000000f76da000)
 Metaspace       used 39814K, capacity 41396K, committed 41472K, reserved 1085440K
  class space    used 5292K, capacity 5594K, committed 5632K, reserved 1048576K
Event: 12.405 GC heap after
Heap after GC invocations=142 (full 3):
 def new generation   total 12480K, used 1344K [0x00000000f0a00000, 0x00000000f1780000, 0x00000000f5c00000)
  eden space 11136K,   0% used [0x00000000f0a00000, 0x00000000f0a00000, 0x00000000f14e0000)
  from space 1344K, 100% used [0x00000000f1630000, 0x00000000f1780000, 0x00000000f1780000)
  to   space 1344K,   0% used [0x00000000f14e0000, 0x00000000f14e0000, 0x00000000f1630000)
 tenured generation   total 27496K, used 22499K [0x00000000f5c00000, 0x00000000f76da000, 0x0000000100000000)
   the space 27496K,  81% used [0x00000000f5c00000, 0x00000000f71f8f78, 0x00000000f71f9000, 0x00000000f76da000)
 Metaspace       used 39814K, capacity 41396K, committed 41472K, reserved 1085440K
  class space    used 5292K, capacity 5594K, committed 5632K, reserved 1048576K
}
Event: 12.468 GC heap before
{Heap before GC invocations=142 (full 3):
 def new generation   total 12480K, used 12480K [0x00000000f0a00000, 0x00000000f1780000, 0x00000000f5c00000)
  eden space 11136K, 100% used [0x00000000f0a00000, 0x00000000f14e0000, 0x00000000f14e0000)
  from space 1344K, 100% used [0x00000000f1630000, 0x00000000f1780000, 0x00000000f1780000)
  to   space 1344K,   0% used [0x00000000f14e0000, 0x00000000f14e0000, 0x00000000f1630000)
 tenured generation   total 27496K, used 22499K [0x00000000f5c00000, 0x00000000f76da000, 0x0000000100000000)
   the space 27496K,  81% used [0x00000000f5c00000, 0x00000000f71f8f78, 0x00000000f71f9000, 0x00000000f76da000)
 Metaspace       used 39816K, capacity 41396K, committed 41472K, reserved 1085440K
  class space    used 5292K, capacity 5594K, committed 5632K, reserved 1048576K
Event: 12.471 GC heap after
Heap after GC invocations=143 (full 3):
 def new generation   total 12480K, used 1126K [0x00000000f0a00000, 0x00000000f1780000, 0x00000000f5c00000)
  eden space 11136K,   0% used [0x00000000f0a00000, 0x00000000f0a00000, 0x00000000f14e0000)
  from space 1344K,  83% used [0x00000000f14e0000, 0x00000000f15f9808, 0x00000000f1630000)
  to   space 1344K,   0% used [0x00000000f1630000, 0x00000000f1630000, 0x00000000f1780000)
 tenured generation   total 27496K, used 22908K [0x00000000f5c00000, 0x00000000f76da000, 0x0000000100000000)
   the space 27496K,  83% used [0x00000000f5c00000, 0x00000000f725f0b8, 0x00000000f725f200, 0x00000000f76da000)
 Metaspace       used 39816K, capacity 41396K, committed 41472K, reserved 1085440K
  class space    used 5292K, capacity 5594K, committed 5632K, reserved 1048576K
}
Event: 12.531 GC heap before
{Heap before GC invocations=143 (full 3):
 def new generation   total 12480K, used 12248K [0x00000000f0a00000, 0x00000000f1780000, 0x00000000f5c00000)
  eden space 11136K,  99% used [0x00000000f0a00000, 0x00000000f14dc828, 0x00000000f14e0000)
  from space 1344K,  83% used [0x00000000f14e0000, 0x00000000f15f9808, 0x00000000f1630000)
  to   space 1344K,   0% used [0x00000000f1630000, 0x00000000f1630000, 0x00000000f1780000)
 tenured generation   total 27496K, used 22908K [0x00000000f5c00000, 0x00000000f76da000, 0x0000000100000000)
   the space 27496K,  83% used [0x00000000f5c00000, 0x00000000f725f0b8, 0x00000000f725f200, 0x00000000f76da000)
 Metaspace       used 39816K, capacity 41396K, committed 41472K, reserved 1085440K
  class space    used 5292K, capacity 5594K, committed 5632K, reserved 1048576K
Event: 12.534 GC heap after
Heap after GC invocations=144 (full 3):
 def new generation   total 12480K, used 1344K [0x00000000f0a00000, 0x00000000f1780000, 0x00000000f5c00000)
  eden space 11136K,   0% used [0x00000000f0a00000, 0x00000000f0a00000, 0x00000000f14e0000)
  from space 1344K, 100% used [0x00000000f1630000, 0x00000000f1780000, 0x00000000f1780000)
  to   space 1344K,   0% used [0x00000000f14e0000, 0x00000000f14e0000, 0x00000000f1630000)
 tenured generation   total 27496K, used 23197K [0x00000000f5c00000, 0x00000000f76da000, 0x0000000100000000)
   the space 27496K,  84% used [0x00000000f5c00000, 0x00000000f72a7548, 0x00000000f72a7600, 0x00000000f76da000)
 Metaspace       used 39816K, capacity 41396K, committed 41472K, reserved 1085440K
  class space    used 5292K, capacity 5594K, committed 5632K, reserved 1048576K
}
Event: 12.588 GC heap before
{Heap before GC invocations=144 (full 3):
 def new generation   total 12480K, used 12480K [0x00000000f0a00000, 0x00000000f1780000, 0x00000000f5c00000)
  eden space 11136K, 100% used [0x00000000f0a00000, 0x00000000f14e0000, 0x00000000f14e0000)
  from space 1344K, 100% used [0x00000000f1630000, 0x00000000f1780000, 0x00000000f1780000)
  to   space 1344K,   0% used [0x00000000f14e0000, 0x00000000f14e0000, 0x00000000f1630000)
 tenured generation   total 27496K, used 23197K [0x00000000f5c00000, 0x00000000f76da000, 0x0000000100000000)
   the space 27496K,  84% used [0x00000000f5c00000, 0x00000000f72a7548, 0x00000000f72a7600, 0x00000000f76da000)
 Metaspace       used 39816K, capacity 41396K, committed 41472K, reserved 1085440K
  class space    used 5292K, capacity 5594K, committed 5632K, reserved 1048576K
Event: 12.591 GC heap after
Heap after GC invocations=145 (full 3):
 def new generation   total 12480K, used 1344K [0x00000000f0a00000, 0x00000000f1780000, 0x00000000f5c00000)
  eden space 11136K,   0% used [0x00000000f0a00000, 0x00000000f0a00000, 0x00000000f14e0000)
  from space 1344K, 100% used [0x00000000f14e0000, 0x00000000f1630000, 0x00000000f1630000)
  to   space 1344K,   0% used [0x00000000f1630000, 0x00000000f1630000, 0x00000000f1780000)
 tenured generation   total 27496K, used 23445K [0x00000000f5c00000, 0x00000000f76da000, 0x0000000100000000)
   the space 27496K,  85% used [0x00000000f5c00000, 0x00000000f72e5790, 0x00000000f72e5800, 0x00000000f76da000)
 Metaspace       used 39816K, capacity 41396K, committed 41472K, reserved 1085440K
  class space    used 5292K, capacity 5594K, committed 5632K, reserved 1048576K
}
Event: 12.659 GC heap before
{Heap before GC invocations=145 (full 3):
 def new generation   total 12480K, used 12480K [0x00000000f0a00000, 0x00000000f1780000, 0x00000000f5c00000)
  eden space 11136K, 100% used [0x00000000f0a00000, 0x00000000f14e0000, 0x00000000f14e0000)
  from space 1344K, 100% used [0x00000000f14e0000, 0x00000000f1630000, 0x00000000f1630000)
  to   space 1344K,   0% used [0x00000000f1630000, 0x00000000f1630000, 0x00000000f1780000)
 tenured generation   total 27496K, used 23445K [0x00000000f5c00000, 0x00000000f76da000, 0x0000000100000000)
   the space 27496K,  85% used [0x00000000f5c00000, 0x00000000f72e5790, 0x00000000f72e5800, 0x00000000f76da000)
 Metaspace       used 39816K, capacity 41396K, committed 41472K, reserved 1085440K
  class space    used 5292K, capacity 5594K, committed 5632K, reserved 1048576K
Event: 12.662 GC heap after
Heap after GC invocations=146 (full 3):
 def new generation   total 12480K, used 1343K [0x00000000f0a00000, 0x00000000f1780000, 0x00000000f5c00000)
  eden space 11136K,   0% used [0x00000000f0a00000, 0x00000000f0a00000, 0x00000000f14e0000)
  from space 1344K,  99% used [0x00000000f1630000, 0x00000000f177fff8, 0x00000000f1780000)
  to   space 1344K,   0% used [0x00000000f14e0000, 0x00000000f14e0000, 0x00000000f1630000)
 tenured generation   total 27496K, used 23834K [0x00000000f5c00000, 0x00000000f76da000, 0x0000000100000000)
   the space 27496K,  86% used [0x00000000f5c00000, 0x00000000f7346bf8, 0x00000000f7346c00, 0x00000000f76da000)
 Metaspace       used 39816K, capacity 41396K, committed 41472K, reserved 1085440K
  class space    used 5292K, capacity 5594K, committed 5632K, reserved 1048576K
}
Event: 12.718 GC heap before
{Heap before GC invocations=146 (full 3):
 def new generation   total 12480K, used 12479K [0x00000000f0a00000, 0x00000000f1780000, 0x00000000f5c00000)
  eden space 11136K, 100% used [0x00000000f0a00000, 0x00000000f14e0000, 0x00000000f14e0000)
  from space 1344K,  99% used [0x00000000f1630000, 0x00000000f177fff8, 0x00000000f1780000)
  to   space 1344K,   0% used [0x00000000f14e0000, 0x00000000f14e0000, 0x00000000f1630000)
 tenured generation   total 27496K, used 23834K [0x00000000f5c00000, 0x00000000f76da000, 0x0000000100000000)
   the space 27496K,  86% used [0x00000000f5c00000, 0x00000000f7346bf8, 0x00000000f7346c00, 0x00000000f76da000)
 Metaspace       used 39816K, capacity 41396K, committed 41472K, reserved 1085440K
  class space    used 5292K, capacity 5594K, committed 5632K, reserved 1048576K
Event: 12.721 GC heap after
Heap after GC invocations=147 (full 3):
 def new generation   total 12480K, used 1344K [0x00000000f0a00000, 0x00000000f1780000, 0x00000000f5c00000)
  eden space 11136K,   0% used [0x00000000f0a00000, 0x00000000f0a00000, 0x00000000f14e0000)
  from space 1344K, 100% used [0x00000000f14e0000, 0x00000000f1630000, 0x00000000f1630000)
  to   space 1344K,   0% used [0x00000000f1630000, 0x00000000f1630000, 0x00000000f1780000)
 tenured generation   total 27496K, used 24163K [0x00000000f5c00000, 0x00000000f76da000, 0x0000000100000000)
   the space 27496K,  87% used [0x00000000f5c00000, 0x00000000f7398e58, 0x00000000f7399000, 0x00000000f76da000)
 Metaspace       used 39816K, capacity 41396K, committed 41472K, reserved 1085440K
  class space    used 5292K, capacity 5594K, committed 5632K, reserved 1048576K
}
Event: 12.792 GC heap before
{Heap before GC invocations=147 (full 3):
 def new generation   total 12480K, used 12480K [0x00000000f0a00000, 0x00000000f1780000, 0x00000000f5c00000)
  eden space 11136K, 100% used [0x00000000f0a00000, 0x00000000f14e0000, 0x00000000f14e0000)
  from space 1344K, 100% used [0x00000000f14e0000, 0x00000000f1630000, 0x00000000f1630000)
  to   space 1344K,   0% used [0x00000000f1630000, 0x00000000f1630000, 0x00000000f1780000)
 tenured generation   total 27496K, used 24163K [0x00000000f5c00000, 0x00000000f76da000, 0x0000000100000000)
   the space 27496K,  87% used [0x00000000f5c00000, 0x00000000f7398e58, 0x00000000f7399000, 0x00000000f76da000)
 Metaspace       used 39817K, capacity 41396K, committed 41472K, reserved 1085440K
  class space    used 5292K, capacity 5594K, committed 5632K, reserved 1048576K
Event: 12.796 GC heap after
Heap after GC invocations=148 (full 3):
 def new generation   total 12480K, used 1344K [0x00000000f0a00000, 0x00000000f1780000, 0x00000000f5c00000)
  eden space 11136K,   0% used [0x00000000f0a00000, 0x00000000f0a00000, 0x00000000f14e0000)
  from space 1344K, 100% used [0x00000000f1630000, 0x00000000f1780000, 0x00000000f1780000)
  to   space 1344K,   0% used [0x00000000f14e0000, 0x00000000f14e0000, 0x00000000f1630000)
 tenured generation   total 27496K, used 24473K [0x00000000f5c00000, 0x00000000f76da000, 0x0000000100000000)
   the space 27496K,  89% used [0x00000000f5c00000, 0x00000000f73e6670, 0x00000000f73e6800, 0x00000000f76da000)
 Metaspace       used 39817K, capacity 41396K, committed 41472K, reserved 1085440K
  class space    used 5292K, capacity 5594K, committed 5632K, reserved 1048576K
}
Event: 12.855 GC heap before
{Heap before GC invocations=148 (full 3):
 def new generation   total 12480K, used 12480K [0x00000000f0a00000, 0x00000000f1780000, 0x00000000f5c00000)
  eden space 11136K, 100% used [0x00000000f0a00000, 0x00000000f14e0000, 0x00000000f14e0000)
  from space 1344K, 100% used [0x00000000f1630000, 0x00000000f1780000, 0x00000000f1780000)
  to   space 1344K,   0% used [0x00000000f14e0000, 0x00000000f14e0000, 0x00000000f1630000)
 tenured generation   total 27496K, used 24473K [0x00000000f5c00000, 0x00000000f76da000, 0x0000000100000000)
   the space 27496K,  89% used [0x00000000f5c00000, 0x00000000f73e6670, 0x00000000f73e6800, 0x00000000f76da000)
 Metaspace       used 39817K, capacity 41396K, committed 41472K, reserved 1085440K
  class space    used 5292K, capacity 5594K, committed 5632K, reserved 1048576K
Event: 12.858 GC heap after
Heap after GC invocations=149 (full 3):
 def new generation   total 12480K, used 1344K [0x00000000f0a00000, 0x00000000f1780000, 0x00000000f5c00000)
  eden space 11136K,   0% used [0x00000000f0a00000, 0x00000000f0a00000, 0x00000000f14e0000)
  from space 1344K, 100% used [0x00000000f14e0000, 0x00000000f1630000, 0x00000000f1630000)
  to   space 1344K,   0% used [0x00000000f1630000, 0x00000000f1630000, 0x00000000f1780000)
 tenured generation   total 27496K, used 24773K [0x00000000f5c00000, 0x00000000f76da000, 0x0000000100000000)
   the space 27496K,  90% used [0x00000000f5c00000, 0x00000000f7431408, 0x00000000f7431600, 0x00000000f76da000)
 Metaspace       used 39817K, capacity 41396K, committed 41472K, reserved 1085440K
  class space    used 5292K, capacity 5594K, committed 5632K, reserved 1048576K
}
Event: 12.977 GC heap before
{Heap before GC invocations=149 (full 3):
 def new generation   total 12480K, used 12480K [0x00000000f0a00000, 0x00000000f1780000, 0x00000000f5c00000)
  eden space 11136K, 100% used [0x00000000f0a00000, 0x00000000f14e0000, 0x00000000f14e0000)
  from space 1344K, 100% used [0x00000000f14e0000, 0x00000000f1630000, 0x00000000f1630000)
  to   space 1344K,   0% used [0x00000000f1630000, 0x00000000f1630000, 0x00000000f1780000)
 tenured generation   total 27496K, used 24773K [0x00000000f5c00000, 0x00000000f76da000, 0x0000000100000000)
   the space 27496K,  90% used [0x00000000f5c00000, 0x00000000f7431408, 0x00000000f7431600, 0x00000000f76da000)
 Metaspace       used 39817K, capacity 41396K, committed 41472K, reserved 1085440K
  class space    used 5292K, capacity 5594K, committed 5632K, reserved 1048576K
Event: 12.983 GC heap after
Heap after GC invocations=150 (full 3):
 def new generation   total 12480K, used 1344K [0x00000000f0a00000, 0x00000000f1780000, 0x00000000f5c00000)
  eden space 11136K,   0% used [0x00000000f0a00000, 0x00000000f0a00000, 0x00000000f14e0000)
  from space 1344K, 100% used [0x00000000f1630000, 0x00000000f1780000, 0x00000000f1780000)
  to   space 1344K,   0% used [0x00000000f14e0000, 0x00000000f14e0000, 0x00000000f1630000)
 tenured generation   total 27496K, used 25090K [0x00000000f5c00000, 0x00000000f76da000, 0x0000000100000000)
   the space 27496K,  91% used [0x00000000f5c00000, 0x00000000f7480bd8, 0x00000000f7480c00, 0x00000000f76da000)
 Metaspace       used 39817K, capacity 41396K, committed 41472K, reserved 1085440K
  class space    used 5292K, capacity 5594K, committed 5632K, reserved 1048576K
}
Event: 13.055 GC heap before
{Heap before GC invocations=150 (full 3):
 def new generation   total 12480K, used 12480K [0x00000000f0a00000, 0x00000000f1780000, 0x00000000f5c00000)
  eden space 11136K, 100% used [0x00000000f0a00000, 0x00000000f14e0000, 0x00000000f14e0000)
  from space 1344K, 100% used [0x00000000f1630000, 0x00000000f1780000, 0x00000000f1780000)
  to   space 1344K,   0% used [0x00000000f14e0000, 0x00000000f14e0000, 0x00000000f1630000)
 tenured generation   total 27496K, used 25090K [0x00000000f5c00000, 0x00000000f76da000, 0x0000000100000000)
   the space 27496K,  91% used [0x00000000f5c00000, 0x00000000f7480bd8, 0x00000000f7480c00, 0x00000000f76da000)
 Metaspace       used 39817K, capacity 41396K, committed 41472K, reserved 1085440K
  class space    used 5292K, capacity 5594K, committed 5632K, reserved 1048576K
Event: 13.058 GC heap after
Heap after GC invocations=151 (full 3):
 def new generation   total 12480K, used 1344K [0x00000000f0a00000, 0x00000000f1780000, 0x00000000f5c00000)
  eden space 11136K,   0% used [0x00000000f0a00000, 0x00000000f0a00000, 0x00000000f14e0000)
  from space 1344K, 100% used [0x00000000f14e0000, 0x00000000f1630000, 0x00000000f1630000)
  to   space 1344K,   0% used [0x00000000f1630000, 0x00000000f1630000, 0x00000000f1780000)
 tenured generation   total 27496K, used 25389K [0x00000000f5c00000, 0x00000000f76da000, 0x0000000100000000)
   the space 27496K,  92% used [0x00000000f5c00000, 0x00000000f74cb578, 0x00000000f74cb600, 0x00000000f76da000)
 Metaspace       used 39817K, capacity 41396K, committed 41472K, reserved 1085440K
  class space    used 5292K, capacity 5594K, committed 5632K, reserved 1048576K
}
Event: 13.128 GC heap before
{Heap before GC invocations=151 (full 3):
 def new generation   total 12480K, used 12480K [0x00000000f0a00000, 0x00000000f1780000, 0x00000000f5c00000)
  eden space 11136K, 100% used [0x00000000f0a00000, 0x00000000f14e0000, 0x00000000f14e0000)
  from space 1344K, 100% used [0x00000000f14e0000, 0x00000000f1630000, 0x00000000f1630000)
  to   space 1344K,   0% used [0x00000000f1630000, 0x00000000f1630000, 0x00000000f1780000)
 tenured generation   total 27496K, used 25389K [0x00000000f5c00000, 0x00000000f76da000, 0x0000000100000000)
   the space 27496K,  92% used [0x00000000f5c00000, 0x00000000f74cb578, 0x00000000f74cb600, 0x00000000f76da000)
 Metaspace       used 39817K, capacity 41396K, committed 41472K, reserved 1085440K
  class space    used 5292K, capacity 5594K, committed 5632K, reserved 1048576K
Event: 13.131 GC heap after
Heap after GC invocations=152 (full 3):
 def new generation   total 12480K, used 1344K [0x00000000f0a00000, 0x00000000f1780000, 0x00000000f5c00000)
  eden space 11136K,   0% used [0x00000000f0a00000, 0x00000000f0a00000, 0x00000000f14e0000)
  from space 1344K, 100% used [0x00000000f1630000, 0x00000000f1780000, 0x00000000f1780000)
  to   space 1344K,   0% used [0x00000000f14e0000, 0x00000000f14e0000, 0x00000000f1630000)
 tenured generation   total 27496K, used 25639K [0x00000000f5c00000, 0x00000000f76da000, 0x0000000100000000)
   the space 27496K,  93% used [0x00000000f5c00000, 0x00000000f7509e18, 0x00000000f750a000, 0x00000000f76da000)
 Metaspace       used 39817K, capacity 41396K, committed 41472K, reserved 1085440K
  class space    used 5292K, capacity 5594K, committed 5632K, reserved 1048576K
}
Event: 13.191 GC heap before
{Heap before GC invocations=152 (full 3):
 def new generation   total 12480K, used 12480K [0x00000000f0a00000, 0x00000000f1780000, 0x00000000f5c00000)
  eden space 11136K, 100% used [0x00000000f0a00000, 0x00000000f14e0000, 0x00000000f14e0000)
  from space 1344K, 100% used [0x00000000f1630000, 0x00000000f1780000, 0x00000000f1780000)
  to   space 1344K,   0% used [0x00000000f14e0000, 0x00000000f14e0000, 0x00000000f1630000)
 tenured generation   total 27496K, used 25639K [0x00000000f5c00000, 0x00000000f76da000, 0x0000000100000000)
   the space 27496K,  93% used [0x00000000f5c00000, 0x00000000f7509e18, 0x00000000f750a000, 0x00000000f76da000)
 Metaspace       used 39817K, capacity 41396K, committed 41472K, reserved 1085440K
  class space    used 5292K, capacity 5594K, committed 5632K, reserved 1048576K
Event: 13.194 GC heap after
Heap after GC invocations=153 (full 3):
 def new generation   total 12480K, used 1319K [0x00000000f0a00000, 0x00000000f1780000, 0x00000000f5c00000)
  eden space 11136K,   0% used [0x00000000f0a00000, 0x00000000f0a00000, 0x00000000f14e0000)
  from space 1344K,  98% used [0x00000000f14e0000, 0x00000000f1629ce0, 0x00000000f1630000)
  to   space 1344K,   0% used [0x00000000f1630000, 0x00000000f1630000, 0x00000000f1780000)
 tenured generation   total 27496K, used 25798K [0x00000000f5c00000, 0x00000000f76da000, 0x0000000100000000)
   the space 27496K,  93% used [0x00000000f5c00000, 0x00000000f7531ac0, 0x00000000f7531c00, 0x00000000f76da000)
 Metaspace       used 39817K, capacity 41396K, committed 41472K, reserved 1085440K
  class space    used 5292K, capacity 5594K, committed 5632K, reserved 1048576K
}
Event: 13.291 GC heap before
{Heap before GC invocations=153 (full 3):
 def new generation   total 12480K, used 12455K [0x00000000f0a00000, 0x00000000f1780000, 0x00000000f5c00000)
  eden space 11136K, 100% used [0x00000000f0a00000, 0x00000000f14e0000, 0x00000000f14e0000)
  from space 1344K,  98% used [0x00000000f14e0000, 0x00000000f1629ce0, 0x00000000f1630000)
  to   space 1344K,   0% used [0x00000000f1630000, 0x00000000f1630000, 0x00000000f1780000)
 tenured generation   total 27496K, used 25798K [0x00000000f5c00000, 0x00000000f76da000, 0x0000000100000000)
   the space 27496K,  93% used [0x00000000f5c00000, 0x00000000f7531ac0, 0x00000000f7531c00, 0x00000000f76da000)
 Metaspace       used 39822K, capacity 41396K, committed 41472K, reserved 1085440K
  class space    used 5292K, capacity 5594K, committed 5632K, reserved 1048576K
Event: 13.294 GC heap after
Heap after GC invocations=154 (full 3):
 def new generation   total 12480K, used 1323K [0x00000000f0a00000, 0x00000000f1780000, 0x00000000f5c00000)
  eden space 11136K,   0% used [0x00000000f0a00000, 0x00000000f0a00000, 0x00000000f14e0000)
  from space 1344K,  98% used [0x00000000f1630000, 0x00000000f177afc0, 0x00000000f1780000)
  to   space 1344K,   0% used [0x00000000f14e0000, 0x00000000f14e0000, 0x00000000f1630000)
 tenured generation   total 27496K, used 25948K [0x00000000f5c00000, 0x00000000f76da000, 0x0000000100000000)
   the space 27496K,  94% used [0x00000000f5c00000, 0x00000000f7557270, 0x00000000f7557400, 0x00000000f76da000)
 Metaspace       used 39822K, capacity 41396K, committed 41472K, reserved 1085440K
  class space    used 5292K, capacity 5594K, committed 5632K, reserved 1048576K
}

